<?xml version="1.0" encoding="UTF-8"?>
<testsuite name="Cucumber" time="193.344" tests="43" skipped="0" failures="16" errors="0">
<testcase classname="Login page Validation" name="Validate login with valid credentials" time="4.711">
<system-out><![CDATA[
Given Admin launch the browser..............................................passed
When Admin gives the correct LMS portal URL.................................passed
When Admin is in Home Page..................................................passed
When Admin enter valid credentials and clicks login button..................passed
Then Admin should land on dashboard page....................................passed
]]></system-out>
</testcase>
<testcase classname="Batch Page Validation Feature" name="Validate landing in Batch page" time="1.567">
<failure type="java.lang.AssertionError" message="expected [true] but found [false]">
<![CDATA[java.lang.AssertionError: expected [true] but found [false]
	at org.testng.Assert.fail(Assert.java:110)
	at org.testng.Assert.failNotEquals(Assert.java:1577)
	at org.testng.Assert.assertTrue(Assert.java:56)
	at org.testng.Assert.assertTrue(Assert.java:66)
	at pageObjectModel.Batch_PageObjects.batchUrlValidation(Batch_PageObjects.java:130)
	at stepDefinitions.Batch_StepDefinitions.admin_should_see_the_in_the_url(Batch_StepDefinitions.java:44)
	at âœ½.Admin should see the "Manage Batch" in the URL st(file:///C:/Numpy_Ninja_2024/Team2_Selenium_Apr2024/src/test/resources/features/08batchValidation.feature:11)
]]>
</failure>
<system-out><![CDATA[
Given The Admin logs in the portal st.......................................passed
Given Admin is on dashboard page after Login st.............................passed
When clicks on "Batch" from navigation bar st...............................passed
Then Admin should see the "Manage Batch" in the URL st......................failed
]]></system-out>
</testcase>
<testcase classname="Batch Page Validation Feature" name="Validate header in the Batch Page" time="1.8">
<system-out><![CDATA[
Given The Admin logs in the portal st.......................................passed
Given Admin is on dashboard page after Login st.............................passed
When clicks on "Batch" from navigation bar st...............................passed
Then Admin should see the "Manage Batch" in the header st...................passed
]]></system-out>
</testcase>
<testcase classname="Batch Page Validation Feature" name="Validate pagination in the Batch Page" time="1.372">
<system-out><![CDATA[
Given The Admin logs in the portal st.......................................passed
Given Admin is on dashboard page after Login st.............................passed
When clicks on "Batch" from navigation bar st...............................passed
Then Admin should see the pagination controls under the data table st.......passed
]]></system-out>
</testcase>
<testcase classname="Batch Page Validation Feature" name="Validate data table headers in the Batch Page" time="1.216">
<system-out><![CDATA[
Given The Admin logs in the portal st.......................................passed
Given Admin is on dashboard page after Login st.............................passed
When clicks on "Batch" from navigation bar st...............................passed
Then Admin Should see the data table with headers Batch name, Batch Description,Batch Status, No. of classes, Program Name, Edit, Delete st.passed
]]></system-out>
</testcase>
<testcase classname="Batch Page Validation Feature" name="Validate Delete button in Batch Page" time="1.04">
<system-out><![CDATA[
Given The Admin logs in the portal st.......................................passed
Given Admin is on dashboard page after Login st.............................passed
When clicks on "Batch" from navigation bar st...............................passed
Then Admin should be able to see the "Delete" icon button that is disabled st.passed
]]></system-out>
</testcase>
<testcase classname="Batch Page Validation Feature" name="Validate &quot;+ A New batch&quot; in Batch Page" time="1.28">
<system-out><![CDATA[
Given The Admin logs in the portal st.......................................passed
Given Admin is on dashboard page after Login st.............................passed
When clicks on "Batch" from navigation bar st...............................passed
Then Admin should be able to see the "+ A New batch" button st..............passed
]]></system-out>
</testcase>
<testcase classname="Batch Page Validation Feature" name="Validate data rows" time="1.188">
<system-out><![CDATA[
Given The Admin logs in the portal st.......................................passed
Given Admin is on dashboard page after Login st.............................passed
When clicks on "Batch" from navigation bar st...............................passed
Then Each row in the data table should have a checkbox st...................passed
]]></system-out>
</testcase>
<testcase classname="Batch Page Validation Feature" name="Validate data rows" time="1.131">
<system-out><![CDATA[
Given The Admin logs in the portal st.......................................passed
Given Admin is on dashboard page after Login st.............................passed
When clicks on "Batch" from navigation bar st...............................passed
Then Each row in the data table should have a edit icon that is enabled st..passed
]]></system-out>
</testcase>
<testcase classname="Batch Page Validation Feature" name="Validate data rows" time="1.335">
<system-out><![CDATA[
Given The Admin logs in the portal st.......................................passed
Given Admin is on dashboard page after Login st.............................passed
When clicks on "Batch" from navigation bar st...............................passed
Then Each row in the data table should have a delete icon that is enabled st.passed
]]></system-out>
</testcase>
<testcase classname="Batch Page Validation Feature" name="Validate pop up for adding batch" time="1.43">
<system-out><![CDATA[
Given The Admin logs in the portal st.......................................passed
Given Admin is on dashboard page after Login st.............................passed
When clicks on "Batch" from navigation bar st...............................passed
When Admin clicks "+ A New Batch" button st.................................passed
Then A new pop up with Batch details appears st.............................passed
]]></system-out>
</testcase>
<testcase classname="Add New Batch Feature Validation" name="Check if pop up include the field- Name as text box" time="1.409">
<system-out><![CDATA[
Given The Admin logs in the portal st.......................................passed
Given Admin is on dashboard page after Login st.............................passed
When clicks on "Batch" from navigation bar st...............................passed
When Admin clicks "+ A New Batch" button st.................................passed
Given A new pop up with Batch details appears st............................passed
Then The pop up should include the field- Name as text box st...............passed
]]></system-out>
</testcase>
<testcase classname="Add New Batch Feature Validation" name="Check if pop up include the field- Number of classes as text box" time="1.31">
<system-out><![CDATA[
Given The Admin logs in the portal st.......................................passed
Given Admin is on dashboard page after Login st.............................passed
When clicks on "Batch" from navigation bar st...............................passed
When Admin clicks "+ A New Batch" button st.................................passed
Given A new pop up with Batch details appears st............................passed
Then The pop up should include the field- Number of classes as text box st..passed
]]></system-out>
</testcase>
<testcase classname="Add New Batch Feature Validation" name="Check if pop up include the field- Description as text box" time="1.586">
<system-out><![CDATA[
Given The Admin logs in the portal st.......................................passed
Given Admin is on dashboard page after Login st.............................passed
When clicks on "Batch" from navigation bar st...............................passed
When Admin clicks "+ A New Batch" button st.................................passed
Given A new pop up with Batch details appears st............................passed
Then The pop up should include the field- Description as text box st........passed
]]></system-out>
</testcase>
<testcase classname="Add New Batch Feature Validation" name="Check if pop up include the field- Program Name as drop down" time="1.32">
<system-out><![CDATA[
Given The Admin logs in the portal st.......................................passed
Given Admin is on dashboard page after Login st.............................passed
When clicks on "Batch" from navigation bar st...............................passed
When Admin clicks "+ A New Batch" button st.................................passed
Given A new pop up with Batch details appears st............................passed
Then The pop up should include the field- Program Name as drop down st......passed
]]></system-out>
</testcase>
<testcase classname="Add New Batch Feature Validation" name="Check if pop up include the field- Status as radio button" time="1.38">
<system-out><![CDATA[
Given The Admin logs in the portal st.......................................passed
Given Admin is on dashboard page after Login st.............................passed
When clicks on "Batch" from navigation bar st...............................passed
When Admin clicks "+ A New Batch" button st.................................passed
Given A new pop up with Batch details appears st............................passed
Then The pop up should include the field- Status as radio button st.........passed
]]></system-out>
</testcase>
<testcase classname="Add New Batch Feature Validation" name="Check if description is optional field while creating new batch" time="10.544">
<failure type="java.lang.AssertionError" message="expected [qawarriors7] but found [QAWarriors7]">
<![CDATA[java.lang.AssertionError: expected [qawarriors7] but found [QAWarriors7]
	at org.testng.Assert.fail(Assert.java:110)
	at org.testng.Assert.failNotEquals(Assert.java:1577)
	at org.testng.Assert.assertEqualsImpl(Assert.java:149)
	at org.testng.Assert.assertEquals(Assert.java:131)
	at org.testng.Assert.assertEquals(Assert.java:655)
	at org.testng.Assert.assertEquals(Assert.java:665)
	at pageObjectModel.Batch_PageObjects.isNewBatchAdded(Batch_PageObjects.java:389)
	at stepDefinitions.Batch_StepDefinitions.the_newly_added_batch_should_be_present_in_the_data_table_in_manage_batch_page(Batch_StepDefinitions.java:172)
	at âœ½.The newly added batch should be present in the data table in Manage Batch page st(file:///C:/Numpy_Ninja_2024/Team2_Selenium_Apr2024/src/test/resources/features/09batchAdd.feature:39)
]]>
</failure>
<system-out><![CDATA[
Given The Admin logs in the portal st.......................................passed
Given Admin is on dashboard page after Login st.............................passed
When clicks on "Batch" from navigation bar st...............................passed
When Admin clicks "+ A New Batch" button st.................................passed
Given A new pop up with Batch details appears st............................passed
When Fill in all the fields except description with valid values and click save st.passed
Then The newly added batch should be present in the data table in Manage Batch page st.failed
]]></system-out>
</testcase>
<testcase classname="Add New Batch Feature Validation" name="Check if the batch details are added in data table while creating new batch with valid values" time="16.289">
<system-out><![CDATA[
Given The Admin logs in the portal st.......................................passed
Given Admin is on dashboard page after Login st.............................passed
When clicks on "Batch" from navigation bar st...............................passed
When Admin clicks "+ A New Batch" button st.................................passed
Given A new pop up with Batch details appears st............................passed
When Fill in all the fields with valid values and click save st.............passed
Then The newly added batch should be present in the data table in Manage Batch page st.passed
]]></system-out>
</testcase>
<testcase classname="Add New Batch Feature Validation" name="Check for error messages for invalid values in fields - Example #1.1" time="7.453">
<failure type="org.openqa.selenium.NoSuchElementException" message="Unable to locate element: //small[@id='text-danger']
For documentation on this error, please visit: https://selenium.dev/exceptions/#no_such_element
Build info: version: '4.8.1', revision: '8ebccac989'
System info: os.name: 'Windows 11', os.arch: 'amd64', os.version: '10.0', java.version: '19.0.2'
Driver info: org.openqa.selenium.firefox.FirefoxDriver
Command: [fefb3e1d-81fe-4f47-9265-1a780fe991c6, findElement {using=xpath, value=//small[@id='text-danger']}]
Capabilities {acceptInsecureCerts: true, browserName: firefox, browserVersion: 125.0.2, moz:accessibilityChecks: false, moz:buildID: 20240419144423, moz:debuggerAddress: 127.0.0.1:37644, moz:geckodriverVersion: 0.31.0, moz:headless: false, moz:platformVersion: 10.0, moz:processID: 13132, moz:profile: C:\Users\manas\AppData\Loca..., moz:shutdownTimeout: 60000, moz:webdriverClick: true, moz:windowless: false, pageLoadStrategy: normal, platformName: WINDOWS, proxy: Proxy(), se:cdp: ws://127.0.0.1:37644/devtoo..., se:cdpVersion: 85.0, setWindowRect: true, strictFileInteractability: false, timeouts: {implicit: 0, pageLoad: 300000, script: 30000}, unhandledPromptBehavior: dismiss and notify, userAgent: Mozilla/5.0 (Windows NT 10....}
Session ID: fefb3e1d-81fe-4f47-9265-1a780fe991c6">
<![CDATA[org.openqa.selenium.NoSuchElementException: Unable to locate element: //small[@id='text-danger']
For documentation on this error, please visit: https://selenium.dev/exceptions/#no_such_element
Build info: version: '4.8.1', revision: '8ebccac989'
System info: os.name: 'Windows 11', os.arch: 'amd64', os.version: '10.0', java.version: '19.0.2'
Driver info: org.openqa.selenium.firefox.FirefoxDriver
Command: [fefb3e1d-81fe-4f47-9265-1a780fe991c6, findElement {using=xpath, value=//small[@id='text-danger']}]
Capabilities {acceptInsecureCerts: true, browserName: firefox, browserVersion: 125.0.2, moz:accessibilityChecks: false, moz:buildID: 20240419144423, moz:debuggerAddress: 127.0.0.1:37644, moz:geckodriverVersion: 0.31.0, moz:headless: false, moz:platformVersion: 10.0, moz:processID: 13132, moz:profile: C:\Users\manas\AppData\Loca..., moz:shutdownTimeout: 60000, moz:webdriverClick: true, moz:windowless: false, pageLoadStrategy: normal, platformName: WINDOWS, proxy: Proxy(), se:cdp: ws://127.0.0.1:37644/devtoo..., se:cdpVersion: 85.0, setWindowRect: true, strictFileInteractability: false, timeouts: {implicit: 0, pageLoad: 300000, script: 30000}, unhandledPromptBehavior: dismiss and notify, userAgent: Mozilla/5.0 (Windows NT 10....}
Session ID: fefb3e1d-81fe-4f47-9265-1a780fe991c6
	at java.base/jdk.internal.reflect.DirectConstructorHandleAccessor.newInstance(DirectConstructorHandleAccessor.java:67)
	at java.base/java.lang.reflect.Constructor.newInstanceWithCaller(Constructor.java:500)
	at java.base/java.lang.reflect.Constructor.newInstance(Constructor.java:484)
	at org.openqa.selenium.remote.codec.w3c.W3CHttpResponseCodec.createException(W3CHttpResponseCodec.java:200)
	at org.openqa.selenium.remote.codec.w3c.W3CHttpResponseCodec.decode(W3CHttpResponseCodec.java:133)
	at org.openqa.selenium.remote.codec.w3c.W3CHttpResponseCodec.decode(W3CHttpResponseCodec.java:53)
	at org.openqa.selenium.remote.HttpCommandExecutor.execute(HttpCommandExecutor.java:184)
	at org.openqa.selenium.remote.service.DriverCommandExecutor.invokeExecute(DriverCommandExecutor.java:167)
	at org.openqa.selenium.remote.service.DriverCommandExecutor.execute(DriverCommandExecutor.java:142)
	at org.openqa.selenium.remote.RemoteWebDriver.execute(RemoteWebDriver.java:543)
	at org.openqa.selenium.remote.ElementLocation$ElementFinder$2.findElement(ElementLocation.java:162)
	at org.openqa.selenium.remote.ElementLocation.findElement(ElementLocation.java:60)
	at org.openqa.selenium.remote.RemoteWebDriver.findElement(RemoteWebDriver.java:352)
	at org.openqa.selenium.remote.RemoteWebDriver.findElement(RemoteWebDriver.java:344)
	at pageObjectModel.Batch_PageObjects.errTextField(Batch_PageObjects.java:421)
	at stepDefinitions.Batch_StepDefinitions.admin_gets_a_error_message_alert_near_the_text_field(Batch_StepDefinitions.java:194)
	at âœ½.Admin gets a Error message alert near the text field st(file:///C:/Numpy_Ninja_2024/Team2_Selenium_Apr2024/src/test/resources/features/09batchAdd.feature:50)
]]>
</failure>
<system-out><![CDATA[
Given The Admin logs in the portal st.......................................passed
Given Admin is on dashboard page after Login st.............................passed
When clicks on "Batch" from navigation bar st...............................passed
When Admin clicks "+ A New Batch" button st.................................passed
When Admin enters "23456" for the "Name" st.................................passed
Then Admin gets a Error message alert near the text field st................failed
]]></system-out>
</testcase>
<testcase classname="Add New Batch Feature Validation" name="Check for error messages for invalid values in fields - Example #1.2" time="7.226">
<failure type="org.openqa.selenium.NoSuchElementException" message="Unable to locate element: //small[@id='text-danger']
For documentation on this error, please visit: https://selenium.dev/exceptions/#no_such_element
Build info: version: '4.8.1', revision: '8ebccac989'
System info: os.name: 'Windows 11', os.arch: 'amd64', os.version: '10.0', java.version: '19.0.2'
Driver info: org.openqa.selenium.firefox.FirefoxDriver
Command: [fefb3e1d-81fe-4f47-9265-1a780fe991c6, findElement {using=xpath, value=//small[@id='text-danger']}]
Capabilities {acceptInsecureCerts: true, browserName: firefox, browserVersion: 125.0.2, moz:accessibilityChecks: false, moz:buildID: 20240419144423, moz:debuggerAddress: 127.0.0.1:37644, moz:geckodriverVersion: 0.31.0, moz:headless: false, moz:platformVersion: 10.0, moz:processID: 13132, moz:profile: C:\Users\manas\AppData\Loca..., moz:shutdownTimeout: 60000, moz:webdriverClick: true, moz:windowless: false, pageLoadStrategy: normal, platformName: WINDOWS, proxy: Proxy(), se:cdp: ws://127.0.0.1:37644/devtoo..., se:cdpVersion: 85.0, setWindowRect: true, strictFileInteractability: false, timeouts: {implicit: 0, pageLoad: 300000, script: 30000}, unhandledPromptBehavior: dismiss and notify, userAgent: Mozilla/5.0 (Windows NT 10....}
Session ID: fefb3e1d-81fe-4f47-9265-1a780fe991c6">
<![CDATA[org.openqa.selenium.NoSuchElementException: Unable to locate element: //small[@id='text-danger']
For documentation on this error, please visit: https://selenium.dev/exceptions/#no_such_element
Build info: version: '4.8.1', revision: '8ebccac989'
System info: os.name: 'Windows 11', os.arch: 'amd64', os.version: '10.0', java.version: '19.0.2'
Driver info: org.openqa.selenium.firefox.FirefoxDriver
Command: [fefb3e1d-81fe-4f47-9265-1a780fe991c6, findElement {using=xpath, value=//small[@id='text-danger']}]
Capabilities {acceptInsecureCerts: true, browserName: firefox, browserVersion: 125.0.2, moz:accessibilityChecks: false, moz:buildID: 20240419144423, moz:debuggerAddress: 127.0.0.1:37644, moz:geckodriverVersion: 0.31.0, moz:headless: false, moz:platformVersion: 10.0, moz:processID: 13132, moz:profile: C:\Users\manas\AppData\Loca..., moz:shutdownTimeout: 60000, moz:webdriverClick: true, moz:windowless: false, pageLoadStrategy: normal, platformName: WINDOWS, proxy: Proxy(), se:cdp: ws://127.0.0.1:37644/devtoo..., se:cdpVersion: 85.0, setWindowRect: true, strictFileInteractability: false, timeouts: {implicit: 0, pageLoad: 300000, script: 30000}, unhandledPromptBehavior: dismiss and notify, userAgent: Mozilla/5.0 (Windows NT 10....}
Session ID: fefb3e1d-81fe-4f47-9265-1a780fe991c6
	at java.base/jdk.internal.reflect.DirectConstructorHandleAccessor.newInstance(DirectConstructorHandleAccessor.java:67)
	at java.base/java.lang.reflect.Constructor.newInstanceWithCaller(Constructor.java:500)
	at java.base/java.lang.reflect.Constructor.newInstance(Constructor.java:484)
	at org.openqa.selenium.remote.codec.w3c.W3CHttpResponseCodec.createException(W3CHttpResponseCodec.java:200)
	at org.openqa.selenium.remote.codec.w3c.W3CHttpResponseCodec.decode(W3CHttpResponseCodec.java:133)
	at org.openqa.selenium.remote.codec.w3c.W3CHttpResponseCodec.decode(W3CHttpResponseCodec.java:53)
	at org.openqa.selenium.remote.HttpCommandExecutor.execute(HttpCommandExecutor.java:184)
	at org.openqa.selenium.remote.service.DriverCommandExecutor.invokeExecute(DriverCommandExecutor.java:167)
	at org.openqa.selenium.remote.service.DriverCommandExecutor.execute(DriverCommandExecutor.java:142)
	at org.openqa.selenium.remote.RemoteWebDriver.execute(RemoteWebDriver.java:543)
	at org.openqa.selenium.remote.ElementLocation$ElementFinder$2.findElement(ElementLocation.java:162)
	at org.openqa.selenium.remote.ElementLocation.findElement(ElementLocation.java:60)
	at org.openqa.selenium.remote.RemoteWebDriver.findElement(RemoteWebDriver.java:352)
	at org.openqa.selenium.remote.RemoteWebDriver.findElement(RemoteWebDriver.java:344)
	at pageObjectModel.Batch_PageObjects.errTextField(Batch_PageObjects.java:421)
	at stepDefinitions.Batch_StepDefinitions.admin_gets_a_error_message_alert_near_the_text_field(Batch_StepDefinitions.java:194)
	at âœ½.Admin gets a Error message alert near the text field st(file:///C:/Numpy_Ninja_2024/Team2_Selenium_Apr2024/src/test/resources/features/09batchAdd.feature:50)
]]>
</failure>
<system-out><![CDATA[
Given The Admin logs in the portal st.......................................passed
Given Admin is on dashboard page after Login st.............................passed
When clicks on "Batch" from navigation bar st...............................passed
When Admin clicks "+ A New Batch" button st.................................passed
When Admin enters "**%$#@" for the "Name" st................................passed
Then Admin gets a Error message alert near the text field st................failed
]]></system-out>
</testcase>
<testcase classname="Add New Batch Feature Validation" name="Check for error messages for invalid values in fields - Example #1.3" time="7.244">
<failure type="org.openqa.selenium.NoSuchElementException" message="Unable to locate element: //small[@id='text-danger']
For documentation on this error, please visit: https://selenium.dev/exceptions/#no_such_element
Build info: version: '4.8.1', revision: '8ebccac989'
System info: os.name: 'Windows 11', os.arch: 'amd64', os.version: '10.0', java.version: '19.0.2'
Driver info: org.openqa.selenium.firefox.FirefoxDriver
Command: [fefb3e1d-81fe-4f47-9265-1a780fe991c6, findElement {using=xpath, value=//small[@id='text-danger']}]
Capabilities {acceptInsecureCerts: true, browserName: firefox, browserVersion: 125.0.2, moz:accessibilityChecks: false, moz:buildID: 20240419144423, moz:debuggerAddress: 127.0.0.1:37644, moz:geckodriverVersion: 0.31.0, moz:headless: false, moz:platformVersion: 10.0, moz:processID: 13132, moz:profile: C:\Users\manas\AppData\Loca..., moz:shutdownTimeout: 60000, moz:webdriverClick: true, moz:windowless: false, pageLoadStrategy: normal, platformName: WINDOWS, proxy: Proxy(), se:cdp: ws://127.0.0.1:37644/devtoo..., se:cdpVersion: 85.0, setWindowRect: true, strictFileInteractability: false, timeouts: {implicit: 0, pageLoad: 300000, script: 30000}, unhandledPromptBehavior: dismiss and notify, userAgent: Mozilla/5.0 (Windows NT 10....}
Session ID: fefb3e1d-81fe-4f47-9265-1a780fe991c6">
<![CDATA[org.openqa.selenium.NoSuchElementException: Unable to locate element: //small[@id='text-danger']
For documentation on this error, please visit: https://selenium.dev/exceptions/#no_such_element
Build info: version: '4.8.1', revision: '8ebccac989'
System info: os.name: 'Windows 11', os.arch: 'amd64', os.version: '10.0', java.version: '19.0.2'
Driver info: org.openqa.selenium.firefox.FirefoxDriver
Command: [fefb3e1d-81fe-4f47-9265-1a780fe991c6, findElement {using=xpath, value=//small[@id='text-danger']}]
Capabilities {acceptInsecureCerts: true, browserName: firefox, browserVersion: 125.0.2, moz:accessibilityChecks: false, moz:buildID: 20240419144423, moz:debuggerAddress: 127.0.0.1:37644, moz:geckodriverVersion: 0.31.0, moz:headless: false, moz:platformVersion: 10.0, moz:processID: 13132, moz:profile: C:\Users\manas\AppData\Loca..., moz:shutdownTimeout: 60000, moz:webdriverClick: true, moz:windowless: false, pageLoadStrategy: normal, platformName: WINDOWS, proxy: Proxy(), se:cdp: ws://127.0.0.1:37644/devtoo..., se:cdpVersion: 85.0, setWindowRect: true, strictFileInteractability: false, timeouts: {implicit: 0, pageLoad: 300000, script: 30000}, unhandledPromptBehavior: dismiss and notify, userAgent: Mozilla/5.0 (Windows NT 10....}
Session ID: fefb3e1d-81fe-4f47-9265-1a780fe991c6
	at java.base/jdk.internal.reflect.DirectConstructorHandleAccessor.newInstance(DirectConstructorHandleAccessor.java:67)
	at java.base/java.lang.reflect.Constructor.newInstanceWithCaller(Constructor.java:500)
	at java.base/java.lang.reflect.Constructor.newInstance(Constructor.java:484)
	at org.openqa.selenium.remote.codec.w3c.W3CHttpResponseCodec.createException(W3CHttpResponseCodec.java:200)
	at org.openqa.selenium.remote.codec.w3c.W3CHttpResponseCodec.decode(W3CHttpResponseCodec.java:133)
	at org.openqa.selenium.remote.codec.w3c.W3CHttpResponseCodec.decode(W3CHttpResponseCodec.java:53)
	at org.openqa.selenium.remote.HttpCommandExecutor.execute(HttpCommandExecutor.java:184)
	at org.openqa.selenium.remote.service.DriverCommandExecutor.invokeExecute(DriverCommandExecutor.java:167)
	at org.openqa.selenium.remote.service.DriverCommandExecutor.execute(DriverCommandExecutor.java:142)
	at org.openqa.selenium.remote.RemoteWebDriver.execute(RemoteWebDriver.java:543)
	at org.openqa.selenium.remote.ElementLocation$ElementFinder$2.findElement(ElementLocation.java:162)
	at org.openqa.selenium.remote.ElementLocation.findElement(ElementLocation.java:60)
	at org.openqa.selenium.remote.RemoteWebDriver.findElement(RemoteWebDriver.java:352)
	at org.openqa.selenium.remote.RemoteWebDriver.findElement(RemoteWebDriver.java:344)
	at pageObjectModel.Batch_PageObjects.errTextField(Batch_PageObjects.java:421)
	at stepDefinitions.Batch_StepDefinitions.admin_gets_a_error_message_alert_near_the_text_field(Batch_StepDefinitions.java:194)
	at âœ½.Admin gets a Error message alert near the text field st(file:///C:/Numpy_Ninja_2024/Team2_Selenium_Apr2024/src/test/resources/features/09batchAdd.feature:50)
]]>
</failure>
<system-out><![CDATA[
Given The Admin logs in the portal st.......................................passed
Given Admin is on dashboard page after Login st.............................passed
When clicks on "Batch" from navigation bar st...............................passed
When Admin clicks "+ A New Batch" button st.................................passed
When Admin enters "764*&" for the "Name" st.................................passed
Then Admin gets a Error message alert near the text field st................failed
]]></system-out>
</testcase>
<testcase classname="Add New Batch Feature Validation" name="Check for error messages for invalid values in fields - Example #1.4" time="7.259">
<failure type="org.openqa.selenium.NoSuchElementException" message="Unable to locate element: //small[@id='text-danger']
For documentation on this error, please visit: https://selenium.dev/exceptions/#no_such_element
Build info: version: '4.8.1', revision: '8ebccac989'
System info: os.name: 'Windows 11', os.arch: 'amd64', os.version: '10.0', java.version: '19.0.2'
Driver info: org.openqa.selenium.firefox.FirefoxDriver
Command: [fefb3e1d-81fe-4f47-9265-1a780fe991c6, findElement {using=xpath, value=//small[@id='text-danger']}]
Capabilities {acceptInsecureCerts: true, browserName: firefox, browserVersion: 125.0.2, moz:accessibilityChecks: false, moz:buildID: 20240419144423, moz:debuggerAddress: 127.0.0.1:37644, moz:geckodriverVersion: 0.31.0, moz:headless: false, moz:platformVersion: 10.0, moz:processID: 13132, moz:profile: C:\Users\manas\AppData\Loca..., moz:shutdownTimeout: 60000, moz:webdriverClick: true, moz:windowless: false, pageLoadStrategy: normal, platformName: WINDOWS, proxy: Proxy(), se:cdp: ws://127.0.0.1:37644/devtoo..., se:cdpVersion: 85.0, setWindowRect: true, strictFileInteractability: false, timeouts: {implicit: 0, pageLoad: 300000, script: 30000}, unhandledPromptBehavior: dismiss and notify, userAgent: Mozilla/5.0 (Windows NT 10....}
Session ID: fefb3e1d-81fe-4f47-9265-1a780fe991c6">
<![CDATA[org.openqa.selenium.NoSuchElementException: Unable to locate element: //small[@id='text-danger']
For documentation on this error, please visit: https://selenium.dev/exceptions/#no_such_element
Build info: version: '4.8.1', revision: '8ebccac989'
System info: os.name: 'Windows 11', os.arch: 'amd64', os.version: '10.0', java.version: '19.0.2'
Driver info: org.openqa.selenium.firefox.FirefoxDriver
Command: [fefb3e1d-81fe-4f47-9265-1a780fe991c6, findElement {using=xpath, value=//small[@id='text-danger']}]
Capabilities {acceptInsecureCerts: true, browserName: firefox, browserVersion: 125.0.2, moz:accessibilityChecks: false, moz:buildID: 20240419144423, moz:debuggerAddress: 127.0.0.1:37644, moz:geckodriverVersion: 0.31.0, moz:headless: false, moz:platformVersion: 10.0, moz:processID: 13132, moz:profile: C:\Users\manas\AppData\Loca..., moz:shutdownTimeout: 60000, moz:webdriverClick: true, moz:windowless: false, pageLoadStrategy: normal, platformName: WINDOWS, proxy: Proxy(), se:cdp: ws://127.0.0.1:37644/devtoo..., se:cdpVersion: 85.0, setWindowRect: true, strictFileInteractability: false, timeouts: {implicit: 0, pageLoad: 300000, script: 30000}, unhandledPromptBehavior: dismiss and notify, userAgent: Mozilla/5.0 (Windows NT 10....}
Session ID: fefb3e1d-81fe-4f47-9265-1a780fe991c6
	at java.base/jdk.internal.reflect.DirectConstructorHandleAccessor.newInstance(DirectConstructorHandleAccessor.java:67)
	at java.base/java.lang.reflect.Constructor.newInstanceWithCaller(Constructor.java:500)
	at java.base/java.lang.reflect.Constructor.newInstance(Constructor.java:484)
	at org.openqa.selenium.remote.codec.w3c.W3CHttpResponseCodec.createException(W3CHttpResponseCodec.java:200)
	at org.openqa.selenium.remote.codec.w3c.W3CHttpResponseCodec.decode(W3CHttpResponseCodec.java:133)
	at org.openqa.selenium.remote.codec.w3c.W3CHttpResponseCodec.decode(W3CHttpResponseCodec.java:53)
	at org.openqa.selenium.remote.HttpCommandExecutor.execute(HttpCommandExecutor.java:184)
	at org.openqa.selenium.remote.service.DriverCommandExecutor.invokeExecute(DriverCommandExecutor.java:167)
	at org.openqa.selenium.remote.service.DriverCommandExecutor.execute(DriverCommandExecutor.java:142)
	at org.openqa.selenium.remote.RemoteWebDriver.execute(RemoteWebDriver.java:543)
	at org.openqa.selenium.remote.ElementLocation$ElementFinder$2.findElement(ElementLocation.java:162)
	at org.openqa.selenium.remote.ElementLocation.findElement(ElementLocation.java:60)
	at org.openqa.selenium.remote.RemoteWebDriver.findElement(RemoteWebDriver.java:352)
	at org.openqa.selenium.remote.RemoteWebDriver.findElement(RemoteWebDriver.java:344)
	at pageObjectModel.Batch_PageObjects.errTextField(Batch_PageObjects.java:421)
	at stepDefinitions.Batch_StepDefinitions.admin_gets_a_error_message_alert_near_the_text_field(Batch_StepDefinitions.java:194)
	at âœ½.Admin gets a Error message alert near the text field st(file:///C:/Numpy_Ninja_2024/Team2_Selenium_Apr2024/src/test/resources/features/09batchAdd.feature:50)
]]>
</failure>
<system-out><![CDATA[
Given The Admin logs in the portal st.......................................passed
Given Admin is on dashboard page after Login st.............................passed
When clicks on "Batch" from navigation bar st...............................passed
When Admin clicks "+ A New Batch" button st.................................passed
When Admin enters "564980" for the "Description" st.........................passed
Then Admin gets a Error message alert near the text field st................failed
]]></system-out>
</testcase>
<testcase classname="Add New Batch Feature Validation" name="Check for error messages for invalid values in fields - Example #1.5" time="7.157">
<failure type="org.openqa.selenium.NoSuchElementException" message="Unable to locate element: //small[@id='text-danger']
For documentation on this error, please visit: https://selenium.dev/exceptions/#no_such_element
Build info: version: '4.8.1', revision: '8ebccac989'
System info: os.name: 'Windows 11', os.arch: 'amd64', os.version: '10.0', java.version: '19.0.2'
Driver info: org.openqa.selenium.firefox.FirefoxDriver
Command: [fefb3e1d-81fe-4f47-9265-1a780fe991c6, findElement {using=xpath, value=//small[@id='text-danger']}]
Capabilities {acceptInsecureCerts: true, browserName: firefox, browserVersion: 125.0.2, moz:accessibilityChecks: false, moz:buildID: 20240419144423, moz:debuggerAddress: 127.0.0.1:37644, moz:geckodriverVersion: 0.31.0, moz:headless: false, moz:platformVersion: 10.0, moz:processID: 13132, moz:profile: C:\Users\manas\AppData\Loca..., moz:shutdownTimeout: 60000, moz:webdriverClick: true, moz:windowless: false, pageLoadStrategy: normal, platformName: WINDOWS, proxy: Proxy(), se:cdp: ws://127.0.0.1:37644/devtoo..., se:cdpVersion: 85.0, setWindowRect: true, strictFileInteractability: false, timeouts: {implicit: 0, pageLoad: 300000, script: 30000}, unhandledPromptBehavior: dismiss and notify, userAgent: Mozilla/5.0 (Windows NT 10....}
Session ID: fefb3e1d-81fe-4f47-9265-1a780fe991c6">
<![CDATA[org.openqa.selenium.NoSuchElementException: Unable to locate element: //small[@id='text-danger']
For documentation on this error, please visit: https://selenium.dev/exceptions/#no_such_element
Build info: version: '4.8.1', revision: '8ebccac989'
System info: os.name: 'Windows 11', os.arch: 'amd64', os.version: '10.0', java.version: '19.0.2'
Driver info: org.openqa.selenium.firefox.FirefoxDriver
Command: [fefb3e1d-81fe-4f47-9265-1a780fe991c6, findElement {using=xpath, value=//small[@id='text-danger']}]
Capabilities {acceptInsecureCerts: true, browserName: firefox, browserVersion: 125.0.2, moz:accessibilityChecks: false, moz:buildID: 20240419144423, moz:debuggerAddress: 127.0.0.1:37644, moz:geckodriverVersion: 0.31.0, moz:headless: false, moz:platformVersion: 10.0, moz:processID: 13132, moz:profile: C:\Users\manas\AppData\Loca..., moz:shutdownTimeout: 60000, moz:webdriverClick: true, moz:windowless: false, pageLoadStrategy: normal, platformName: WINDOWS, proxy: Proxy(), se:cdp: ws://127.0.0.1:37644/devtoo..., se:cdpVersion: 85.0, setWindowRect: true, strictFileInteractability: false, timeouts: {implicit: 0, pageLoad: 300000, script: 30000}, unhandledPromptBehavior: dismiss and notify, userAgent: Mozilla/5.0 (Windows NT 10....}
Session ID: fefb3e1d-81fe-4f47-9265-1a780fe991c6
	at java.base/jdk.internal.reflect.DirectConstructorHandleAccessor.newInstance(DirectConstructorHandleAccessor.java:67)
	at java.base/java.lang.reflect.Constructor.newInstanceWithCaller(Constructor.java:500)
	at java.base/java.lang.reflect.Constructor.newInstance(Constructor.java:484)
	at org.openqa.selenium.remote.codec.w3c.W3CHttpResponseCodec.createException(W3CHttpResponseCodec.java:200)
	at org.openqa.selenium.remote.codec.w3c.W3CHttpResponseCodec.decode(W3CHttpResponseCodec.java:133)
	at org.openqa.selenium.remote.codec.w3c.W3CHttpResponseCodec.decode(W3CHttpResponseCodec.java:53)
	at org.openqa.selenium.remote.HttpCommandExecutor.execute(HttpCommandExecutor.java:184)
	at org.openqa.selenium.remote.service.DriverCommandExecutor.invokeExecute(DriverCommandExecutor.java:167)
	at org.openqa.selenium.remote.service.DriverCommandExecutor.execute(DriverCommandExecutor.java:142)
	at org.openqa.selenium.remote.RemoteWebDriver.execute(RemoteWebDriver.java:543)
	at org.openqa.selenium.remote.ElementLocation$ElementFinder$2.findElement(ElementLocation.java:162)
	at org.openqa.selenium.remote.ElementLocation.findElement(ElementLocation.java:60)
	at org.openqa.selenium.remote.RemoteWebDriver.findElement(RemoteWebDriver.java:352)
	at org.openqa.selenium.remote.RemoteWebDriver.findElement(RemoteWebDriver.java:344)
	at pageObjectModel.Batch_PageObjects.errTextField(Batch_PageObjects.java:421)
	at stepDefinitions.Batch_StepDefinitions.admin_gets_a_error_message_alert_near_the_text_field(Batch_StepDefinitions.java:194)
	at âœ½.Admin gets a Error message alert near the text field st(file:///C:/Numpy_Ninja_2024/Team2_Selenium_Apr2024/src/test/resources/features/09batchAdd.feature:50)
]]>
</failure>
<system-out><![CDATA[
Given The Admin logs in the portal st.......................................passed
Given Admin is on dashboard page after Login st.............................passed
When clicks on "Batch" from navigation bar st...............................passed
When Admin clicks "+ A New Batch" button st.................................passed
When Admin enters "*$#@#$#@" for the "Description" st.......................passed
Then Admin gets a Error message alert near the text field st................failed
]]></system-out>
</testcase>
<testcase classname="Add New Batch Feature Validation" name="Check for error messages for invalid values in fields - Example #1.6" time="7.191">
<failure type="org.openqa.selenium.NoSuchElementException" message="Unable to locate element: //small[@id='text-danger']
For documentation on this error, please visit: https://selenium.dev/exceptions/#no_such_element
Build info: version: '4.8.1', revision: '8ebccac989'
System info: os.name: 'Windows 11', os.arch: 'amd64', os.version: '10.0', java.version: '19.0.2'
Driver info: org.openqa.selenium.firefox.FirefoxDriver
Command: [fefb3e1d-81fe-4f47-9265-1a780fe991c6, findElement {using=xpath, value=//small[@id='text-danger']}]
Capabilities {acceptInsecureCerts: true, browserName: firefox, browserVersion: 125.0.2, moz:accessibilityChecks: false, moz:buildID: 20240419144423, moz:debuggerAddress: 127.0.0.1:37644, moz:geckodriverVersion: 0.31.0, moz:headless: false, moz:platformVersion: 10.0, moz:processID: 13132, moz:profile: C:\Users\manas\AppData\Loca..., moz:shutdownTimeout: 60000, moz:webdriverClick: true, moz:windowless: false, pageLoadStrategy: normal, platformName: WINDOWS, proxy: Proxy(), se:cdp: ws://127.0.0.1:37644/devtoo..., se:cdpVersion: 85.0, setWindowRect: true, strictFileInteractability: false, timeouts: {implicit: 0, pageLoad: 300000, script: 30000}, unhandledPromptBehavior: dismiss and notify, userAgent: Mozilla/5.0 (Windows NT 10....}
Session ID: fefb3e1d-81fe-4f47-9265-1a780fe991c6">
<![CDATA[org.openqa.selenium.NoSuchElementException: Unable to locate element: //small[@id='text-danger']
For documentation on this error, please visit: https://selenium.dev/exceptions/#no_such_element
Build info: version: '4.8.1', revision: '8ebccac989'
System info: os.name: 'Windows 11', os.arch: 'amd64', os.version: '10.0', java.version: '19.0.2'
Driver info: org.openqa.selenium.firefox.FirefoxDriver
Command: [fefb3e1d-81fe-4f47-9265-1a780fe991c6, findElement {using=xpath, value=//small[@id='text-danger']}]
Capabilities {acceptInsecureCerts: true, browserName: firefox, browserVersion: 125.0.2, moz:accessibilityChecks: false, moz:buildID: 20240419144423, moz:debuggerAddress: 127.0.0.1:37644, moz:geckodriverVersion: 0.31.0, moz:headless: false, moz:platformVersion: 10.0, moz:processID: 13132, moz:profile: C:\Users\manas\AppData\Loca..., moz:shutdownTimeout: 60000, moz:webdriverClick: true, moz:windowless: false, pageLoadStrategy: normal, platformName: WINDOWS, proxy: Proxy(), se:cdp: ws://127.0.0.1:37644/devtoo..., se:cdpVersion: 85.0, setWindowRect: true, strictFileInteractability: false, timeouts: {implicit: 0, pageLoad: 300000, script: 30000}, unhandledPromptBehavior: dismiss and notify, userAgent: Mozilla/5.0 (Windows NT 10....}
Session ID: fefb3e1d-81fe-4f47-9265-1a780fe991c6
	at java.base/jdk.internal.reflect.DirectConstructorHandleAccessor.newInstance(DirectConstructorHandleAccessor.java:67)
	at java.base/java.lang.reflect.Constructor.newInstanceWithCaller(Constructor.java:500)
	at java.base/java.lang.reflect.Constructor.newInstance(Constructor.java:484)
	at org.openqa.selenium.remote.codec.w3c.W3CHttpResponseCodec.createException(W3CHttpResponseCodec.java:200)
	at org.openqa.selenium.remote.codec.w3c.W3CHttpResponseCodec.decode(W3CHttpResponseCodec.java:133)
	at org.openqa.selenium.remote.codec.w3c.W3CHttpResponseCodec.decode(W3CHttpResponseCodec.java:53)
	at org.openqa.selenium.remote.HttpCommandExecutor.execute(HttpCommandExecutor.java:184)
	at org.openqa.selenium.remote.service.DriverCommandExecutor.invokeExecute(DriverCommandExecutor.java:167)
	at org.openqa.selenium.remote.service.DriverCommandExecutor.execute(DriverCommandExecutor.java:142)
	at org.openqa.selenium.remote.RemoteWebDriver.execute(RemoteWebDriver.java:543)
	at org.openqa.selenium.remote.ElementLocation$ElementFinder$2.findElement(ElementLocation.java:162)
	at org.openqa.selenium.remote.ElementLocation.findElement(ElementLocation.java:60)
	at org.openqa.selenium.remote.RemoteWebDriver.findElement(RemoteWebDriver.java:352)
	at org.openqa.selenium.remote.RemoteWebDriver.findElement(RemoteWebDriver.java:344)
	at pageObjectModel.Batch_PageObjects.errTextField(Batch_PageObjects.java:421)
	at stepDefinitions.Batch_StepDefinitions.admin_gets_a_error_message_alert_near_the_text_field(Batch_StepDefinitions.java:194)
	at âœ½.Admin gets a Error message alert near the text field st(file:///C:/Numpy_Ninja_2024/Team2_Selenium_Apr2024/src/test/resources/features/09batchAdd.feature:50)
]]>
</failure>
<system-out><![CDATA[
Given The Admin logs in the portal st.......................................passed
Given Admin is on dashboard page after Login st.............................passed
When clicks on "Batch" from navigation bar st...............................passed
When Admin clicks "+ A New Batch" button st.................................passed
When Admin enters "67512*$$@" for the "Description" st......................passed
Then Admin gets a Error message alert near the text field st................failed
]]></system-out>
</testcase>
<testcase classname="Add New Batch Feature Validation" name="Check if the batch details are added in data table when name is blank click" time="2.165">
<system-out><![CDATA[
Given The Admin logs in the portal st.......................................passed
Given Admin is on dashboard page after Login st.............................passed
When clicks on "Batch" from navigation bar st...............................passed
When Admin clicks "+ A New Batch" button st.................................passed
Given A new pop up with Batch details appears st............................passed
When Fill in all the fields with valid values but name as blank click save st.passed
Then Admin gets a Error message alert near the name text field st...........passed
]]></system-out>
</testcase>
<testcase classname="Add New Batch Feature Validation" name="Check if the batch details are added in data table when description is blank" time="2.092">
<system-out><![CDATA[
Given The Admin logs in the portal st.......................................passed
Given Admin is on dashboard page after Login st.............................passed
When clicks on "Batch" from navigation bar st...............................passed
When Admin clicks "+ A New Batch" button st.................................passed
Given A new pop up with Batch details appears st............................passed
When Fill in all the fields with valid values but description as blank click save st.passed
Then Admin gets a Error message alert near the description text field st....passed
]]></system-out>
</testcase>
<testcase classname="Add New Batch Feature Validation" name="Check if the batch details are added in data table when program name is blank" time="1.714">
<system-out><![CDATA[
Given The Admin logs in the portal st.......................................passed
Given Admin is on dashboard page after Login st.............................passed
When clicks on "Batch" from navigation bar st...............................passed
When Admin clicks "+ A New Batch" button st.................................passed
Given A new pop up with Batch details appears st............................passed
When Fill in all the fields with valid values but program name as blank click save st.passed
Then Admin gets a Error message alert near the program name text field st...passed
]]></system-out>
</testcase>
<testcase classname="Add New Batch Feature Validation" name="Check if the batch details are added in data table when status is blank" time="2.021">
<system-out><![CDATA[
Given The Admin logs in the portal st.......................................passed
Given Admin is on dashboard page after Login st.............................passed
When clicks on "Batch" from navigation bar st...............................passed
When Admin clicks "+ A New Batch" button st.................................passed
Given A new pop up with Batch details appears st............................passed
When Fill in all the fields with valid values but status as blank click save st.passed
Then Admin gets a Error message alert near the status text field st.........passed
]]></system-out>
</testcase>
<testcase classname="Add New Batch Feature Validation" name="Check if the batch details are added in data table when no of classes is blank" time="3.276">
<system-out><![CDATA[
Given The Admin logs in the portal st.......................................passed
Given Admin is on dashboard page after Login st.............................passed
When clicks on "Batch" from navigation bar st...............................passed
When Admin clicks "+ A New Batch" button st.................................passed
Given A new pop up with Batch details appears st............................passed
When Fill in all the fields with valid values but no of classes as blank click save st.passed
Then Admin gets a Error message alert near the no of classes text field st..passed
]]></system-out>
</testcase>
<testcase classname="Edit Batch features" name="Validate row level edit icon" time="1.236">
<system-out><![CDATA[
Given The Admin logs in the portal st.......................................passed
Given Admin is on dashboard page after Login st.............................passed
When clicks on "Batch" from navigation bar st...............................passed
Given Each row in the data table should have a edit icon that is enabled st.passed
When The Admin clicks the edit icon st......................................passed
Then A new pop up with Batch details appears st.............................passed
]]></system-out>
</testcase>
<testcase classname="Edit Batch features" name="Check if the fields are updated with valid values -Update the Description" time="15.544">
<failure type="org.openqa.selenium.NoSuchElementException" message="Unable to locate element: //tbody/tr[1]/td[text()='level 1']
For documentation on this error, please visit: https://selenium.dev/exceptions/#no_such_element
Build info: version: '4.8.1', revision: '8ebccac989'
System info: os.name: 'Windows 11', os.arch: 'amd64', os.version: '10.0', java.version: '19.0.2'
Driver info: org.openqa.selenium.firefox.FirefoxDriver
Command: [fefb3e1d-81fe-4f47-9265-1a780fe991c6, findElement {using=xpath, value=//tbody/tr[1]/td[text()='level 1']}]
Capabilities {acceptInsecureCerts: true, browserName: firefox, browserVersion: 125.0.2, moz:accessibilityChecks: false, moz:buildID: 20240419144423, moz:debuggerAddress: 127.0.0.1:37644, moz:geckodriverVersion: 0.31.0, moz:headless: false, moz:platformVersion: 10.0, moz:processID: 13132, moz:profile: C:\Users\manas\AppData\Loca..., moz:shutdownTimeout: 60000, moz:webdriverClick: true, moz:windowless: false, pageLoadStrategy: normal, platformName: WINDOWS, proxy: Proxy(), se:cdp: ws://127.0.0.1:37644/devtoo..., se:cdpVersion: 85.0, setWindowRect: true, strictFileInteractability: false, timeouts: {implicit: 0, pageLoad: 300000, script: 30000}, unhandledPromptBehavior: dismiss and notify, userAgent: Mozilla/5.0 (Windows NT 10....}
Session ID: fefb3e1d-81fe-4f47-9265-1a780fe991c6">
<![CDATA[org.openqa.selenium.NoSuchElementException: Unable to locate element: //tbody/tr[1]/td[text()='level 1']
For documentation on this error, please visit: https://selenium.dev/exceptions/#no_such_element
Build info: version: '4.8.1', revision: '8ebccac989'
System info: os.name: 'Windows 11', os.arch: 'amd64', os.version: '10.0', java.version: '19.0.2'
Driver info: org.openqa.selenium.firefox.FirefoxDriver
Command: [fefb3e1d-81fe-4f47-9265-1a780fe991c6, findElement {using=xpath, value=//tbody/tr[1]/td[text()='level 1']}]
Capabilities {acceptInsecureCerts: true, browserName: firefox, browserVersion: 125.0.2, moz:accessibilityChecks: false, moz:buildID: 20240419144423, moz:debuggerAddress: 127.0.0.1:37644, moz:geckodriverVersion: 0.31.0, moz:headless: false, moz:platformVersion: 10.0, moz:processID: 13132, moz:profile: C:\Users\manas\AppData\Loca..., moz:shutdownTimeout: 60000, moz:webdriverClick: true, moz:windowless: false, pageLoadStrategy: normal, platformName: WINDOWS, proxy: Proxy(), se:cdp: ws://127.0.0.1:37644/devtoo..., se:cdpVersion: 85.0, setWindowRect: true, strictFileInteractability: false, timeouts: {implicit: 0, pageLoad: 300000, script: 30000}, unhandledPromptBehavior: dismiss and notify, userAgent: Mozilla/5.0 (Windows NT 10....}
Session ID: fefb3e1d-81fe-4f47-9265-1a780fe991c6
	at java.base/jdk.internal.reflect.DirectConstructorHandleAccessor.newInstance(DirectConstructorHandleAccessor.java:67)
	at java.base/java.lang.reflect.Constructor.newInstanceWithCaller(Constructor.java:500)
	at java.base/java.lang.reflect.Constructor.newInstance(Constructor.java:484)
	at org.openqa.selenium.remote.codec.w3c.W3CHttpResponseCodec.createException(W3CHttpResponseCodec.java:200)
	at org.openqa.selenium.remote.codec.w3c.W3CHttpResponseCodec.decode(W3CHttpResponseCodec.java:133)
	at org.openqa.selenium.remote.codec.w3c.W3CHttpResponseCodec.decode(W3CHttpResponseCodec.java:53)
	at org.openqa.selenium.remote.HttpCommandExecutor.execute(HttpCommandExecutor.java:184)
	at org.openqa.selenium.remote.service.DriverCommandExecutor.invokeExecute(DriverCommandExecutor.java:167)
	at org.openqa.selenium.remote.service.DriverCommandExecutor.execute(DriverCommandExecutor.java:142)
	at org.openqa.selenium.remote.RemoteWebDriver.execute(RemoteWebDriver.java:543)
	at org.openqa.selenium.remote.ElementLocation$ElementFinder$2.findElement(ElementLocation.java:162)
	at org.openqa.selenium.remote.ElementLocation.findElement(ElementLocation.java:60)
	at org.openqa.selenium.remote.RemoteWebDriver.findElement(RemoteWebDriver.java:352)
	at org.openqa.selenium.remote.RemoteWebDriver.findElement(RemoteWebDriver.java:344)
	at pageObjectModel.Batch_PageObjects.updatedDescription(Batch_PageObjects.java:543)
	at stepDefinitions.Batch_StepDefinitions.the_updated_description_should_appear_on_the_data_table(Batch_StepDefinitions.java:299)
	at âœ½.The updated Description -"level 1" should appear on the data table st(file:///C:/Numpy_Ninja_2024/Team2_Selenium_Apr2024/src/test/resources/features/10batchEdit.feature:19)
]]>
</failure>
<system-out><![CDATA[
Given The Admin logs in the portal st.......................................passed
Given Admin is on dashboard page after Login st.............................passed
When clicks on "Batch" from navigation bar st...............................passed
Given Admin clicks the edit icon st.........................................passed
When Update the Description with valid values- "level 1" and click save st..passed
Then The updated Description -"level 1" should appear on the data table st..failed
]]></system-out>
</testcase>
<testcase classname="Edit Batch features" name="Check if the fields are updated with valid values -Update the NoOfClasses" time="1.453">
<system-out><![CDATA[
Given The Admin logs in the portal st.......................................passed
Given Admin is on dashboard page after Login st.............................passed
When clicks on "Batch" from navigation bar st...............................passed
Given Admin clicks the edit icon st.........................................passed
When Update the NoOfClasses with valid values- 609 and click save st........passed
Then The updated NoOfClasses- 609 should appear on the data table st........passed
]]></system-out>
</testcase>
<testcase classname="Edit Batch features" name="Check if the fields are updated -Update the Status" time="1.37">
<failure type="java.lang.AssertionError" message="expected [INACTIVE] but found [ACTIVE]">
<![CDATA[java.lang.AssertionError: expected [INACTIVE] but found [ACTIVE]
	at org.testng.Assert.fail(Assert.java:110)
	at org.testng.Assert.failNotEquals(Assert.java:1577)
	at org.testng.Assert.assertEqualsImpl(Assert.java:149)
	at org.testng.Assert.assertEquals(Assert.java:131)
	at org.testng.Assert.assertEquals(Assert.java:655)
	at org.testng.Assert.assertEquals(Assert.java:665)
	at pageObjectModel.Batch_PageObjects.updatedStatus(Batch_PageObjects.java:607)
	at stepDefinitions.Batch_StepDefinitions.the_updated_status_should_appear_on_the_data_table(Batch_StepDefinitions.java:327)
	at âœ½.The updated Status should appear on the data table st(file:///C:/Numpy_Ninja_2024/Team2_Selenium_Apr2024/src/test/resources/features/10batchEdit.feature:31)
]]>
</failure>
<system-out><![CDATA[
Given The Admin logs in the portal st.......................................passed
Given Admin is on dashboard page after Login st.............................passed
When clicks on "Batch" from navigation bar st...............................passed
Given Admin clicks the edit icon st.........................................passed
When Update the Status and click save st....................................passed
Then The updated Status should appear on the data table st..................failed
]]></system-out>
</testcase>
<testcase classname="Edit Batch features" name="Check if the fields are updated with invalid values -Update the Description" time="7.517">
<system-out><![CDATA[
Given The Admin logs in the portal st.......................................passed
Given Admin is on dashboard page after Login st.............................passed
When clicks on "Batch" from navigation bar st...............................passed
Given Admin clicks the edit icon st.........................................passed
When Update the Description with invalid values - "%$#%" and click save st..passed
Then Admin gets a Error message alert near the text field st................passed
]]></system-out>
</testcase>
<testcase classname="Edit Batch features" name="Check if the fields are updated with invalid values -Update the NoOfClasses" time="2.615">
<system-out><![CDATA[
Given The Admin logs in the portal st.......................................passed
Given Admin is on dashboard page after Login st.............................passed
When clicks on "Batch" from navigation bar st...............................passed
Given Admin clicks the edit icon st.........................................passed
When Update the NoOfClasses with invalid values - "classes" and click save st.passed
Then Admin gets a Error message alert near the no of classes text field st..passed
]]></system-out>
</testcase>
<testcase classname="Edit Batch features" name="Check if you get error message when mandatory fields are erased -NoOfClasses" time="7.698">
<failure type="org.openqa.selenium.NoSuchElementException" message="Unable to locate element: //small[@id='text-danger']
For documentation on this error, please visit: https://selenium.dev/exceptions/#no_such_element
Build info: version: '4.8.1', revision: '8ebccac989'
System info: os.name: 'Windows 11', os.arch: 'amd64', os.version: '10.0', java.version: '19.0.2'
Driver info: org.openqa.selenium.firefox.FirefoxDriver
Command: [fefb3e1d-81fe-4f47-9265-1a780fe991c6, findElement {using=xpath, value=//small[@id='text-danger']}]
Capabilities {acceptInsecureCerts: true, browserName: firefox, browserVersion: 125.0.2, moz:accessibilityChecks: false, moz:buildID: 20240419144423, moz:debuggerAddress: 127.0.0.1:37644, moz:geckodriverVersion: 0.31.0, moz:headless: false, moz:platformVersion: 10.0, moz:processID: 13132, moz:profile: C:\Users\manas\AppData\Loca..., moz:shutdownTimeout: 60000, moz:webdriverClick: true, moz:windowless: false, pageLoadStrategy: normal, platformName: WINDOWS, proxy: Proxy(), se:cdp: ws://127.0.0.1:37644/devtoo..., se:cdpVersion: 85.0, setWindowRect: true, strictFileInteractability: false, timeouts: {implicit: 0, pageLoad: 300000, script: 30000}, unhandledPromptBehavior: dismiss and notify, userAgent: Mozilla/5.0 (Windows NT 10....}
Session ID: fefb3e1d-81fe-4f47-9265-1a780fe991c6">
<![CDATA[org.openqa.selenium.NoSuchElementException: Unable to locate element: //small[@id='text-danger']
For documentation on this error, please visit: https://selenium.dev/exceptions/#no_such_element
Build info: version: '4.8.1', revision: '8ebccac989'
System info: os.name: 'Windows 11', os.arch: 'amd64', os.version: '10.0', java.version: '19.0.2'
Driver info: org.openqa.selenium.firefox.FirefoxDriver
Command: [fefb3e1d-81fe-4f47-9265-1a780fe991c6, findElement {using=xpath, value=//small[@id='text-danger']}]
Capabilities {acceptInsecureCerts: true, browserName: firefox, browserVersion: 125.0.2, moz:accessibilityChecks: false, moz:buildID: 20240419144423, moz:debuggerAddress: 127.0.0.1:37644, moz:geckodriverVersion: 0.31.0, moz:headless: false, moz:platformVersion: 10.0, moz:processID: 13132, moz:profile: C:\Users\manas\AppData\Loca..., moz:shutdownTimeout: 60000, moz:webdriverClick: true, moz:windowless: false, pageLoadStrategy: normal, platformName: WINDOWS, proxy: Proxy(), se:cdp: ws://127.0.0.1:37644/devtoo..., se:cdpVersion: 85.0, setWindowRect: true, strictFileInteractability: false, timeouts: {implicit: 0, pageLoad: 300000, script: 30000}, unhandledPromptBehavior: dismiss and notify, userAgent: Mozilla/5.0 (Windows NT 10....}
Session ID: fefb3e1d-81fe-4f47-9265-1a780fe991c6
	at java.base/jdk.internal.reflect.DirectConstructorHandleAccessor.newInstance(DirectConstructorHandleAccessor.java:67)
	at java.base/java.lang.reflect.Constructor.newInstanceWithCaller(Constructor.java:500)
	at java.base/java.lang.reflect.Constructor.newInstance(Constructor.java:484)
	at org.openqa.selenium.remote.codec.w3c.W3CHttpResponseCodec.createException(W3CHttpResponseCodec.java:200)
	at org.openqa.selenium.remote.codec.w3c.W3CHttpResponseCodec.decode(W3CHttpResponseCodec.java:133)
	at org.openqa.selenium.remote.codec.w3c.W3CHttpResponseCodec.decode(W3CHttpResponseCodec.java:53)
	at org.openqa.selenium.remote.HttpCommandExecutor.execute(HttpCommandExecutor.java:184)
	at org.openqa.selenium.remote.service.DriverCommandExecutor.invokeExecute(DriverCommandExecutor.java:167)
	at org.openqa.selenium.remote.service.DriverCommandExecutor.execute(DriverCommandExecutor.java:142)
	at org.openqa.selenium.remote.RemoteWebDriver.execute(RemoteWebDriver.java:543)
	at org.openqa.selenium.remote.ElementLocation$ElementFinder$2.findElement(ElementLocation.java:162)
	at org.openqa.selenium.remote.ElementLocation.findElement(ElementLocation.java:60)
	at org.openqa.selenium.remote.RemoteWebDriver.findElement(RemoteWebDriver.java:352)
	at org.openqa.selenium.remote.RemoteWebDriver.findElement(RemoteWebDriver.java:344)
	at pageObjectModel.Batch_PageObjects.errNoOfClasses(Batch_PageObjects.java:452)
	at stepDefinitions.Batch_StepDefinitions.admin_gets_a_error_message_alert_near_the_no_of_classes_text_field(Batch_StepDefinitions.java:264)
	at âœ½.Admin gets a Error message alert near the no of classes text field st(file:///C:/Numpy_Ninja_2024/Team2_Selenium_Apr2024/src/test/resources/features/10batchEdit.feature:49)
]]>
</failure>
<system-out><![CDATA[
Given The Admin logs in the portal st.......................................passed
Given Admin is on dashboard page after Login st.............................passed
When clicks on "Batch" from navigation bar st...............................passed
Given Admin clicks the edit icon st.........................................passed
When Erase data from mandatory field - "" NoOfClasses st....................passed
Then Admin gets a Error message alert near the no of classes text field st..failed
]]></system-out>
</testcase>
<testcase classname="Edit Batch features" name="Check if description field is optional in update" time="12.776">
<failure type="org.openqa.selenium.NoSuchElementException" message="Unable to locate element: //tbody/tr[1]/td[text()='level 1']
For documentation on this error, please visit: https://selenium.dev/exceptions/#no_such_element
Build info: version: '4.8.1', revision: '8ebccac989'
System info: os.name: 'Windows 11', os.arch: 'amd64', os.version: '10.0', java.version: '19.0.2'
Driver info: org.openqa.selenium.firefox.FirefoxDriver
Command: [fefb3e1d-81fe-4f47-9265-1a780fe991c6, findElement {using=xpath, value=//tbody/tr[1]/td[text()='level 1']}]
Capabilities {acceptInsecureCerts: true, browserName: firefox, browserVersion: 125.0.2, moz:accessibilityChecks: false, moz:buildID: 20240419144423, moz:debuggerAddress: 127.0.0.1:37644, moz:geckodriverVersion: 0.31.0, moz:headless: false, moz:platformVersion: 10.0, moz:processID: 13132, moz:profile: C:\Users\manas\AppData\Loca..., moz:shutdownTimeout: 60000, moz:webdriverClick: true, moz:windowless: false, pageLoadStrategy: normal, platformName: WINDOWS, proxy: Proxy(), se:cdp: ws://127.0.0.1:37644/devtoo..., se:cdpVersion: 85.0, setWindowRect: true, strictFileInteractability: false, timeouts: {implicit: 0, pageLoad: 300000, script: 30000}, unhandledPromptBehavior: dismiss and notify, userAgent: Mozilla/5.0 (Windows NT 10....}
Session ID: fefb3e1d-81fe-4f47-9265-1a780fe991c6">
<![CDATA[org.openqa.selenium.NoSuchElementException: Unable to locate element: //tbody/tr[1]/td[text()='level 1']
For documentation on this error, please visit: https://selenium.dev/exceptions/#no_such_element
Build info: version: '4.8.1', revision: '8ebccac989'
System info: os.name: 'Windows 11', os.arch: 'amd64', os.version: '10.0', java.version: '19.0.2'
Driver info: org.openqa.selenium.firefox.FirefoxDriver
Command: [fefb3e1d-81fe-4f47-9265-1a780fe991c6, findElement {using=xpath, value=//tbody/tr[1]/td[text()='level 1']}]
Capabilities {acceptInsecureCerts: true, browserName: firefox, browserVersion: 125.0.2, moz:accessibilityChecks: false, moz:buildID: 20240419144423, moz:debuggerAddress: 127.0.0.1:37644, moz:geckodriverVersion: 0.31.0, moz:headless: false, moz:platformVersion: 10.0, moz:processID: 13132, moz:profile: C:\Users\manas\AppData\Loca..., moz:shutdownTimeout: 60000, moz:webdriverClick: true, moz:windowless: false, pageLoadStrategy: normal, platformName: WINDOWS, proxy: Proxy(), se:cdp: ws://127.0.0.1:37644/devtoo..., se:cdpVersion: 85.0, setWindowRect: true, strictFileInteractability: false, timeouts: {implicit: 0, pageLoad: 300000, script: 30000}, unhandledPromptBehavior: dismiss and notify, userAgent: Mozilla/5.0 (Windows NT 10....}
Session ID: fefb3e1d-81fe-4f47-9265-1a780fe991c6
	at java.base/jdk.internal.reflect.DirectConstructorHandleAccessor.newInstance(DirectConstructorHandleAccessor.java:67)
	at java.base/java.lang.reflect.Constructor.newInstanceWithCaller(Constructor.java:500)
	at java.base/java.lang.reflect.Constructor.newInstance(Constructor.java:484)
	at org.openqa.selenium.remote.codec.w3c.W3CHttpResponseCodec.createException(W3CHttpResponseCodec.java:200)
	at org.openqa.selenium.remote.codec.w3c.W3CHttpResponseCodec.decode(W3CHttpResponseCodec.java:133)
	at org.openqa.selenium.remote.codec.w3c.W3CHttpResponseCodec.decode(W3CHttpResponseCodec.java:53)
	at org.openqa.selenium.remote.HttpCommandExecutor.execute(HttpCommandExecutor.java:184)
	at org.openqa.selenium.remote.service.DriverCommandExecutor.invokeExecute(DriverCommandExecutor.java:167)
	at org.openqa.selenium.remote.service.DriverCommandExecutor.execute(DriverCommandExecutor.java:142)
	at org.openqa.selenium.remote.RemoteWebDriver.execute(RemoteWebDriver.java:543)
	at org.openqa.selenium.remote.ElementLocation$ElementFinder$2.findElement(ElementLocation.java:162)
	at org.openqa.selenium.remote.ElementLocation.findElement(ElementLocation.java:60)
	at org.openqa.selenium.remote.RemoteWebDriver.findElement(RemoteWebDriver.java:352)
	at org.openqa.selenium.remote.RemoteWebDriver.findElement(RemoteWebDriver.java:344)
	at pageObjectModel.Batch_PageObjects.updatedDescription1(Batch_PageObjects.java:613)
	at stepDefinitions.Batch_StepDefinitions.the_updated_batch_details_should_appear_on_the_data_table(Batch_StepDefinitions.java:369)
	at âœ½.The updated batch details should appear on the data table st(file:///C:/Numpy_Ninja_2024/Team2_Selenium_Apr2024/src/test/resources/features/10batchEdit.feature:55)
]]>
</failure>
<system-out><![CDATA[
Given The Admin logs in the portal st.......................................passed
Given Admin is on dashboard page after Login st.............................passed
When clicks on "Batch" from navigation bar st...............................passed
Given Admin clicks the edit icon st.........................................passed
When Erase data from description field st...................................passed
Then The updated batch details should appear on the data table st...........failed
]]></system-out>
</testcase>
<testcase classname="Delete Batch/Batches features" name="Validate row level delete icon" time="1.229">
<system-out><![CDATA[
Given The Admin logs in the portal st.......................................passed
Given Admin is on dashboard page after Login st.............................passed
When clicks on "Batch" from navigation bar st...............................passed
Given The delete icon on row level in data table is enabled st..............passed
When Admin clicks the delete icon st........................................passed
Then Alert appears with yes and No option st................................passed
]]></system-out>
</testcase>
<testcase classname="Delete Batch/Batches features" name="Validate accept alert" time="6.505">
<failure type="java.lang.AssertionError" message="expected [true] but found [false]">
<![CDATA[java.lang.AssertionError: expected [true] but found [false]
	at org.testng.Assert.fail(Assert.java:110)
	at org.testng.Assert.failNotEquals(Assert.java:1577)
	at org.testng.Assert.assertTrue(Assert.java:56)
	at org.testng.Assert.assertTrue(Assert.java:66)
	at pageObjectModel.Batch_PageObjects.isBatchAbsent(Batch_PageObjects.java:693)
	at stepDefinitions.Batch_StepDefinitions.batch_deleted_alert_pops_and_batch_is_no_more_available_in_data_table(Batch_StepDefinitions.java:417)
	at âœ½.Batch deleted alert pops and batch is no more available in data table st(file:///C:/Numpy_Ninja_2024/Team2_Selenium_Apr2024/src/test/resources/features/11batchDelete.feature:19)
]]>
</failure>
<system-out><![CDATA[
Given The Admin logs in the portal st.......................................passed
Given Admin is on dashboard page after Login st.............................passed
When clicks on "Batch" from navigation bar st...............................passed
Given Admin clicks the delete icon on the row st............................passed
When Admin click yes option st..............................................passed
Then Batch deleted alert pops and batch is no more available in data table st.failed
]]></system-out>
</testcase>
<testcase classname="Delete Batch/Batches features" name="Validate reject alert" time="6.58">
<failure type="org.openqa.selenium.NoSuchElementException" message="Unable to locate element: //td[text()='qawarriors']
For documentation on this error, please visit: https://selenium.dev/exceptions/#no_such_element
Build info: version: '4.8.1', revision: '8ebccac989'
System info: os.name: 'Windows 11', os.arch: 'amd64', os.version: '10.0', java.version: '19.0.2'
Driver info: org.openqa.selenium.firefox.FirefoxDriver
Command: [fefb3e1d-81fe-4f47-9265-1a780fe991c6, findElement {using=xpath, value=//td[text()='qawarriors']}]
Capabilities {acceptInsecureCerts: true, browserName: firefox, browserVersion: 125.0.2, moz:accessibilityChecks: false, moz:buildID: 20240419144423, moz:debuggerAddress: 127.0.0.1:37644, moz:geckodriverVersion: 0.31.0, moz:headless: false, moz:platformVersion: 10.0, moz:processID: 13132, moz:profile: C:\Users\manas\AppData\Loca..., moz:shutdownTimeout: 60000, moz:webdriverClick: true, moz:windowless: false, pageLoadStrategy: normal, platformName: WINDOWS, proxy: Proxy(), se:cdp: ws://127.0.0.1:37644/devtoo..., se:cdpVersion: 85.0, setWindowRect: true, strictFileInteractability: false, timeouts: {implicit: 0, pageLoad: 300000, script: 30000}, unhandledPromptBehavior: dismiss and notify, userAgent: Mozilla/5.0 (Windows NT 10....}
Session ID: fefb3e1d-81fe-4f47-9265-1a780fe991c6">
<![CDATA[org.openqa.selenium.NoSuchElementException: Unable to locate element: //td[text()='qawarriors']
For documentation on this error, please visit: https://selenium.dev/exceptions/#no_such_element
Build info: version: '4.8.1', revision: '8ebccac989'
System info: os.name: 'Windows 11', os.arch: 'amd64', os.version: '10.0', java.version: '19.0.2'
Driver info: org.openqa.selenium.firefox.FirefoxDriver
Command: [fefb3e1d-81fe-4f47-9265-1a780fe991c6, findElement {using=xpath, value=//td[text()='qawarriors']}]
Capabilities {acceptInsecureCerts: true, browserName: firefox, browserVersion: 125.0.2, moz:accessibilityChecks: false, moz:buildID: 20240419144423, moz:debuggerAddress: 127.0.0.1:37644, moz:geckodriverVersion: 0.31.0, moz:headless: false, moz:platformVersion: 10.0, moz:processID: 13132, moz:profile: C:\Users\manas\AppData\Loca..., moz:shutdownTimeout: 60000, moz:webdriverClick: true, moz:windowless: false, pageLoadStrategy: normal, platformName: WINDOWS, proxy: Proxy(), se:cdp: ws://127.0.0.1:37644/devtoo..., se:cdpVersion: 85.0, setWindowRect: true, strictFileInteractability: false, timeouts: {implicit: 0, pageLoad: 300000, script: 30000}, unhandledPromptBehavior: dismiss and notify, userAgent: Mozilla/5.0 (Windows NT 10....}
Session ID: fefb3e1d-81fe-4f47-9265-1a780fe991c6
	at java.base/jdk.internal.reflect.DirectConstructorHandleAccessor.newInstance(DirectConstructorHandleAccessor.java:67)
	at java.base/java.lang.reflect.Constructor.newInstanceWithCaller(Constructor.java:500)
	at java.base/java.lang.reflect.Constructor.newInstance(Constructor.java:484)
	at org.openqa.selenium.remote.codec.w3c.W3CHttpResponseCodec.createException(W3CHttpResponseCodec.java:200)
	at org.openqa.selenium.remote.codec.w3c.W3CHttpResponseCodec.decode(W3CHttpResponseCodec.java:133)
	at org.openqa.selenium.remote.codec.w3c.W3CHttpResponseCodec.decode(W3CHttpResponseCodec.java:53)
	at org.openqa.selenium.remote.HttpCommandExecutor.execute(HttpCommandExecutor.java:184)
	at org.openqa.selenium.remote.service.DriverCommandExecutor.invokeExecute(DriverCommandExecutor.java:167)
	at org.openqa.selenium.remote.service.DriverCommandExecutor.execute(DriverCommandExecutor.java:142)
	at org.openqa.selenium.remote.RemoteWebDriver.execute(RemoteWebDriver.java:543)
	at org.openqa.selenium.remote.ElementLocation$ElementFinder$2.findElement(ElementLocation.java:162)
	at org.openqa.selenium.remote.ElementLocation.findElement(ElementLocation.java:60)
	at org.openqa.selenium.remote.RemoteWebDriver.findElement(RemoteWebDriver.java:352)
	at org.openqa.selenium.remote.RemoteWebDriver.findElement(RemoteWebDriver.java:344)
	at pageObjectModel.Batch_PageObjects.isBatchPresent(Batch_PageObjects.java:679)
	at stepDefinitions.Batch_StepDefinitions.batch_is_still_listed_in_data_table(Batch_StepDefinitions.java:441)
	at âœ½.Batch is still listed in data table st(file:///C:/Numpy_Ninja_2024/Team2_Selenium_Apr2024/src/test/resources/features/11batchDelete.feature:25)
]]>
</failure>
<system-out><![CDATA[
Given The Admin logs in the portal st.......................................passed
Given Admin is on dashboard page after Login st.............................passed
When clicks on "Batch" from navigation bar st...............................passed
Given Admin clicks the delete icon on row st................................passed
When Admin click No option st...............................................passed
Then Batch is still listed in data table st.................................failed
]]></system-out>
</testcase>
<testcase classname="Delete Batch/Batches features" name="Validate the delete icon below the header" time="0.874">
<system-out><![CDATA[
Given The Admin logs in the portal st.......................................passed
Given Admin is on dashboard page after Login st.............................passed
When clicks on "Batch" from navigation bar st...............................passed
Given None of the checkboxes in data table are selected st..................passed
Then The delete icon under the "Manage Batch" header should be disabled st..passed
]]></system-out>
</testcase>
<testcase classname="Delete Batch/Batches features" name="Check for single row delete" time="7.035">
<failure type="org.openqa.selenium.NoSuchElementException" message="Unable to locate element: //td[text()='qawarriors']/../td/p-tablecheckbox/div
For documentation on this error, please visit: https://selenium.dev/exceptions/#no_such_element
Build info: version: '4.8.1', revision: '8ebccac989'
System info: os.name: 'Windows 11', os.arch: 'amd64', os.version: '10.0', java.version: '19.0.2'
Driver info: org.openqa.selenium.firefox.FirefoxDriver
Command: [fefb3e1d-81fe-4f47-9265-1a780fe991c6, findElement {using=xpath, value=//td[text()='qawarriors']/../td/p-tablecheckbox/div}]
Capabilities {acceptInsecureCerts: true, browserName: firefox, browserVersion: 125.0.2, moz:accessibilityChecks: false, moz:buildID: 20240419144423, moz:debuggerAddress: 127.0.0.1:37644, moz:geckodriverVersion: 0.31.0, moz:headless: false, moz:platformVersion: 10.0, moz:processID: 13132, moz:profile: C:\Users\manas\AppData\Loca..., moz:shutdownTimeout: 60000, moz:webdriverClick: true, moz:windowless: false, pageLoadStrategy: normal, platformName: WINDOWS, proxy: Proxy(), se:cdp: ws://127.0.0.1:37644/devtoo..., se:cdpVersion: 85.0, setWindowRect: true, strictFileInteractability: false, timeouts: {implicit: 0, pageLoad: 300000, script: 30000}, unhandledPromptBehavior: dismiss and notify, userAgent: Mozilla/5.0 (Windows NT 10....}
Session ID: fefb3e1d-81fe-4f47-9265-1a780fe991c6">
<![CDATA[org.openqa.selenium.NoSuchElementException: Unable to locate element: //td[text()='qawarriors']/../td/p-tablecheckbox/div
For documentation on this error, please visit: https://selenium.dev/exceptions/#no_such_element
Build info: version: '4.8.1', revision: '8ebccac989'
System info: os.name: 'Windows 11', os.arch: 'amd64', os.version: '10.0', java.version: '19.0.2'
Driver info: org.openqa.selenium.firefox.FirefoxDriver
Command: [fefb3e1d-81fe-4f47-9265-1a780fe991c6, findElement {using=xpath, value=//td[text()='qawarriors']/../td/p-tablecheckbox/div}]
Capabilities {acceptInsecureCerts: true, browserName: firefox, browserVersion: 125.0.2, moz:accessibilityChecks: false, moz:buildID: 20240419144423, moz:debuggerAddress: 127.0.0.1:37644, moz:geckodriverVersion: 0.31.0, moz:headless: false, moz:platformVersion: 10.0, moz:processID: 13132, moz:profile: C:\Users\manas\AppData\Loca..., moz:shutdownTimeout: 60000, moz:webdriverClick: true, moz:windowless: false, pageLoadStrategy: normal, platformName: WINDOWS, proxy: Proxy(), se:cdp: ws://127.0.0.1:37644/devtoo..., se:cdpVersion: 85.0, setWindowRect: true, strictFileInteractability: false, timeouts: {implicit: 0, pageLoad: 300000, script: 30000}, unhandledPromptBehavior: dismiss and notify, userAgent: Mozilla/5.0 (Windows NT 10....}
Session ID: fefb3e1d-81fe-4f47-9265-1a780fe991c6
	at java.base/jdk.internal.reflect.DirectConstructorHandleAccessor.newInstance(DirectConstructorHandleAccessor.java:67)
	at java.base/java.lang.reflect.Constructor.newInstanceWithCaller(Constructor.java:500)
	at java.base/java.lang.reflect.Constructor.newInstance(Constructor.java:484)
	at org.openqa.selenium.remote.codec.w3c.W3CHttpResponseCodec.createException(W3CHttpResponseCodec.java:200)
	at org.openqa.selenium.remote.codec.w3c.W3CHttpResponseCodec.decode(W3CHttpResponseCodec.java:133)
	at org.openqa.selenium.remote.codec.w3c.W3CHttpResponseCodec.decode(W3CHttpResponseCodec.java:53)
	at org.openqa.selenium.remote.HttpCommandExecutor.execute(HttpCommandExecutor.java:184)
	at org.openqa.selenium.remote.service.DriverCommandExecutor.invokeExecute(DriverCommandExecutor.java:167)
	at org.openqa.selenium.remote.service.DriverCommandExecutor.execute(DriverCommandExecutor.java:142)
	at org.openqa.selenium.remote.RemoteWebDriver.execute(RemoteWebDriver.java:543)
	at org.openqa.selenium.remote.ElementLocation$ElementFinder$2.findElement(ElementLocation.java:162)
	at org.openqa.selenium.remote.ElementLocation.findElement(ElementLocation.java:60)
	at org.openqa.selenium.remote.RemoteWebDriver.findElement(RemoteWebDriver.java:352)
	at org.openqa.selenium.remote.RemoteWebDriver.findElement(RemoteWebDriver.java:344)
	at pageObjectModel.Batch_PageObjects.selectCheckBox(Batch_PageObjects.java:706)
	at stepDefinitions.Batch_StepDefinitions.one_of_the_checkbox_row_is_selected(Batch_StepDefinitions.java:463)
	at âœ½.One of the checkbox or row is selected st(file:///C:/Numpy_Ninja_2024/Team2_Selenium_Apr2024/src/test/resources/features/11batchDelete.feature:34)
]]>
</failure>
<system-out><![CDATA[
Given The Admin logs in the portal st.......................................passed
Given Admin is on dashboard page after Login st.............................passed
When clicks on "Batch" from navigation bar st...............................passed
Given One of the checkbox or row is selected st.............................failed
When Click delete icon below "Manage Batch" header st.......................skipped
Then The respective row in the data table is deleted st.....................skipped
]]></system-out>
</testcase>
<testcase classname="Delete Batch/Batches features" name="Check for multi row delete" time="7.054">
<failure type="org.openqa.selenium.NoSuchElementException" message="Unable to locate element: //td[text()='qawarriors']/../td/p-tablecheckbox/div
For documentation on this error, please visit: https://selenium.dev/exceptions/#no_such_element
Build info: version: '4.8.1', revision: '8ebccac989'
System info: os.name: 'Windows 11', os.arch: 'amd64', os.version: '10.0', java.version: '19.0.2'
Driver info: org.openqa.selenium.firefox.FirefoxDriver
Command: [fefb3e1d-81fe-4f47-9265-1a780fe991c6, findElement {using=xpath, value=//td[text()='qawarriors']/../td/p-tablecheckbox/div}]
Capabilities {acceptInsecureCerts: true, browserName: firefox, browserVersion: 125.0.2, moz:accessibilityChecks: false, moz:buildID: 20240419144423, moz:debuggerAddress: 127.0.0.1:37644, moz:geckodriverVersion: 0.31.0, moz:headless: false, moz:platformVersion: 10.0, moz:processID: 13132, moz:profile: C:\Users\manas\AppData\Loca..., moz:shutdownTimeout: 60000, moz:webdriverClick: true, moz:windowless: false, pageLoadStrategy: normal, platformName: WINDOWS, proxy: Proxy(), se:cdp: ws://127.0.0.1:37644/devtoo..., se:cdpVersion: 85.0, setWindowRect: true, strictFileInteractability: false, timeouts: {implicit: 0, pageLoad: 300000, script: 30000}, unhandledPromptBehavior: dismiss and notify, userAgent: Mozilla/5.0 (Windows NT 10....}
Session ID: fefb3e1d-81fe-4f47-9265-1a780fe991c6">
<![CDATA[org.openqa.selenium.NoSuchElementException: Unable to locate element: //td[text()='qawarriors']/../td/p-tablecheckbox/div
For documentation on this error, please visit: https://selenium.dev/exceptions/#no_such_element
Build info: version: '4.8.1', revision: '8ebccac989'
System info: os.name: 'Windows 11', os.arch: 'amd64', os.version: '10.0', java.version: '19.0.2'
Driver info: org.openqa.selenium.firefox.FirefoxDriver
Command: [fefb3e1d-81fe-4f47-9265-1a780fe991c6, findElement {using=xpath, value=//td[text()='qawarriors']/../td/p-tablecheckbox/div}]
Capabilities {acceptInsecureCerts: true, browserName: firefox, browserVersion: 125.0.2, moz:accessibilityChecks: false, moz:buildID: 20240419144423, moz:debuggerAddress: 127.0.0.1:37644, moz:geckodriverVersion: 0.31.0, moz:headless: false, moz:platformVersion: 10.0, moz:processID: 13132, moz:profile: C:\Users\manas\AppData\Loca..., moz:shutdownTimeout: 60000, moz:webdriverClick: true, moz:windowless: false, pageLoadStrategy: normal, platformName: WINDOWS, proxy: Proxy(), se:cdp: ws://127.0.0.1:37644/devtoo..., se:cdpVersion: 85.0, setWindowRect: true, strictFileInteractability: false, timeouts: {implicit: 0, pageLoad: 300000, script: 30000}, unhandledPromptBehavior: dismiss and notify, userAgent: Mozilla/5.0 (Windows NT 10....}
Session ID: fefb3e1d-81fe-4f47-9265-1a780fe991c6
	at java.base/jdk.internal.reflect.DirectConstructorHandleAccessor.newInstance(DirectConstructorHandleAccessor.java:67)
	at java.base/java.lang.reflect.Constructor.newInstanceWithCaller(Constructor.java:500)
	at java.base/java.lang.reflect.Constructor.newInstance(Constructor.java:484)
	at org.openqa.selenium.remote.codec.w3c.W3CHttpResponseCodec.createException(W3CHttpResponseCodec.java:200)
	at org.openqa.selenium.remote.codec.w3c.W3CHttpResponseCodec.decode(W3CHttpResponseCodec.java:133)
	at org.openqa.selenium.remote.codec.w3c.W3CHttpResponseCodec.decode(W3CHttpResponseCodec.java:53)
	at org.openqa.selenium.remote.HttpCommandExecutor.execute(HttpCommandExecutor.java:184)
	at org.openqa.selenium.remote.service.DriverCommandExecutor.invokeExecute(DriverCommandExecutor.java:167)
	at org.openqa.selenium.remote.service.DriverCommandExecutor.execute(DriverCommandExecutor.java:142)
	at org.openqa.selenium.remote.RemoteWebDriver.execute(RemoteWebDriver.java:543)
	at org.openqa.selenium.remote.ElementLocation$ElementFinder$2.findElement(ElementLocation.java:162)
	at org.openqa.selenium.remote.ElementLocation.findElement(ElementLocation.java:60)
	at org.openqa.selenium.remote.RemoteWebDriver.findElement(RemoteWebDriver.java:352)
	at org.openqa.selenium.remote.RemoteWebDriver.findElement(RemoteWebDriver.java:344)
	at pageObjectModel.Batch_PageObjects.selectMultipleCheckBox(Batch_PageObjects.java:712)
	at stepDefinitions.Batch_StepDefinitions.two_or_more_checkboxes_or_row_is_selected(Batch_StepDefinitions.java:488)
	at âœ½.Two or more checkboxes or row is selected st(file:///C:/Numpy_Ninja_2024/Team2_Selenium_Apr2024/src/test/resources/features/11batchDelete.feature:40)
]]>
</failure>
<system-out><![CDATA[
Given The Admin logs in the portal st.......................................passed
Given Admin is on dashboard page after Login st.............................passed
When clicks on "Batch" from navigation bar st...............................passed
Given Two or more checkboxes or row is selected st..........................failed
When Click delete icon below "Manage Batch" header st.......................skipped
Then The respective rows in the data table is deleted st....................skipped
]]></system-out>
</testcase>
</testsuite>
