<html>
<head>
<title>TestNG:  Test</title>
<link href="../testng.css" rel="stylesheet" type="text/css" />
<link href="../my-testng.css" rel="stylesheet" type="text/css" />

<style type="text/css">
.log { display: none;} 
.stack-trace { display: none;} 
</style>
<script type="text/javascript">
<!--
function flip(e) {
  current = e.style.display;
  if (current == 'block') {
    e.style.display = 'none';
    return 0;
  }
  else {
    e.style.display = 'block';
    return 1;
  }
}

function toggleBox(szDivId, elem, msg1, msg2)
{
  var res = -1;  if (document.getElementById) {
    res = flip(document.getElementById(szDivId));
  }
  else if (document.all) {
    // this is the way old msie versions work
    res = flip(document.all[szDivId]);
  }
  if(elem) {
    if(res == 0) elem.innerHTML = msg1; else elem.innerHTML = msg2;
  }

}

function toggleAllBoxes() {
  if (document.getElementsByTagName) {
    d = document.getElementsByTagName('div');
    for (i = 0; i < d.length; i++) {
      if (d[i].className == 'log') {
        flip(d[i]);
      }
    }
  }
}

// -->
</script>

</head>
<body>
<h2 align='center'>Test</h2><table border='1' align="center">
<tr>
<td>Tests passed/Failed/Skipped:</td><td>41/10/0</td>
</tr><tr>
<td>Started on:</td><td>Sun Apr 28 23:58:18 EDT 2024</td>
</tr>
<tr><td>Total time:</td><td>111 seconds (111002 ms)</td>
</tr><tr>
<td>Included groups:</td><td></td>
</tr><tr>
<td>Excluded groups:</td><td></td>
</tr>
</table><p/>
<small><i>(Hover the method name to see the test class name)</i></small><p/>
<table width='100%' border='1' class='invocation-failed'>
<tr><td colspan='4' align='center'><b>FAILED TESTS</b></td></tr>
<tr><td><b>Test method</b></td>
<td><b>Attribute(s)</b></td>
<td width="30%"><b>Exception</b></td>
<td width="10%"><b>Time (seconds)</b></td>
<td><b>Instance</b></td>
</tr>
<tr>
<td title='testRunner.TestRun.runScenario()'><b>runScenario</b><br>Test class: testRunner.TestRun<br>Test method: Runs Cucumber Scenarios<br>Parameters: "Validate "+ Assign staff"  button in User page", "UserPageValidation Module"</td>
<td><div><pre>org.openqa.selenium.ElementClickInterceptedException: Element &lt;span class=&quot;mat-button-wrapper&quot;&gt; is not clickable at point (1157,32) because another element &lt;div class=&quot;ng-tns-c132-6 p-dialog-mask p-component-overlay p-dialog-mask-scrollblocker ng-star-inserted&quot;&gt; obscures it
Build info: version: &apos;4.8.1&apos;, revision: &apos;8ebccac989&apos;
System info: os.name: &apos;Windows 11&apos;, os.arch: &apos;amd64&apos;, os.version: &apos;10.0&apos;, java.version: &apos;19.0.2&apos;
Driver info: org.openqa.selenium.firefox.FirefoxDriver
Command: [f0b7a54b-9a78-499e-b70b-e240dc5492d8, clickElement {id=82be5e3f-7af0-43a5-9808-2046d64d9071}]
Capabilities {acceptInsecureCerts: true, browserName: firefox, browserVersion: 125.0.2, moz:accessibilityChecks: false, moz:buildID: 20240419144423, moz:debuggerAddress: 127.0.0.1:24110, moz:geckodriverVersion: 0.31.0, moz:headless: false, moz:platformVersion: 10.0, moz:processID: 43168, moz:profile: C:\Users\manas\AppData\Loca..., moz:shutdownTimeout: 60000, moz:webdriverClick: true, moz:windowless: false, pageLoadStrategy: normal, platformName: WINDOWS, proxy: Proxy(), se:cdp: ws://127.0.0.1:24110/devtoo..., se:cdpVersion: 85.0, setWindowRect: true, strictFileInteractability: false, timeouts: {implicit: 0, pageLoad: 300000, script: 30000}, unhandledPromptBehavior: dismiss and notify, userAgent: Mozilla/5.0 (Windows NT 10....}
Element: [[FirefoxDriver: firefox on WINDOWS (f0b7a54b-9a78-499e-b70b-e240dc5492d8)] -&gt; xpath: //*[text()=&apos;User&apos;]]
Session ID: f0b7a54b-9a78-499e-b70b-e240dc5492d8
	at org.openqa.selenium.remote.codec.w3c.W3CHttpResponseCodec.createException(W3CHttpResponseCodec.java:200)
	at org.openqa.selenium.remote.codec.w3c.W3CHttpResponseCodec.decode(W3CHttpResponseCodec.java:133)
	at org.openqa.selenium.remote.codec.w3c.W3CHttpResponseCodec.decode(W3CHttpResponseCodec.java:53)
	at org.openqa.selenium.remote.HttpCommandExecutor.execute(HttpCommandExecutor.java:184)
	at org.openqa.selenium.remote.service.DriverCommandExecutor.invokeExecute(DriverCommandExecutor.java:167)
	at org.openqa.selenium.remote.service.DriverCommandExecutor.execute(DriverCommandExecutor.java:142)
	at org.openqa.selenium.remote.RemoteWebDriver.execute(RemoteWebDriver.java:543)
	at org.openqa.selenium.remote.RemoteWebElement.execute(RemoteWebElement.java:257)
	at org.openqa.selenium.remote.RemoteWebElement.click(RemoteWebElement.java:78)
	at pageObjectModel.UserPage.userbtn(UserPage.java:30)
	at stepDefinitions.UserStepDef.admin_clicks_user_from_navigation_bar(UserStepDef.java:31)
	at ✽.Admin clicks User from navigation bar(file:///C:/Numpy_Ninja_2024/Team2_Selenium_Apr2024/src/test/resources/features/08UserValidation.feature:7)
... Removed 3 stack frames</pre></div><a href='#' onClick='toggleBox("stack-trace957251916", this, "Click to show all stack frames", "Click to hide stack frames")'>Click to show all stack frames</a>
<div class='stack-trace' id='stack-trace957251916'><pre>org.openqa.selenium.ElementClickInterceptedException: Element &lt;span class=&quot;mat-button-wrapper&quot;&gt; is not clickable at point (1157,32) because another element &lt;div class=&quot;ng-tns-c132-6 p-dialog-mask p-component-overlay p-dialog-mask-scrollblocker ng-star-inserted&quot;&gt; obscures it
Build info: version: &apos;4.8.1&apos;, revision: &apos;8ebccac989&apos;
System info: os.name: &apos;Windows 11&apos;, os.arch: &apos;amd64&apos;, os.version: &apos;10.0&apos;, java.version: &apos;19.0.2&apos;
Driver info: org.openqa.selenium.firefox.FirefoxDriver
Command: [f0b7a54b-9a78-499e-b70b-e240dc5492d8, clickElement {id=82be5e3f-7af0-43a5-9808-2046d64d9071}]
Capabilities {acceptInsecureCerts: true, browserName: firefox, browserVersion: 125.0.2, moz:accessibilityChecks: false, moz:buildID: 20240419144423, moz:debuggerAddress: 127.0.0.1:24110, moz:geckodriverVersion: 0.31.0, moz:headless: false, moz:platformVersion: 10.0, moz:processID: 43168, moz:profile: C:\Users\manas\AppData\Loca..., moz:shutdownTimeout: 60000, moz:webdriverClick: true, moz:windowless: false, pageLoadStrategy: normal, platformName: WINDOWS, proxy: Proxy(), se:cdp: ws://127.0.0.1:24110/devtoo..., se:cdpVersion: 85.0, setWindowRect: true, strictFileInteractability: false, timeouts: {implicit: 0, pageLoad: 300000, script: 30000}, unhandledPromptBehavior: dismiss and notify, userAgent: Mozilla/5.0 (Windows NT 10....}
Element: [[FirefoxDriver: firefox on WINDOWS (f0b7a54b-9a78-499e-b70b-e240dc5492d8)] -&gt; xpath: //*[text()=&apos;User&apos;]]
Session ID: f0b7a54b-9a78-499e-b70b-e240dc5492d8
	at java.base/jdk.internal.reflect.DirectConstructorHandleAccessor.newInstance(DirectConstructorHandleAccessor.java:67)
	at java.base/java.lang.reflect.Constructor.newInstanceWithCaller(Constructor.java:500)
	at java.base/java.lang.reflect.Constructor.newInstance(Constructor.java:484)
	at org.openqa.selenium.remote.codec.w3c.W3CHttpResponseCodec.createException(W3CHttpResponseCodec.java:200)
	at org.openqa.selenium.remote.codec.w3c.W3CHttpResponseCodec.decode(W3CHttpResponseCodec.java:133)
	at org.openqa.selenium.remote.codec.w3c.W3CHttpResponseCodec.decode(W3CHttpResponseCodec.java:53)
	at org.openqa.selenium.remote.HttpCommandExecutor.execute(HttpCommandExecutor.java:184)
	at org.openqa.selenium.remote.service.DriverCommandExecutor.invokeExecute(DriverCommandExecutor.java:167)
	at org.openqa.selenium.remote.service.DriverCommandExecutor.execute(DriverCommandExecutor.java:142)
	at org.openqa.selenium.remote.RemoteWebDriver.execute(RemoteWebDriver.java:543)
	at org.openqa.selenium.remote.RemoteWebElement.execute(RemoteWebElement.java:257)
	at org.openqa.selenium.remote.RemoteWebElement.click(RemoteWebElement.java:78)
	at pageObjectModel.UserPage.userbtn(UserPage.java:30)
	at stepDefinitions.UserStepDef.admin_clicks_user_from_navigation_bar(UserStepDef.java:31)
	at ✽.Admin clicks User from navigation bar(file:///C:/Numpy_Ninja_2024/Team2_Selenium_Apr2024/src/test/resources/features/08UserValidation.feature:7)
</pre></div></td>
<td>0</td>
<td>testRunner.TestRun@3bcd05cb</td></tr>
<tr>
<td title='testRunner.TestRun.runScenario()'><b>runScenario</b><br>Test class: testRunner.TestRun<br>Test method: Runs Cucumber Scenarios<br>Parameters: "Validate login credentials with null username", "Login page Validation"</td>
<td><div><pre>org.openqa.selenium.NoSuchElementException: Unable to locate element: //*[@id=&apos;errormessage&apos;]
For documentation on this error, please visit: https://selenium.dev/exceptions/#no_such_element
Build info: version: &apos;4.8.1&apos;, revision: &apos;8ebccac989&apos;
System info: os.name: &apos;Windows 11&apos;, os.arch: &apos;amd64&apos;, os.version: &apos;10.0&apos;, java.version: &apos;19.0.2&apos;
Driver info: org.openqa.selenium.firefox.FirefoxDriver
Command: [f0b7a54b-9a78-499e-b70b-e240dc5492d8, findElement {using=xpath, value=//*[@id=&apos;errormessage&apos;]}]
Capabilities {acceptInsecureCerts: true, browserName: firefox, browserVersion: 125.0.2, moz:accessibilityChecks: false, moz:buildID: 20240419144423, moz:debuggerAddress: 127.0.0.1:24110, moz:geckodriverVersion: 0.31.0, moz:headless: false, moz:platformVersion: 10.0, moz:processID: 43168, moz:profile: C:\Users\manas\AppData\Loca..., moz:shutdownTimeout: 60000, moz:webdriverClick: true, moz:windowless: false, pageLoadStrategy: normal, platformName: WINDOWS, proxy: Proxy(), se:cdp: ws://127.0.0.1:24110/devtoo..., se:cdpVersion: 85.0, setWindowRect: true, strictFileInteractability: false, timeouts: {implicit: 0, pageLoad: 300000, script: 30000}, unhandledPromptBehavior: dismiss and notify, userAgent: Mozilla/5.0 (Windows NT 10....}
Session ID: f0b7a54b-9a78-499e-b70b-e240dc5492d8
	at org.openqa.selenium.remote.codec.w3c.W3CHttpResponseCodec.createException(W3CHttpResponseCodec.java:200)
	at org.openqa.selenium.remote.codec.w3c.W3CHttpResponseCodec.decode(W3CHttpResponseCodec.java:133)
	at org.openqa.selenium.remote.codec.w3c.W3CHttpResponseCodec.decode(W3CHttpResponseCodec.java:53)
	at org.openqa.selenium.remote.HttpCommandExecutor.execute(HttpCommandExecutor.java:184)
	at org.openqa.selenium.remote.service.DriverCommandExecutor.invokeExecute(DriverCommandExecutor.java:167)
	at org.openqa.selenium.remote.service.DriverCommandExecutor.execute(DriverCommandExecutor.java:142)
	at org.openqa.selenium.remote.RemoteWebDriver.execute(RemoteWebDriver.java:543)
	at org.openqa.selenium.remote.ElementLocation$ElementFinder$2.findElement(ElementLocation.java:162)
	at org.openqa.selenium.remote.ElementLocation.findElement(ElementLocation.java:60)
	at org.openqa.selenium.remote.RemoteWebDriver.findElement(RemoteWebDriver.java:352)
	at org.openqa.selenium.remote.RemoteWebDriver.findElement(RemoteWebDriver.java:344)
	at org.openqa.selenium.support.pagefactory.DefaultElementLocator.findElement(DefaultElementLocator.java:70)
	at org.openqa.selenium.support.pagefactory.internal.LocatingElementHandler.invoke(LocatingElementHandler.java:39)
	at jdk.proxy2/jdk.proxy2.$Proxy46.getText(Unknown Source)
	at pageObjectModel.LoginPage.CheckErrorMessage(LoginPage.java:286)
	at stepDefinitions.LoginStepDef.error_message_please_check_username_password(LoginStepDef.java:176)
	at ✽.Error message please check username/password(file:///C:/Numpy_Ninja_2024/Team2_Selenium_Apr2024/src/test/resources/features/01login.feature:97)
... Removed 3 stack frames</pre></div><a href='#' onClick='toggleBox("stack-trace374625527", this, "Click to show all stack frames", "Click to hide stack frames")'>Click to show all stack frames</a>
<div class='stack-trace' id='stack-trace374625527'><pre>org.openqa.selenium.NoSuchElementException: Unable to locate element: //*[@id=&apos;errormessage&apos;]
For documentation on this error, please visit: https://selenium.dev/exceptions/#no_such_element
Build info: version: &apos;4.8.1&apos;, revision: &apos;8ebccac989&apos;
System info: os.name: &apos;Windows 11&apos;, os.arch: &apos;amd64&apos;, os.version: &apos;10.0&apos;, java.version: &apos;19.0.2&apos;
Driver info: org.openqa.selenium.firefox.FirefoxDriver
Command: [f0b7a54b-9a78-499e-b70b-e240dc5492d8, findElement {using=xpath, value=//*[@id=&apos;errormessage&apos;]}]
Capabilities {acceptInsecureCerts: true, browserName: firefox, browserVersion: 125.0.2, moz:accessibilityChecks: false, moz:buildID: 20240419144423, moz:debuggerAddress: 127.0.0.1:24110, moz:geckodriverVersion: 0.31.0, moz:headless: false, moz:platformVersion: 10.0, moz:processID: 43168, moz:profile: C:\Users\manas\AppData\Loca..., moz:shutdownTimeout: 60000, moz:webdriverClick: true, moz:windowless: false, pageLoadStrategy: normal, platformName: WINDOWS, proxy: Proxy(), se:cdp: ws://127.0.0.1:24110/devtoo..., se:cdpVersion: 85.0, setWindowRect: true, strictFileInteractability: false, timeouts: {implicit: 0, pageLoad: 300000, script: 30000}, unhandledPromptBehavior: dismiss and notify, userAgent: Mozilla/5.0 (Windows NT 10....}
Session ID: f0b7a54b-9a78-499e-b70b-e240dc5492d8
	at java.base/jdk.internal.reflect.DirectConstructorHandleAccessor.newInstance(DirectConstructorHandleAccessor.java:67)
	at java.base/java.lang.reflect.Constructor.newInstanceWithCaller(Constructor.java:500)
	at java.base/java.lang.reflect.Constructor.newInstance(Constructor.java:484)
	at org.openqa.selenium.remote.codec.w3c.W3CHttpResponseCodec.createException(W3CHttpResponseCodec.java:200)
	at org.openqa.selenium.remote.codec.w3c.W3CHttpResponseCodec.decode(W3CHttpResponseCodec.java:133)
	at org.openqa.selenium.remote.codec.w3c.W3CHttpResponseCodec.decode(W3CHttpResponseCodec.java:53)
	at org.openqa.selenium.remote.HttpCommandExecutor.execute(HttpCommandExecutor.java:184)
	at org.openqa.selenium.remote.service.DriverCommandExecutor.invokeExecute(DriverCommandExecutor.java:167)
	at org.openqa.selenium.remote.service.DriverCommandExecutor.execute(DriverCommandExecutor.java:142)
	at org.openqa.selenium.remote.RemoteWebDriver.execute(RemoteWebDriver.java:543)
	at org.openqa.selenium.remote.ElementLocation$ElementFinder$2.findElement(ElementLocation.java:162)
	at org.openqa.selenium.remote.ElementLocation.findElement(ElementLocation.java:60)
	at org.openqa.selenium.remote.RemoteWebDriver.findElement(RemoteWebDriver.java:352)
	at org.openqa.selenium.remote.RemoteWebDriver.findElement(RemoteWebDriver.java:344)
	at org.openqa.selenium.support.pagefactory.DefaultElementLocator.findElement(DefaultElementLocator.java:70)
	at org.openqa.selenium.support.pagefactory.internal.LocatingElementHandler.invoke(LocatingElementHandler.java:39)
	at jdk.proxy2/jdk.proxy2.$Proxy46.getText(Unknown Source)
	at pageObjectModel.LoginPage.CheckErrorMessage(LoginPage.java:286)
	at stepDefinitions.LoginStepDef.error_message_please_check_username_password(LoginStepDef.java:176)
	at ✽.Error message please check username/password(file:///C:/Numpy_Ninja_2024/Team2_Selenium_Apr2024/src/test/resources/features/01login.feature:97)
</pre></div></td>
<td>6</td>
<td>testRunner.TestRun@3bcd05cb</td></tr>
<tr>
<td title='testRunner.TestRun.runScenario()'><b>runScenario</b><br>Test class: testRunner.TestRun<br>Test method: Runs Cucumber Scenarios<br>Parameters: "Validate the heading", "UserPageValidation Module"</td>
<td><div><pre>org.openqa.selenium.ElementClickInterceptedException: Element &lt;span class=&quot;mat-button-wrapper&quot;&gt; is not clickable at point (1157,32) because another element &lt;div class=&quot;ng-tns-c132-6 p-dialog-mask p-component-overlay p-dialog-mask-scrollblocker ng-star-inserted&quot;&gt; obscures it
Build info: version: &apos;4.8.1&apos;, revision: &apos;8ebccac989&apos;
System info: os.name: &apos;Windows 11&apos;, os.arch: &apos;amd64&apos;, os.version: &apos;10.0&apos;, java.version: &apos;19.0.2&apos;
Driver info: org.openqa.selenium.firefox.FirefoxDriver
Command: [f0b7a54b-9a78-499e-b70b-e240dc5492d8, clickElement {id=82be5e3f-7af0-43a5-9808-2046d64d9071}]
Capabilities {acceptInsecureCerts: true, browserName: firefox, browserVersion: 125.0.2, moz:accessibilityChecks: false, moz:buildID: 20240419144423, moz:debuggerAddress: 127.0.0.1:24110, moz:geckodriverVersion: 0.31.0, moz:headless: false, moz:platformVersion: 10.0, moz:processID: 43168, moz:profile: C:\Users\manas\AppData\Loca..., moz:shutdownTimeout: 60000, moz:webdriverClick: true, moz:windowless: false, pageLoadStrategy: normal, platformName: WINDOWS, proxy: Proxy(), se:cdp: ws://127.0.0.1:24110/devtoo..., se:cdpVersion: 85.0, setWindowRect: true, strictFileInteractability: false, timeouts: {implicit: 0, pageLoad: 300000, script: 30000}, unhandledPromptBehavior: dismiss and notify, userAgent: Mozilla/5.0 (Windows NT 10....}
Element: [[FirefoxDriver: firefox on WINDOWS (f0b7a54b-9a78-499e-b70b-e240dc5492d8)] -&gt; xpath: //*[text()=&apos;User&apos;]]
Session ID: f0b7a54b-9a78-499e-b70b-e240dc5492d8
	at org.openqa.selenium.remote.codec.w3c.W3CHttpResponseCodec.createException(W3CHttpResponseCodec.java:200)
	at org.openqa.selenium.remote.codec.w3c.W3CHttpResponseCodec.decode(W3CHttpResponseCodec.java:133)
	at org.openqa.selenium.remote.codec.w3c.W3CHttpResponseCodec.decode(W3CHttpResponseCodec.java:53)
	at org.openqa.selenium.remote.HttpCommandExecutor.execute(HttpCommandExecutor.java:184)
	at org.openqa.selenium.remote.service.DriverCommandExecutor.invokeExecute(DriverCommandExecutor.java:167)
	at org.openqa.selenium.remote.service.DriverCommandExecutor.execute(DriverCommandExecutor.java:142)
	at org.openqa.selenium.remote.RemoteWebDriver.execute(RemoteWebDriver.java:543)
	at org.openqa.selenium.remote.RemoteWebElement.execute(RemoteWebElement.java:257)
	at org.openqa.selenium.remote.RemoteWebElement.click(RemoteWebElement.java:78)
	at pageObjectModel.UserPage.userbtn(UserPage.java:30)
	at stepDefinitions.UserStepDef.admin_clicks_user_from_navigation_bar(UserStepDef.java:31)
	at ✽.Admin clicks User from navigation bar(file:///C:/Numpy_Ninja_2024/Team2_Selenium_Apr2024/src/test/resources/features/08UserValidation.feature:7)
... Removed 3 stack frames</pre></div><a href='#' onClick='toggleBox("stack-trace717278052", this, "Click to show all stack frames", "Click to hide stack frames")'>Click to show all stack frames</a>
<div class='stack-trace' id='stack-trace717278052'><pre>org.openqa.selenium.ElementClickInterceptedException: Element &lt;span class=&quot;mat-button-wrapper&quot;&gt; is not clickable at point (1157,32) because another element &lt;div class=&quot;ng-tns-c132-6 p-dialog-mask p-component-overlay p-dialog-mask-scrollblocker ng-star-inserted&quot;&gt; obscures it
Build info: version: &apos;4.8.1&apos;, revision: &apos;8ebccac989&apos;
System info: os.name: &apos;Windows 11&apos;, os.arch: &apos;amd64&apos;, os.version: &apos;10.0&apos;, java.version: &apos;19.0.2&apos;
Driver info: org.openqa.selenium.firefox.FirefoxDriver
Command: [f0b7a54b-9a78-499e-b70b-e240dc5492d8, clickElement {id=82be5e3f-7af0-43a5-9808-2046d64d9071}]
Capabilities {acceptInsecureCerts: true, browserName: firefox, browserVersion: 125.0.2, moz:accessibilityChecks: false, moz:buildID: 20240419144423, moz:debuggerAddress: 127.0.0.1:24110, moz:geckodriverVersion: 0.31.0, moz:headless: false, moz:platformVersion: 10.0, moz:processID: 43168, moz:profile: C:\Users\manas\AppData\Loca..., moz:shutdownTimeout: 60000, moz:webdriverClick: true, moz:windowless: false, pageLoadStrategy: normal, platformName: WINDOWS, proxy: Proxy(), se:cdp: ws://127.0.0.1:24110/devtoo..., se:cdpVersion: 85.0, setWindowRect: true, strictFileInteractability: false, timeouts: {implicit: 0, pageLoad: 300000, script: 30000}, unhandledPromptBehavior: dismiss and notify, userAgent: Mozilla/5.0 (Windows NT 10....}
Element: [[FirefoxDriver: firefox on WINDOWS (f0b7a54b-9a78-499e-b70b-e240dc5492d8)] -&gt; xpath: //*[text()=&apos;User&apos;]]
Session ID: f0b7a54b-9a78-499e-b70b-e240dc5492d8
	at java.base/jdk.internal.reflect.DirectConstructorHandleAccessor.newInstance(DirectConstructorHandleAccessor.java:67)
	at java.base/java.lang.reflect.Constructor.newInstanceWithCaller(Constructor.java:500)
	at java.base/java.lang.reflect.Constructor.newInstance(Constructor.java:484)
	at org.openqa.selenium.remote.codec.w3c.W3CHttpResponseCodec.createException(W3CHttpResponseCodec.java:200)
	at org.openqa.selenium.remote.codec.w3c.W3CHttpResponseCodec.decode(W3CHttpResponseCodec.java:133)
	at org.openqa.selenium.remote.codec.w3c.W3CHttpResponseCodec.decode(W3CHttpResponseCodec.java:53)
	at org.openqa.selenium.remote.HttpCommandExecutor.execute(HttpCommandExecutor.java:184)
	at org.openqa.selenium.remote.service.DriverCommandExecutor.invokeExecute(DriverCommandExecutor.java:167)
	at org.openqa.selenium.remote.service.DriverCommandExecutor.execute(DriverCommandExecutor.java:142)
	at org.openqa.selenium.remote.RemoteWebDriver.execute(RemoteWebDriver.java:543)
	at org.openqa.selenium.remote.RemoteWebElement.execute(RemoteWebElement.java:257)
	at org.openqa.selenium.remote.RemoteWebElement.click(RemoteWebElement.java:78)
	at pageObjectModel.UserPage.userbtn(UserPage.java:30)
	at stepDefinitions.UserStepDef.admin_clicks_user_from_navigation_bar(UserStepDef.java:31)
	at ✽.Admin clicks User from navigation bar(file:///C:/Numpy_Ninja_2024/Team2_Selenium_Apr2024/src/test/resources/features/08UserValidation.feature:7)
</pre></div></td>
<td>0</td>
<td>testRunner.TestRun@3bcd05cb</td></tr>
<tr>
<td title='testRunner.TestRun.runScenario()'><b>runScenario</b><br>Test class: testRunner.TestRun<br>Test method: Runs Cucumber Scenarios<br>Parameters: "Validate "+ A New user" button in User Page", "UserPageValidation Module"</td>
<td><div><pre>org.openqa.selenium.ElementClickInterceptedException: Element &lt;span class=&quot;mat-button-wrapper&quot;&gt; is not clickable at point (1157,32) because another element &lt;div class=&quot;ng-tns-c132-6 p-dialog-mask p-component-overlay p-dialog-mask-scrollblocker ng-star-inserted&quot;&gt; obscures it
Build info: version: &apos;4.8.1&apos;, revision: &apos;8ebccac989&apos;
System info: os.name: &apos;Windows 11&apos;, os.arch: &apos;amd64&apos;, os.version: &apos;10.0&apos;, java.version: &apos;19.0.2&apos;
Driver info: org.openqa.selenium.firefox.FirefoxDriver
Command: [f0b7a54b-9a78-499e-b70b-e240dc5492d8, clickElement {id=82be5e3f-7af0-43a5-9808-2046d64d9071}]
Capabilities {acceptInsecureCerts: true, browserName: firefox, browserVersion: 125.0.2, moz:accessibilityChecks: false, moz:buildID: 20240419144423, moz:debuggerAddress: 127.0.0.1:24110, moz:geckodriverVersion: 0.31.0, moz:headless: false, moz:platformVersion: 10.0, moz:processID: 43168, moz:profile: C:\Users\manas\AppData\Loca..., moz:shutdownTimeout: 60000, moz:webdriverClick: true, moz:windowless: false, pageLoadStrategy: normal, platformName: WINDOWS, proxy: Proxy(), se:cdp: ws://127.0.0.1:24110/devtoo..., se:cdpVersion: 85.0, setWindowRect: true, strictFileInteractability: false, timeouts: {implicit: 0, pageLoad: 300000, script: 30000}, unhandledPromptBehavior: dismiss and notify, userAgent: Mozilla/5.0 (Windows NT 10....}
Element: [[FirefoxDriver: firefox on WINDOWS (f0b7a54b-9a78-499e-b70b-e240dc5492d8)] -&gt; xpath: //*[text()=&apos;User&apos;]]
Session ID: f0b7a54b-9a78-499e-b70b-e240dc5492d8
	at org.openqa.selenium.remote.codec.w3c.W3CHttpResponseCodec.createException(W3CHttpResponseCodec.java:200)
	at org.openqa.selenium.remote.codec.w3c.W3CHttpResponseCodec.decode(W3CHttpResponseCodec.java:133)
	at org.openqa.selenium.remote.codec.w3c.W3CHttpResponseCodec.decode(W3CHttpResponseCodec.java:53)
	at org.openqa.selenium.remote.HttpCommandExecutor.execute(HttpCommandExecutor.java:184)
	at org.openqa.selenium.remote.service.DriverCommandExecutor.invokeExecute(DriverCommandExecutor.java:167)
	at org.openqa.selenium.remote.service.DriverCommandExecutor.execute(DriverCommandExecutor.java:142)
	at org.openqa.selenium.remote.RemoteWebDriver.execute(RemoteWebDriver.java:543)
	at org.openqa.selenium.remote.RemoteWebElement.execute(RemoteWebElement.java:257)
	at org.openqa.selenium.remote.RemoteWebElement.click(RemoteWebElement.java:78)
	at pageObjectModel.UserPage.userbtn(UserPage.java:30)
	at stepDefinitions.UserStepDef.admin_clicks_user_from_navigation_bar(UserStepDef.java:31)
	at ✽.Admin clicks User from navigation bar(file:///C:/Numpy_Ninja_2024/Team2_Selenium_Apr2024/src/test/resources/features/08UserValidation.feature:7)
... Removed 3 stack frames</pre></div><a href='#' onClick='toggleBox("stack-trace406074816", this, "Click to show all stack frames", "Click to hide stack frames")'>Click to show all stack frames</a>
<div class='stack-trace' id='stack-trace406074816'><pre>org.openqa.selenium.ElementClickInterceptedException: Element &lt;span class=&quot;mat-button-wrapper&quot;&gt; is not clickable at point (1157,32) because another element &lt;div class=&quot;ng-tns-c132-6 p-dialog-mask p-component-overlay p-dialog-mask-scrollblocker ng-star-inserted&quot;&gt; obscures it
Build info: version: &apos;4.8.1&apos;, revision: &apos;8ebccac989&apos;
System info: os.name: &apos;Windows 11&apos;, os.arch: &apos;amd64&apos;, os.version: &apos;10.0&apos;, java.version: &apos;19.0.2&apos;
Driver info: org.openqa.selenium.firefox.FirefoxDriver
Command: [f0b7a54b-9a78-499e-b70b-e240dc5492d8, clickElement {id=82be5e3f-7af0-43a5-9808-2046d64d9071}]
Capabilities {acceptInsecureCerts: true, browserName: firefox, browserVersion: 125.0.2, moz:accessibilityChecks: false, moz:buildID: 20240419144423, moz:debuggerAddress: 127.0.0.1:24110, moz:geckodriverVersion: 0.31.0, moz:headless: false, moz:platformVersion: 10.0, moz:processID: 43168, moz:profile: C:\Users\manas\AppData\Loca..., moz:shutdownTimeout: 60000, moz:webdriverClick: true, moz:windowless: false, pageLoadStrategy: normal, platformName: WINDOWS, proxy: Proxy(), se:cdp: ws://127.0.0.1:24110/devtoo..., se:cdpVersion: 85.0, setWindowRect: true, strictFileInteractability: false, timeouts: {implicit: 0, pageLoad: 300000, script: 30000}, unhandledPromptBehavior: dismiss and notify, userAgent: Mozilla/5.0 (Windows NT 10....}
Element: [[FirefoxDriver: firefox on WINDOWS (f0b7a54b-9a78-499e-b70b-e240dc5492d8)] -&gt; xpath: //*[text()=&apos;User&apos;]]
Session ID: f0b7a54b-9a78-499e-b70b-e240dc5492d8
	at java.base/jdk.internal.reflect.DirectConstructorHandleAccessor.newInstance(DirectConstructorHandleAccessor.java:67)
	at java.base/java.lang.reflect.Constructor.newInstanceWithCaller(Constructor.java:500)
	at java.base/java.lang.reflect.Constructor.newInstance(Constructor.java:484)
	at org.openqa.selenium.remote.codec.w3c.W3CHttpResponseCodec.createException(W3CHttpResponseCodec.java:200)
	at org.openqa.selenium.remote.codec.w3c.W3CHttpResponseCodec.decode(W3CHttpResponseCodec.java:133)
	at org.openqa.selenium.remote.codec.w3c.W3CHttpResponseCodec.decode(W3CHttpResponseCodec.java:53)
	at org.openqa.selenium.remote.HttpCommandExecutor.execute(HttpCommandExecutor.java:184)
	at org.openqa.selenium.remote.service.DriverCommandExecutor.invokeExecute(DriverCommandExecutor.java:167)
	at org.openqa.selenium.remote.service.DriverCommandExecutor.execute(DriverCommandExecutor.java:142)
	at org.openqa.selenium.remote.RemoteWebDriver.execute(RemoteWebDriver.java:543)
	at org.openqa.selenium.remote.RemoteWebElement.execute(RemoteWebElement.java:257)
	at org.openqa.selenium.remote.RemoteWebElement.click(RemoteWebElement.java:78)
	at pageObjectModel.UserPage.userbtn(UserPage.java:30)
	at stepDefinitions.UserStepDef.admin_clicks_user_from_navigation_bar(UserStepDef.java:31)
	at ✽.Admin clicks User from navigation bar(file:///C:/Numpy_Ninja_2024/Team2_Selenium_Apr2024/src/test/resources/features/08UserValidation.feature:7)
</pre></div></td>
<td>0</td>
<td>testRunner.TestRun@3bcd05cb</td></tr>
<tr>
<td title='testRunner.TestRun.runScenario()'><b>runScenario</b><br>Test class: testRunner.TestRun<br>Test method: Runs Cucumber Scenarios<br>Parameters: "Validate login credentials with null password", "Login page Validation"</td>
<td><div><pre>org.openqa.selenium.NoSuchElementException: Unable to locate element: //*[@id=&apos;errormessage&apos;]
For documentation on this error, please visit: https://selenium.dev/exceptions/#no_such_element
Build info: version: &apos;4.8.1&apos;, revision: &apos;8ebccac989&apos;
System info: os.name: &apos;Windows 11&apos;, os.arch: &apos;amd64&apos;, os.version: &apos;10.0&apos;, java.version: &apos;19.0.2&apos;
Driver info: org.openqa.selenium.firefox.FirefoxDriver
Command: [f0b7a54b-9a78-499e-b70b-e240dc5492d8, findElement {using=xpath, value=//*[@id=&apos;errormessage&apos;]}]
Capabilities {acceptInsecureCerts: true, browserName: firefox, browserVersion: 125.0.2, moz:accessibilityChecks: false, moz:buildID: 20240419144423, moz:debuggerAddress: 127.0.0.1:24110, moz:geckodriverVersion: 0.31.0, moz:headless: false, moz:platformVersion: 10.0, moz:processID: 43168, moz:profile: C:\Users\manas\AppData\Loca..., moz:shutdownTimeout: 60000, moz:webdriverClick: true, moz:windowless: false, pageLoadStrategy: normal, platformName: WINDOWS, proxy: Proxy(), se:cdp: ws://127.0.0.1:24110/devtoo..., se:cdpVersion: 85.0, setWindowRect: true, strictFileInteractability: false, timeouts: {implicit: 0, pageLoad: 300000, script: 30000}, unhandledPromptBehavior: dismiss and notify, userAgent: Mozilla/5.0 (Windows NT 10....}
Session ID: f0b7a54b-9a78-499e-b70b-e240dc5492d8
	at org.openqa.selenium.remote.codec.w3c.W3CHttpResponseCodec.createException(W3CHttpResponseCodec.java:200)
	at org.openqa.selenium.remote.codec.w3c.W3CHttpResponseCodec.decode(W3CHttpResponseCodec.java:133)
	at org.openqa.selenium.remote.codec.w3c.W3CHttpResponseCodec.decode(W3CHttpResponseCodec.java:53)
	at org.openqa.selenium.remote.HttpCommandExecutor.execute(HttpCommandExecutor.java:184)
	at org.openqa.selenium.remote.service.DriverCommandExecutor.invokeExecute(DriverCommandExecutor.java:167)
	at org.openqa.selenium.remote.service.DriverCommandExecutor.execute(DriverCommandExecutor.java:142)
	at org.openqa.selenium.remote.RemoteWebDriver.execute(RemoteWebDriver.java:543)
	at org.openqa.selenium.remote.ElementLocation$ElementFinder$2.findElement(ElementLocation.java:162)
	at org.openqa.selenium.remote.ElementLocation.findElement(ElementLocation.java:60)
	at org.openqa.selenium.remote.RemoteWebDriver.findElement(RemoteWebDriver.java:352)
	at org.openqa.selenium.remote.RemoteWebDriver.findElement(RemoteWebDriver.java:344)
	at org.openqa.selenium.support.pagefactory.DefaultElementLocator.findElement(DefaultElementLocator.java:70)
	at org.openqa.selenium.support.pagefactory.internal.LocatingElementHandler.invoke(LocatingElementHandler.java:39)
	at jdk.proxy2/jdk.proxy2.$Proxy46.getText(Unknown Source)
	at pageObjectModel.LoginPage.CheckErrorMessage(LoginPage.java:286)
	at stepDefinitions.LoginStepDef.error_message_please_check_username_password(LoginStepDef.java:176)
	at ✽.Error message please check username/password(file:///C:/Numpy_Ninja_2024/Team2_Selenium_Apr2024/src/test/resources/features/01login.feature:103)
... Removed 3 stack frames</pre></div><a href='#' onClick='toggleBox("stack-trace1508661771", this, "Click to show all stack frames", "Click to hide stack frames")'>Click to show all stack frames</a>
<div class='stack-trace' id='stack-trace1508661771'><pre>org.openqa.selenium.NoSuchElementException: Unable to locate element: //*[@id=&apos;errormessage&apos;]
For documentation on this error, please visit: https://selenium.dev/exceptions/#no_such_element
Build info: version: &apos;4.8.1&apos;, revision: &apos;8ebccac989&apos;
System info: os.name: &apos;Windows 11&apos;, os.arch: &apos;amd64&apos;, os.version: &apos;10.0&apos;, java.version: &apos;19.0.2&apos;
Driver info: org.openqa.selenium.firefox.FirefoxDriver
Command: [f0b7a54b-9a78-499e-b70b-e240dc5492d8, findElement {using=xpath, value=//*[@id=&apos;errormessage&apos;]}]
Capabilities {acceptInsecureCerts: true, browserName: firefox, browserVersion: 125.0.2, moz:accessibilityChecks: false, moz:buildID: 20240419144423, moz:debuggerAddress: 127.0.0.1:24110, moz:geckodriverVersion: 0.31.0, moz:headless: false, moz:platformVersion: 10.0, moz:processID: 43168, moz:profile: C:\Users\manas\AppData\Loca..., moz:shutdownTimeout: 60000, moz:webdriverClick: true, moz:windowless: false, pageLoadStrategy: normal, platformName: WINDOWS, proxy: Proxy(), se:cdp: ws://127.0.0.1:24110/devtoo..., se:cdpVersion: 85.0, setWindowRect: true, strictFileInteractability: false, timeouts: {implicit: 0, pageLoad: 300000, script: 30000}, unhandledPromptBehavior: dismiss and notify, userAgent: Mozilla/5.0 (Windows NT 10....}
Session ID: f0b7a54b-9a78-499e-b70b-e240dc5492d8
	at java.base/jdk.internal.reflect.DirectConstructorHandleAccessor.newInstance(DirectConstructorHandleAccessor.java:67)
	at java.base/java.lang.reflect.Constructor.newInstanceWithCaller(Constructor.java:500)
	at java.base/java.lang.reflect.Constructor.newInstance(Constructor.java:484)
	at org.openqa.selenium.remote.codec.w3c.W3CHttpResponseCodec.createException(W3CHttpResponseCodec.java:200)
	at org.openqa.selenium.remote.codec.w3c.W3CHttpResponseCodec.decode(W3CHttpResponseCodec.java:133)
	at org.openqa.selenium.remote.codec.w3c.W3CHttpResponseCodec.decode(W3CHttpResponseCodec.java:53)
	at org.openqa.selenium.remote.HttpCommandExecutor.execute(HttpCommandExecutor.java:184)
	at org.openqa.selenium.remote.service.DriverCommandExecutor.invokeExecute(DriverCommandExecutor.java:167)
	at org.openqa.selenium.remote.service.DriverCommandExecutor.execute(DriverCommandExecutor.java:142)
	at org.openqa.selenium.remote.RemoteWebDriver.execute(RemoteWebDriver.java:543)
	at org.openqa.selenium.remote.ElementLocation$ElementFinder$2.findElement(ElementLocation.java:162)
	at org.openqa.selenium.remote.ElementLocation.findElement(ElementLocation.java:60)
	at org.openqa.selenium.remote.RemoteWebDriver.findElement(RemoteWebDriver.java:352)
	at org.openqa.selenium.remote.RemoteWebDriver.findElement(RemoteWebDriver.java:344)
	at org.openqa.selenium.support.pagefactory.DefaultElementLocator.findElement(DefaultElementLocator.java:70)
	at org.openqa.selenium.support.pagefactory.internal.LocatingElementHandler.invoke(LocatingElementHandler.java:39)
	at jdk.proxy2/jdk.proxy2.$Proxy46.getText(Unknown Source)
	at pageObjectModel.LoginPage.CheckErrorMessage(LoginPage.java:286)
	at stepDefinitions.LoginStepDef.error_message_please_check_username_password(LoginStepDef.java:176)
	at ✽.Error message please check username/password(file:///C:/Numpy_Ninja_2024/Team2_Selenium_Apr2024/src/test/resources/features/01login.feature:103)
</pre></div></td>
<td>5</td>
<td>testRunner.TestRun@3bcd05cb</td></tr>
<tr>
<td title='testRunner.TestRun.runScenario()'><b>runScenario</b><br>Test class: testRunner.TestRun<br>Test method: Runs Cucumber Scenarios<br>Parameters: "Validate landing in User page", "UserPageValidation Module"</td>
<td><div><pre>org.openqa.selenium.ElementClickInterceptedException: Element &lt;span class=&quot;mat-button-wrapper&quot;&gt; is not clickable at point (1157,32) because another element &lt;div class=&quot;ng-tns-c132-6 p-dialog-mask p-component-overlay p-dialog-mask-scrollblocker ng-star-inserted&quot;&gt; obscures it
Build info: version: &apos;4.8.1&apos;, revision: &apos;8ebccac989&apos;
System info: os.name: &apos;Windows 11&apos;, os.arch: &apos;amd64&apos;, os.version: &apos;10.0&apos;, java.version: &apos;19.0.2&apos;
Driver info: org.openqa.selenium.firefox.FirefoxDriver
Command: [f0b7a54b-9a78-499e-b70b-e240dc5492d8, clickElement {id=82be5e3f-7af0-43a5-9808-2046d64d9071}]
Capabilities {acceptInsecureCerts: true, browserName: firefox, browserVersion: 125.0.2, moz:accessibilityChecks: false, moz:buildID: 20240419144423, moz:debuggerAddress: 127.0.0.1:24110, moz:geckodriverVersion: 0.31.0, moz:headless: false, moz:platformVersion: 10.0, moz:processID: 43168, moz:profile: C:\Users\manas\AppData\Loca..., moz:shutdownTimeout: 60000, moz:webdriverClick: true, moz:windowless: false, pageLoadStrategy: normal, platformName: WINDOWS, proxy: Proxy(), se:cdp: ws://127.0.0.1:24110/devtoo..., se:cdpVersion: 85.0, setWindowRect: true, strictFileInteractability: false, timeouts: {implicit: 0, pageLoad: 300000, script: 30000}, unhandledPromptBehavior: dismiss and notify, userAgent: Mozilla/5.0 (Windows NT 10....}
Element: [[FirefoxDriver: firefox on WINDOWS (f0b7a54b-9a78-499e-b70b-e240dc5492d8)] -&gt; xpath: //*[text()=&apos;User&apos;]]
Session ID: f0b7a54b-9a78-499e-b70b-e240dc5492d8
	at org.openqa.selenium.remote.codec.w3c.W3CHttpResponseCodec.createException(W3CHttpResponseCodec.java:200)
	at org.openqa.selenium.remote.codec.w3c.W3CHttpResponseCodec.decode(W3CHttpResponseCodec.java:133)
	at org.openqa.selenium.remote.codec.w3c.W3CHttpResponseCodec.decode(W3CHttpResponseCodec.java:53)
	at org.openqa.selenium.remote.HttpCommandExecutor.execute(HttpCommandExecutor.java:184)
	at org.openqa.selenium.remote.service.DriverCommandExecutor.invokeExecute(DriverCommandExecutor.java:167)
	at org.openqa.selenium.remote.service.DriverCommandExecutor.execute(DriverCommandExecutor.java:142)
	at org.openqa.selenium.remote.RemoteWebDriver.execute(RemoteWebDriver.java:543)
	at org.openqa.selenium.remote.RemoteWebElement.execute(RemoteWebElement.java:257)
	at org.openqa.selenium.remote.RemoteWebElement.click(RemoteWebElement.java:78)
	at pageObjectModel.UserPage.userbtn(UserPage.java:30)
	at stepDefinitions.UserStepDef.admin_clicks_user_from_navigation_bar(UserStepDef.java:31)
	at ✽.Admin clicks User from navigation bar(file:///C:/Numpy_Ninja_2024/Team2_Selenium_Apr2024/src/test/resources/features/08UserValidation.feature:7)
... Removed 3 stack frames</pre></div><a href='#' onClick='toggleBox("stack-trace484124940", this, "Click to show all stack frames", "Click to hide stack frames")'>Click to show all stack frames</a>
<div class='stack-trace' id='stack-trace484124940'><pre>org.openqa.selenium.ElementClickInterceptedException: Element &lt;span class=&quot;mat-button-wrapper&quot;&gt; is not clickable at point (1157,32) because another element &lt;div class=&quot;ng-tns-c132-6 p-dialog-mask p-component-overlay p-dialog-mask-scrollblocker ng-star-inserted&quot;&gt; obscures it
Build info: version: &apos;4.8.1&apos;, revision: &apos;8ebccac989&apos;
System info: os.name: &apos;Windows 11&apos;, os.arch: &apos;amd64&apos;, os.version: &apos;10.0&apos;, java.version: &apos;19.0.2&apos;
Driver info: org.openqa.selenium.firefox.FirefoxDriver
Command: [f0b7a54b-9a78-499e-b70b-e240dc5492d8, clickElement {id=82be5e3f-7af0-43a5-9808-2046d64d9071}]
Capabilities {acceptInsecureCerts: true, browserName: firefox, browserVersion: 125.0.2, moz:accessibilityChecks: false, moz:buildID: 20240419144423, moz:debuggerAddress: 127.0.0.1:24110, moz:geckodriverVersion: 0.31.0, moz:headless: false, moz:platformVersion: 10.0, moz:processID: 43168, moz:profile: C:\Users\manas\AppData\Loca..., moz:shutdownTimeout: 60000, moz:webdriverClick: true, moz:windowless: false, pageLoadStrategy: normal, platformName: WINDOWS, proxy: Proxy(), se:cdp: ws://127.0.0.1:24110/devtoo..., se:cdpVersion: 85.0, setWindowRect: true, strictFileInteractability: false, timeouts: {implicit: 0, pageLoad: 300000, script: 30000}, unhandledPromptBehavior: dismiss and notify, userAgent: Mozilla/5.0 (Windows NT 10....}
Element: [[FirefoxDriver: firefox on WINDOWS (f0b7a54b-9a78-499e-b70b-e240dc5492d8)] -&gt; xpath: //*[text()=&apos;User&apos;]]
Session ID: f0b7a54b-9a78-499e-b70b-e240dc5492d8
	at java.base/jdk.internal.reflect.DirectConstructorHandleAccessor.newInstance(DirectConstructorHandleAccessor.java:67)
	at java.base/java.lang.reflect.Constructor.newInstanceWithCaller(Constructor.java:500)
	at java.base/java.lang.reflect.Constructor.newInstance(Constructor.java:484)
	at org.openqa.selenium.remote.codec.w3c.W3CHttpResponseCodec.createException(W3CHttpResponseCodec.java:200)
	at org.openqa.selenium.remote.codec.w3c.W3CHttpResponseCodec.decode(W3CHttpResponseCodec.java:133)
	at org.openqa.selenium.remote.codec.w3c.W3CHttpResponseCodec.decode(W3CHttpResponseCodec.java:53)
	at org.openqa.selenium.remote.HttpCommandExecutor.execute(HttpCommandExecutor.java:184)
	at org.openqa.selenium.remote.service.DriverCommandExecutor.invokeExecute(DriverCommandExecutor.java:167)
	at org.openqa.selenium.remote.service.DriverCommandExecutor.execute(DriverCommandExecutor.java:142)
	at org.openqa.selenium.remote.RemoteWebDriver.execute(RemoteWebDriver.java:543)
	at org.openqa.selenium.remote.RemoteWebElement.execute(RemoteWebElement.java:257)
	at org.openqa.selenium.remote.RemoteWebElement.click(RemoteWebElement.java:78)
	at pageObjectModel.UserPage.userbtn(UserPage.java:30)
	at stepDefinitions.UserStepDef.admin_clicks_user_from_navigation_bar(UserStepDef.java:31)
	at ✽.Admin clicks User from navigation bar(file:///C:/Numpy_Ninja_2024/Team2_Selenium_Apr2024/src/test/resources/features/08UserValidation.feature:7)
</pre></div></td>
<td>0</td>
<td>testRunner.TestRun@3bcd05cb</td></tr>
<tr>
<td title='testRunner.TestRun.runScenario()'><b>runScenario</b><br>Test class: testRunner.TestRun<br>Test method: Runs Cucumber Scenarios<br>Parameters: "Validate landing in Batch page", "Batch Page Validation Feature"</td>
<td><div><pre>java.lang.AssertionError: expected [true] but found [false]
	at pageObjectModel.BatchPage.batchUrlValidation(BatchPage.java:54)
	at stepDefinitions.BatchSetpDef.admin_should_see_the_in_the_url(BatchSetpDef.java:38)
	at ✽.Admin should see the &quot;Manage Batch&quot; in the URL(file:///C:/Numpy_Ninja_2024/Team2_Selenium_Apr2024/src/test/resources/features/03batchValidation.feature:13)
... Removed 4 stack frames</pre></div><a href='#' onClick='toggleBox("stack-trace1653541174", this, "Click to show all stack frames", "Click to hide stack frames")'>Click to show all stack frames</a>
<div class='stack-trace' id='stack-trace1653541174'><pre>java.lang.AssertionError: expected [true] but found [false]
	at org.testng.Assert.fail(Assert.java:110)
	at org.testng.Assert.failNotEquals(Assert.java:1577)
	at org.testng.Assert.assertTrue(Assert.java:56)
	at org.testng.Assert.assertTrue(Assert.java:66)
	at pageObjectModel.BatchPage.batchUrlValidation(BatchPage.java:54)
	at stepDefinitions.BatchSetpDef.admin_should_see_the_in_the_url(BatchSetpDef.java:38)
	at ✽.Admin should see the &quot;Manage Batch&quot; in the URL(file:///C:/Numpy_Ninja_2024/Team2_Selenium_Apr2024/src/test/resources/features/03batchValidation.feature:13)
</pre></div></td>
<td>1</td>
<td>testRunner.TestRun@3bcd05cb</td></tr>
<tr>
<td title='testRunner.TestRun.runScenario()'><b>runScenario</b><br>Test class: testRunner.TestRun<br>Test method: Runs Cucumber Scenarios<br>Parameters: "Validating the default state of Delete button", "UserPageValidation Module"</td>
<td><div><pre>org.openqa.selenium.ElementClickInterceptedException: Element &lt;span class=&quot;mat-button-wrapper&quot;&gt; is not clickable at point (1157,32) because another element &lt;div class=&quot;ng-tns-c132-6 p-dialog-mask p-component-overlay p-dialog-mask-scrollblocker ng-star-inserted&quot;&gt; obscures it
Build info: version: &apos;4.8.1&apos;, revision: &apos;8ebccac989&apos;
System info: os.name: &apos;Windows 11&apos;, os.arch: &apos;amd64&apos;, os.version: &apos;10.0&apos;, java.version: &apos;19.0.2&apos;
Driver info: org.openqa.selenium.firefox.FirefoxDriver
Command: [f0b7a54b-9a78-499e-b70b-e240dc5492d8, clickElement {id=82be5e3f-7af0-43a5-9808-2046d64d9071}]
Capabilities {acceptInsecureCerts: true, browserName: firefox, browserVersion: 125.0.2, moz:accessibilityChecks: false, moz:buildID: 20240419144423, moz:debuggerAddress: 127.0.0.1:24110, moz:geckodriverVersion: 0.31.0, moz:headless: false, moz:platformVersion: 10.0, moz:processID: 43168, moz:profile: C:\Users\manas\AppData\Loca..., moz:shutdownTimeout: 60000, moz:webdriverClick: true, moz:windowless: false, pageLoadStrategy: normal, platformName: WINDOWS, proxy: Proxy(), se:cdp: ws://127.0.0.1:24110/devtoo..., se:cdpVersion: 85.0, setWindowRect: true, strictFileInteractability: false, timeouts: {implicit: 0, pageLoad: 300000, script: 30000}, unhandledPromptBehavior: dismiss and notify, userAgent: Mozilla/5.0 (Windows NT 10....}
Element: [[FirefoxDriver: firefox on WINDOWS (f0b7a54b-9a78-499e-b70b-e240dc5492d8)] -&gt; xpath: //*[text()=&apos;User&apos;]]
Session ID: f0b7a54b-9a78-499e-b70b-e240dc5492d8
	at org.openqa.selenium.remote.codec.w3c.W3CHttpResponseCodec.createException(W3CHttpResponseCodec.java:200)
	at org.openqa.selenium.remote.codec.w3c.W3CHttpResponseCodec.decode(W3CHttpResponseCodec.java:133)
	at org.openqa.selenium.remote.codec.w3c.W3CHttpResponseCodec.decode(W3CHttpResponseCodec.java:53)
	at org.openqa.selenium.remote.HttpCommandExecutor.execute(HttpCommandExecutor.java:184)
	at org.openqa.selenium.remote.service.DriverCommandExecutor.invokeExecute(DriverCommandExecutor.java:167)
	at org.openqa.selenium.remote.service.DriverCommandExecutor.execute(DriverCommandExecutor.java:142)
	at org.openqa.selenium.remote.RemoteWebDriver.execute(RemoteWebDriver.java:543)
	at org.openqa.selenium.remote.RemoteWebElement.execute(RemoteWebElement.java:257)
	at org.openqa.selenium.remote.RemoteWebElement.click(RemoteWebElement.java:78)
	at pageObjectModel.UserPage.userbtn(UserPage.java:30)
	at stepDefinitions.UserStepDef.admin_clicks_user_from_navigation_bar(UserStepDef.java:31)
	at ✽.Admin clicks User from navigation bar(file:///C:/Numpy_Ninja_2024/Team2_Selenium_Apr2024/src/test/resources/features/08UserValidation.feature:7)
... Removed 3 stack frames</pre></div><a href='#' onClick='toggleBox("stack-trace656805788", this, "Click to show all stack frames", "Click to hide stack frames")'>Click to show all stack frames</a>
<div class='stack-trace' id='stack-trace656805788'><pre>org.openqa.selenium.ElementClickInterceptedException: Element &lt;span class=&quot;mat-button-wrapper&quot;&gt; is not clickable at point (1157,32) because another element &lt;div class=&quot;ng-tns-c132-6 p-dialog-mask p-component-overlay p-dialog-mask-scrollblocker ng-star-inserted&quot;&gt; obscures it
Build info: version: &apos;4.8.1&apos;, revision: &apos;8ebccac989&apos;
System info: os.name: &apos;Windows 11&apos;, os.arch: &apos;amd64&apos;, os.version: &apos;10.0&apos;, java.version: &apos;19.0.2&apos;
Driver info: org.openqa.selenium.firefox.FirefoxDriver
Command: [f0b7a54b-9a78-499e-b70b-e240dc5492d8, clickElement {id=82be5e3f-7af0-43a5-9808-2046d64d9071}]
Capabilities {acceptInsecureCerts: true, browserName: firefox, browserVersion: 125.0.2, moz:accessibilityChecks: false, moz:buildID: 20240419144423, moz:debuggerAddress: 127.0.0.1:24110, moz:geckodriverVersion: 0.31.0, moz:headless: false, moz:platformVersion: 10.0, moz:processID: 43168, moz:profile: C:\Users\manas\AppData\Loca..., moz:shutdownTimeout: 60000, moz:webdriverClick: true, moz:windowless: false, pageLoadStrategy: normal, platformName: WINDOWS, proxy: Proxy(), se:cdp: ws://127.0.0.1:24110/devtoo..., se:cdpVersion: 85.0, setWindowRect: true, strictFileInteractability: false, timeouts: {implicit: 0, pageLoad: 300000, script: 30000}, unhandledPromptBehavior: dismiss and notify, userAgent: Mozilla/5.0 (Windows NT 10....}
Element: [[FirefoxDriver: firefox on WINDOWS (f0b7a54b-9a78-499e-b70b-e240dc5492d8)] -&gt; xpath: //*[text()=&apos;User&apos;]]
Session ID: f0b7a54b-9a78-499e-b70b-e240dc5492d8
	at java.base/jdk.internal.reflect.DirectConstructorHandleAccessor.newInstance(DirectConstructorHandleAccessor.java:67)
	at java.base/java.lang.reflect.Constructor.newInstanceWithCaller(Constructor.java:500)
	at java.base/java.lang.reflect.Constructor.newInstance(Constructor.java:484)
	at org.openqa.selenium.remote.codec.w3c.W3CHttpResponseCodec.createException(W3CHttpResponseCodec.java:200)
	at org.openqa.selenium.remote.codec.w3c.W3CHttpResponseCodec.decode(W3CHttpResponseCodec.java:133)
	at org.openqa.selenium.remote.codec.w3c.W3CHttpResponseCodec.decode(W3CHttpResponseCodec.java:53)
	at org.openqa.selenium.remote.HttpCommandExecutor.execute(HttpCommandExecutor.java:184)
	at org.openqa.selenium.remote.service.DriverCommandExecutor.invokeExecute(DriverCommandExecutor.java:167)
	at org.openqa.selenium.remote.service.DriverCommandExecutor.execute(DriverCommandExecutor.java:142)
	at org.openqa.selenium.remote.RemoteWebDriver.execute(RemoteWebDriver.java:543)
	at org.openqa.selenium.remote.RemoteWebElement.execute(RemoteWebElement.java:257)
	at org.openqa.selenium.remote.RemoteWebElement.click(RemoteWebElement.java:78)
	at pageObjectModel.UserPage.userbtn(UserPage.java:30)
	at stepDefinitions.UserStepDef.admin_clicks_user_from_navigation_bar(UserStepDef.java:31)
	at ✽.Admin clicks User from navigation bar(file:///C:/Numpy_Ninja_2024/Team2_Selenium_Apr2024/src/test/resources/features/08UserValidation.feature:7)
</pre></div></td>
<td>0</td>
<td>testRunner.TestRun@3bcd05cb</td></tr>
<tr>
<td title='testRunner.TestRun.runScenario()'><b>runScenario</b><br>Test class: testRunner.TestRun<br>Test method: Runs Cucumber Scenarios<br>Parameters: "Validate data table headers in the User Page", "UserPageValidation Module"</td>
<td><div><pre>org.openqa.selenium.ElementClickInterceptedException: Element &lt;span class=&quot;mat-button-wrapper&quot;&gt; is not clickable at point (1157,32) because another element &lt;div class=&quot;ng-tns-c132-6 p-dialog-mask p-component-overlay p-dialog-mask-scrollblocker ng-star-inserted&quot;&gt; obscures it
Build info: version: &apos;4.8.1&apos;, revision: &apos;8ebccac989&apos;
System info: os.name: &apos;Windows 11&apos;, os.arch: &apos;amd64&apos;, os.version: &apos;10.0&apos;, java.version: &apos;19.0.2&apos;
Driver info: org.openqa.selenium.firefox.FirefoxDriver
Command: [f0b7a54b-9a78-499e-b70b-e240dc5492d8, clickElement {id=82be5e3f-7af0-43a5-9808-2046d64d9071}]
Capabilities {acceptInsecureCerts: true, browserName: firefox, browserVersion: 125.0.2, moz:accessibilityChecks: false, moz:buildID: 20240419144423, moz:debuggerAddress: 127.0.0.1:24110, moz:geckodriverVersion: 0.31.0, moz:headless: false, moz:platformVersion: 10.0, moz:processID: 43168, moz:profile: C:\Users\manas\AppData\Loca..., moz:shutdownTimeout: 60000, moz:webdriverClick: true, moz:windowless: false, pageLoadStrategy: normal, platformName: WINDOWS, proxy: Proxy(), se:cdp: ws://127.0.0.1:24110/devtoo..., se:cdpVersion: 85.0, setWindowRect: true, strictFileInteractability: false, timeouts: {implicit: 0, pageLoad: 300000, script: 30000}, unhandledPromptBehavior: dismiss and notify, userAgent: Mozilla/5.0 (Windows NT 10....}
Element: [[FirefoxDriver: firefox on WINDOWS (f0b7a54b-9a78-499e-b70b-e240dc5492d8)] -&gt; xpath: //*[text()=&apos;User&apos;]]
Session ID: f0b7a54b-9a78-499e-b70b-e240dc5492d8
	at org.openqa.selenium.remote.codec.w3c.W3CHttpResponseCodec.createException(W3CHttpResponseCodec.java:200)
	at org.openqa.selenium.remote.codec.w3c.W3CHttpResponseCodec.decode(W3CHttpResponseCodec.java:133)
	at org.openqa.selenium.remote.codec.w3c.W3CHttpResponseCodec.decode(W3CHttpResponseCodec.java:53)
	at org.openqa.selenium.remote.HttpCommandExecutor.execute(HttpCommandExecutor.java:184)
	at org.openqa.selenium.remote.service.DriverCommandExecutor.invokeExecute(DriverCommandExecutor.java:167)
	at org.openqa.selenium.remote.service.DriverCommandExecutor.execute(DriverCommandExecutor.java:142)
	at org.openqa.selenium.remote.RemoteWebDriver.execute(RemoteWebDriver.java:543)
	at org.openqa.selenium.remote.RemoteWebElement.execute(RemoteWebElement.java:257)
	at org.openqa.selenium.remote.RemoteWebElement.click(RemoteWebElement.java:78)
	at pageObjectModel.UserPage.userbtn(UserPage.java:30)
	at stepDefinitions.UserStepDef.admin_clicks_user_from_navigation_bar(UserStepDef.java:31)
	at ✽.Admin clicks User from navigation bar(file:///C:/Numpy_Ninja_2024/Team2_Selenium_Apr2024/src/test/resources/features/08UserValidation.feature:7)
... Removed 3 stack frames</pre></div><a href='#' onClick='toggleBox("stack-trace1436731998", this, "Click to show all stack frames", "Click to hide stack frames")'>Click to show all stack frames</a>
<div class='stack-trace' id='stack-trace1436731998'><pre>org.openqa.selenium.ElementClickInterceptedException: Element &lt;span class=&quot;mat-button-wrapper&quot;&gt; is not clickable at point (1157,32) because another element &lt;div class=&quot;ng-tns-c132-6 p-dialog-mask p-component-overlay p-dialog-mask-scrollblocker ng-star-inserted&quot;&gt; obscures it
Build info: version: &apos;4.8.1&apos;, revision: &apos;8ebccac989&apos;
System info: os.name: &apos;Windows 11&apos;, os.arch: &apos;amd64&apos;, os.version: &apos;10.0&apos;, java.version: &apos;19.0.2&apos;
Driver info: org.openqa.selenium.firefox.FirefoxDriver
Command: [f0b7a54b-9a78-499e-b70b-e240dc5492d8, clickElement {id=82be5e3f-7af0-43a5-9808-2046d64d9071}]
Capabilities {acceptInsecureCerts: true, browserName: firefox, browserVersion: 125.0.2, moz:accessibilityChecks: false, moz:buildID: 20240419144423, moz:debuggerAddress: 127.0.0.1:24110, moz:geckodriverVersion: 0.31.0, moz:headless: false, moz:platformVersion: 10.0, moz:processID: 43168, moz:profile: C:\Users\manas\AppData\Loca..., moz:shutdownTimeout: 60000, moz:webdriverClick: true, moz:windowless: false, pageLoadStrategy: normal, platformName: WINDOWS, proxy: Proxy(), se:cdp: ws://127.0.0.1:24110/devtoo..., se:cdpVersion: 85.0, setWindowRect: true, strictFileInteractability: false, timeouts: {implicit: 0, pageLoad: 300000, script: 30000}, unhandledPromptBehavior: dismiss and notify, userAgent: Mozilla/5.0 (Windows NT 10....}
Element: [[FirefoxDriver: firefox on WINDOWS (f0b7a54b-9a78-499e-b70b-e240dc5492d8)] -&gt; xpath: //*[text()=&apos;User&apos;]]
Session ID: f0b7a54b-9a78-499e-b70b-e240dc5492d8
	at java.base/jdk.internal.reflect.DirectConstructorHandleAccessor.newInstance(DirectConstructorHandleAccessor.java:67)
	at java.base/java.lang.reflect.Constructor.newInstanceWithCaller(Constructor.java:500)
	at java.base/java.lang.reflect.Constructor.newInstance(Constructor.java:484)
	at org.openqa.selenium.remote.codec.w3c.W3CHttpResponseCodec.createException(W3CHttpResponseCodec.java:200)
	at org.openqa.selenium.remote.codec.w3c.W3CHttpResponseCodec.decode(W3CHttpResponseCodec.java:133)
	at org.openqa.selenium.remote.codec.w3c.W3CHttpResponseCodec.decode(W3CHttpResponseCodec.java:53)
	at org.openqa.selenium.remote.HttpCommandExecutor.execute(HttpCommandExecutor.java:184)
	at org.openqa.selenium.remote.service.DriverCommandExecutor.invokeExecute(DriverCommandExecutor.java:167)
	at org.openqa.selenium.remote.service.DriverCommandExecutor.execute(DriverCommandExecutor.java:142)
	at org.openqa.selenium.remote.RemoteWebDriver.execute(RemoteWebDriver.java:543)
	at org.openqa.selenium.remote.RemoteWebElement.execute(RemoteWebElement.java:257)
	at org.openqa.selenium.remote.RemoteWebElement.click(RemoteWebElement.java:78)
	at pageObjectModel.UserPage.userbtn(UserPage.java:30)
	at stepDefinitions.UserStepDef.admin_clicks_user_from_navigation_bar(UserStepDef.java:31)
	at ✽.Admin clicks User from navigation bar(file:///C:/Numpy_Ninja_2024/Team2_Selenium_Apr2024/src/test/resources/features/08UserValidation.feature:7)
</pre></div></td>
<td>0</td>
<td>testRunner.TestRun@3bcd05cb</td></tr>
<tr>
<td title='testRunner.TestRun.runScenario()'><b>runScenario</b><br>Test class: testRunner.TestRun<br>Test method: Runs Cucumber Scenarios<br>Parameters: "Validate the text and pagination icon below the data table", "UserPageValidation Module"</td>
<td><div><pre>org.openqa.selenium.ElementClickInterceptedException: Element &lt;span class=&quot;mat-button-wrapper&quot;&gt; is not clickable at point (1157,32) because another element &lt;div class=&quot;ng-tns-c132-6 p-dialog-mask p-component-overlay p-dialog-mask-scrollblocker ng-star-inserted&quot;&gt; obscures it
Build info: version: &apos;4.8.1&apos;, revision: &apos;8ebccac989&apos;
System info: os.name: &apos;Windows 11&apos;, os.arch: &apos;amd64&apos;, os.version: &apos;10.0&apos;, java.version: &apos;19.0.2&apos;
Driver info: org.openqa.selenium.firefox.FirefoxDriver
Command: [f0b7a54b-9a78-499e-b70b-e240dc5492d8, clickElement {id=82be5e3f-7af0-43a5-9808-2046d64d9071}]
Capabilities {acceptInsecureCerts: true, browserName: firefox, browserVersion: 125.0.2, moz:accessibilityChecks: false, moz:buildID: 20240419144423, moz:debuggerAddress: 127.0.0.1:24110, moz:geckodriverVersion: 0.31.0, moz:headless: false, moz:platformVersion: 10.0, moz:processID: 43168, moz:profile: C:\Users\manas\AppData\Loca..., moz:shutdownTimeout: 60000, moz:webdriverClick: true, moz:windowless: false, pageLoadStrategy: normal, platformName: WINDOWS, proxy: Proxy(), se:cdp: ws://127.0.0.1:24110/devtoo..., se:cdpVersion: 85.0, setWindowRect: true, strictFileInteractability: false, timeouts: {implicit: 0, pageLoad: 300000, script: 30000}, unhandledPromptBehavior: dismiss and notify, userAgent: Mozilla/5.0 (Windows NT 10....}
Element: [[FirefoxDriver: firefox on WINDOWS (f0b7a54b-9a78-499e-b70b-e240dc5492d8)] -&gt; xpath: //*[text()=&apos;User&apos;]]
Session ID: f0b7a54b-9a78-499e-b70b-e240dc5492d8
	at org.openqa.selenium.remote.codec.w3c.W3CHttpResponseCodec.createException(W3CHttpResponseCodec.java:200)
	at org.openqa.selenium.remote.codec.w3c.W3CHttpResponseCodec.decode(W3CHttpResponseCodec.java:133)
	at org.openqa.selenium.remote.codec.w3c.W3CHttpResponseCodec.decode(W3CHttpResponseCodec.java:53)
	at org.openqa.selenium.remote.HttpCommandExecutor.execute(HttpCommandExecutor.java:184)
	at org.openqa.selenium.remote.service.DriverCommandExecutor.invokeExecute(DriverCommandExecutor.java:167)
	at org.openqa.selenium.remote.service.DriverCommandExecutor.execute(DriverCommandExecutor.java:142)
	at org.openqa.selenium.remote.RemoteWebDriver.execute(RemoteWebDriver.java:543)
	at org.openqa.selenium.remote.RemoteWebElement.execute(RemoteWebElement.java:257)
	at org.openqa.selenium.remote.RemoteWebElement.click(RemoteWebElement.java:78)
	at pageObjectModel.UserPage.userbtn(UserPage.java:30)
	at stepDefinitions.UserStepDef.admin_clicks_user_from_navigation_bar(UserStepDef.java:31)
	at ✽.Admin clicks User from navigation bar(file:///C:/Numpy_Ninja_2024/Team2_Selenium_Apr2024/src/test/resources/features/08UserValidation.feature:7)
... Removed 3 stack frames</pre></div><a href='#' onClick='toggleBox("stack-trace1993137729", this, "Click to show all stack frames", "Click to hide stack frames")'>Click to show all stack frames</a>
<div class='stack-trace' id='stack-trace1993137729'><pre>org.openqa.selenium.ElementClickInterceptedException: Element &lt;span class=&quot;mat-button-wrapper&quot;&gt; is not clickable at point (1157,32) because another element &lt;div class=&quot;ng-tns-c132-6 p-dialog-mask p-component-overlay p-dialog-mask-scrollblocker ng-star-inserted&quot;&gt; obscures it
Build info: version: &apos;4.8.1&apos;, revision: &apos;8ebccac989&apos;
System info: os.name: &apos;Windows 11&apos;, os.arch: &apos;amd64&apos;, os.version: &apos;10.0&apos;, java.version: &apos;19.0.2&apos;
Driver info: org.openqa.selenium.firefox.FirefoxDriver
Command: [f0b7a54b-9a78-499e-b70b-e240dc5492d8, clickElement {id=82be5e3f-7af0-43a5-9808-2046d64d9071}]
Capabilities {acceptInsecureCerts: true, browserName: firefox, browserVersion: 125.0.2, moz:accessibilityChecks: false, moz:buildID: 20240419144423, moz:debuggerAddress: 127.0.0.1:24110, moz:geckodriverVersion: 0.31.0, moz:headless: false, moz:platformVersion: 10.0, moz:processID: 43168, moz:profile: C:\Users\manas\AppData\Loca..., moz:shutdownTimeout: 60000, moz:webdriverClick: true, moz:windowless: false, pageLoadStrategy: normal, platformName: WINDOWS, proxy: Proxy(), se:cdp: ws://127.0.0.1:24110/devtoo..., se:cdpVersion: 85.0, setWindowRect: true, strictFileInteractability: false, timeouts: {implicit: 0, pageLoad: 300000, script: 30000}, unhandledPromptBehavior: dismiss and notify, userAgent: Mozilla/5.0 (Windows NT 10....}
Element: [[FirefoxDriver: firefox on WINDOWS (f0b7a54b-9a78-499e-b70b-e240dc5492d8)] -&gt; xpath: //*[text()=&apos;User&apos;]]
Session ID: f0b7a54b-9a78-499e-b70b-e240dc5492d8
	at java.base/jdk.internal.reflect.DirectConstructorHandleAccessor.newInstance(DirectConstructorHandleAccessor.java:67)
	at java.base/java.lang.reflect.Constructor.newInstanceWithCaller(Constructor.java:500)
	at java.base/java.lang.reflect.Constructor.newInstance(Constructor.java:484)
	at org.openqa.selenium.remote.codec.w3c.W3CHttpResponseCodec.createException(W3CHttpResponseCodec.java:200)
	at org.openqa.selenium.remote.codec.w3c.W3CHttpResponseCodec.decode(W3CHttpResponseCodec.java:133)
	at org.openqa.selenium.remote.codec.w3c.W3CHttpResponseCodec.decode(W3CHttpResponseCodec.java:53)
	at org.openqa.selenium.remote.HttpCommandExecutor.execute(HttpCommandExecutor.java:184)
	at org.openqa.selenium.remote.service.DriverCommandExecutor.invokeExecute(DriverCommandExecutor.java:167)
	at org.openqa.selenium.remote.service.DriverCommandExecutor.execute(DriverCommandExecutor.java:142)
	at org.openqa.selenium.remote.RemoteWebDriver.execute(RemoteWebDriver.java:543)
	at org.openqa.selenium.remote.RemoteWebElement.execute(RemoteWebElement.java:257)
	at org.openqa.selenium.remote.RemoteWebElement.click(RemoteWebElement.java:78)
	at pageObjectModel.UserPage.userbtn(UserPage.java:30)
	at stepDefinitions.UserStepDef.admin_clicks_user_from_navigation_bar(UserStepDef.java:31)
	at ✽.Admin clicks User from navigation bar(file:///C:/Numpy_Ninja_2024/Team2_Selenium_Apr2024/src/test/resources/features/08UserValidation.feature:7)
</pre></div></td>
<td>0</td>
<td>testRunner.TestRun@3bcd05cb</td></tr>
</table><p>
<table width='100%' border='1' class='invocation-passed'>
<tr><td colspan='4' align='center'><b>PASSED TESTS</b></td></tr>
<tr><td><b>Test method</b></td>
<td><b>Attribute(s)</b></td>
<td width="30%"><b>Exception</b></td>
<td width="10%"><b>Time (seconds)</b></td>
<td><b>Instance</b></td>
</tr>
<tr>
<td title='testRunner.TestRun.runScenario()'><b>runScenario</b><br>Test class: testRunner.TestRun<br>Test method: Runs Cucumber Scenarios<br>Parameters: "Verify Logout button function", "Dashboard"</td>
<td></td>
<td>3</td>
<td>testRunner.TestRun@3bcd05cb</td></tr>
<tr>
<td title='testRunner.TestRun.runScenario()'><b>runScenario</b><br>Test class: testRunner.TestRun<br>Test method: Runs Cucumber Scenarios<br>Parameters: "Validate data rows", "Batch Page Validation Feature"</td>
<td></td>
<td>1</td>
<td>testRunner.TestRun@3bcd05cb</td></tr>
<tr>
<td title='testRunner.TestRun.runScenario()'><b>runScenario</b><br>Test class: testRunner.TestRun<br>Test method: Runs Cucumber Scenarios<br>Parameters: "Validate data table headers in the Batch Page", "Batch Page Validation Feature"</td>
<td></td>
<td>1</td>
<td>testRunner.TestRun@3bcd05cb</td></tr>
<tr>
<td title='testRunner.TestRun.runScenario()'><b>runScenario</b><br>Test class: testRunner.TestRun<br>Test method: Runs Cucumber Scenarios<br>Parameters: "verify Login is present", "Login page Validation"</td>
<td></td>
<td>0</td>
<td>testRunner.TestRun@3bcd05cb</td></tr>
<tr>
<td title='testRunner.TestRun.runScenario()'><b>runScenario</b><br>Test class: testRunner.TestRun<br>Test method: Runs Cucumber Scenarios<br>Parameters: "Validate alignment for navigation bar", "Dashboard"</td>
<td></td>
<td>3</td>
<td>testRunner.TestRun@3bcd05cb</td></tr>
<tr>
<td title='testRunner.TestRun.runScenario()'><b>runScenario</b><br>Test class: testRunner.TestRun<br>Test method: Runs Cucumber Scenarios<br>Parameters: "Verify the alignment of the login button", "Login page Validation"</td>
<td></td>
<td>0</td>
<td>testRunner.TestRun@3bcd05cb</td></tr>
<tr>
<td title='testRunner.TestRun.runScenario()'><b>runScenario</b><br>Test class: testRunner.TestRun<br>Test method: Runs Cucumber Scenarios<br>Parameters: "Verify input descriptive test in user field", "Login page Validation"</td>
<td></td>
<td>0</td>
<td>testRunner.TestRun@3bcd05cb</td></tr>
<tr>
<td title='testRunner.TestRun.runScenario()'><b>runScenario</b><br>Test class: testRunner.TestRun<br>Test method: Runs Cucumber Scenarios<br>Parameters: "Verify asterik next to password text", "Login page Validation"</td>
<td></td>
<td>0</td>
<td>testRunner.TestRun@3bcd05cb</td></tr>
<tr>
<td title='testRunner.TestRun.runScenario()'><b>runScenario</b><br>Test class: testRunner.TestRun<br>Test method: Runs Cucumber Scenarios<br>Parameters: "Verify for broken link", "Login page Validation"</td>
<td></td>
<td>10</td>
<td>testRunner.TestRun@3bcd05cb</td></tr>
<tr>
<td title='testRunner.TestRun.runScenario()'><b>runScenario</b><br>Test class: testRunner.TestRun<br>Test method: Runs Cucumber Scenarios<br>Parameters: "Validate login with valid credentials", "Login page Validation"</td>
<td></td>
<td>0</td>
<td>testRunner.TestRun@3bcd05cb</td></tr>
<tr>
<td title='testRunner.TestRun.runScenario()'><b>runScenario</b><br>Test class: testRunner.TestRun<br>Test method: Runs Cucumber Scenarios<br>Parameters: "Validate navigation bar text", "Dashboard"</td>
<td></td>
<td>3</td>
<td>testRunner.TestRun@3bcd05cb</td></tr>
<tr>
<td title='testRunner.TestRun.runScenario()'><b>runScenario</b><br>Test class: testRunner.TestRun<br>Test method: Runs Cucumber Scenarios<br>Parameters: "Validate "+ A New batch" in Batch Page", "Batch Page Validation Feature"</td>
<td></td>
<td>0</td>
<td>testRunner.TestRun@3bcd05cb</td></tr>
<tr>
<td title='testRunner.TestRun.runScenario()'><b>runScenario</b><br>Test class: testRunner.TestRun<br>Test method: Runs Cucumber Scenarios<br>Parameters: "Verify the company logo", "Login page Validation"</td>
<td></td>
<td>0</td>
<td>testRunner.TestRun@3bcd05cb</td></tr>
<tr>
<td title='testRunner.TestRun.runScenario()'><b>runScenario</b><br>Test class: testRunner.TestRun<br>Test method: Runs Cucumber Scenarios<br>Parameters: "Verify input descriptive test in password field", "Login page Validation"</td>
<td></td>
<td>0</td>
<td>testRunner.TestRun@3bcd05cb</td></tr>
<tr>
<td title='testRunner.TestRun.runScenario()'><b>runScenario</b><br>Test class: testRunner.TestRun<br>Test method: Runs Cucumber Scenarios<br>Parameters: "Verify the text spelling in the page", "Login page Validation"</td>
<td></td>
<td>0</td>
<td>testRunner.TestRun@3bcd05cb</td></tr>
<tr>
<td title='testRunner.TestRun.runScenario()'><b>runScenario</b><br>Test class: testRunner.TestRun<br>Test method: Runs Cucumber Scenarios<br>Parameters: "Verify text on the first text field", "Login page Validation"</td>
<td></td>
<td>0</td>
<td>testRunner.TestRun@3bcd05cb</td></tr>
<tr>
<td title='testRunner.TestRun.runScenario()'><b>runScenario</b><br>Test class: testRunner.TestRun<br>Test method: Runs Cucumber Scenarios<br>Parameters: "Verify asterik next to user text", "Login page Validation"</td>
<td></td>
<td>0</td>
<td>testRunner.TestRun@3bcd05cb</td></tr>
<tr>
<td title='testRunner.TestRun.runScenario()'><b>runScenario</b><br>Test class: testRunner.TestRun<br>Test method: Runs Cucumber Scenarios<br>Parameters: "Validate login with invalid credentials", "Login page Validation"</td>
<td></td>
<td>0</td>
<td>testRunner.TestRun@3bcd05cb</td></tr>
<tr>
<td title='testRunner.TestRun.runScenario()'><b>runScenario</b><br>Test class: testRunner.TestRun<br>Test method: Runs Cucumber Scenarios<br>Parameters: "Verify after login  admin lands on manage program as dashboard page", "Dashboard"</td>
<td></td>
<td>3</td>
<td>testRunner.TestRun@3bcd05cb</td></tr>
<tr>
<td title='testRunner.TestRun.runScenario()'><b>runScenario</b><br>Test class: testRunner.TestRun<br>Test method: Runs Cucumber Scenarios<br>Parameters: "verify login button action through mouse", "Login page Validation"</td>
<td></td>
<td>0</td>
<td>testRunner.TestRun@3bcd05cb</td></tr>
<tr>
<td title='testRunner.TestRun.runScenario()'><b>runScenario</b><br>Test class: testRunner.TestRun<br>Test method: Runs Cucumber Scenarios<br>Parameters: "Validate navigation bar order 3rd User", "Dashboard"</td>
<td></td>
<td>3</td>
<td>testRunner.TestRun@3bcd05cb</td></tr>
<tr>
<td title='testRunner.TestRun.runScenario()'><b>runScenario</b><br>Test class: testRunner.TestRun<br>Test method: Runs Cucumber Scenarios<br>Parameters: "Validate sign in content", "Login page Validation"</td>
<td></td>
<td>0</td>
<td>testRunner.TestRun@3bcd05cb</td></tr>
<tr>
<td title='testRunner.TestRun.runScenario()'><b>runScenario</b><br>Test class: testRunner.TestRun<br>Test method: Runs Cucumber Scenarios<br>Parameters: "Verify text field is present", "Login page Validation"</td>
<td></td>
<td>0</td>
<td>testRunner.TestRun@3bcd05cb</td></tr>
<tr>
<td title='testRunner.TestRun.runScenario()'><b>runScenario</b><br>Test class: testRunner.TestRun<br>Test method: Runs Cucumber Scenarios<br>Parameters: "Validate LMS title has correct spelling ang space", "Dashboard"</td>
<td></td>
<td>4</td>
<td>testRunner.TestRun@3bcd05cb</td></tr>
<tr>
<td title='testRunner.TestRun.runScenario()'><b>runScenario</b><br>Test class: testRunner.TestRun<br>Test method: Runs Cucumber Scenarios<br>Parameters: "verify login button action through keyboard", "Login page Validation"</td>
<td></td>
<td>0</td>
<td>testRunner.TestRun@3bcd05cb</td></tr>
<tr>
<td title='testRunner.TestRun.runScenario()'><b>runScenario</b><br>Test class: testRunner.TestRun<br>Test method: Runs Cucumber Scenarios<br>Parameters: "Validate navigation bar order  1st Program", "Dashboard"</td>
<td></td>
<td>3</td>
<td>testRunner.TestRun@3bcd05cb</td></tr>
<tr>
<td title='testRunner.TestRun.runScenario()'><b>runScenario</b><br>Test class: testRunner.TestRun<br>Test method: Runs Cucumber Scenarios<br>Parameters: "Verify LMS title", "Dashboard"</td>
<td></td>
<td>3</td>
<td>testRunner.TestRun@3bcd05cb</td></tr>
<tr>
<td title='testRunner.TestRun.runScenario()'><b>runScenario</b><br>Test class: testRunner.TestRun<br>Test method: Runs Cucumber Scenarios<br>Parameters: "Validate data rows", "Batch Page Validation Feature"</td>
<td></td>
<td>1</td>
<td>testRunner.TestRun@3bcd05cb</td></tr>
<tr>
<td title='testRunner.TestRun.runScenario()'><b>runScenario</b><br>Test class: testRunner.TestRun<br>Test method: Runs Cucumber Scenarios<br>Parameters: "Validate pagination in the Batch Page", "Batch Page Validation Feature"</td>
<td></td>
<td>1</td>
<td>testRunner.TestRun@3bcd05cb</td></tr>
<tr>
<td title='testRunner.TestRun.runScenario()'><b>runScenario</b><br>Test class: testRunner.TestRun<br>Test method: Runs Cucumber Scenarios<br>Parameters: "Verify  LMS title alignment", "Dashboard"</td>
<td></td>
<td>3</td>
<td>testRunner.TestRun@3bcd05cb</td></tr>
<tr>
<td title='testRunner.TestRun.runScenario()'><b>runScenario</b><br>Test class: testRunner.TestRun<br>Test method: Runs Cucumber Scenarios<br>Parameters: "Verify admin is able to land on home page", "Login page Validation"</td>
<td></td>
<td>0</td>
<td>testRunner.TestRun@3bcd05cb</td></tr>
<tr>
<td title='testRunner.TestRun.runScenario()'><b>runScenario</b><br>Test class: testRunner.TestRun<br>Test method: Runs Cucumber Scenarios<br>Parameters: "Validate header in the Batch Page", "Batch Page Validation Feature"</td>
<td></td>
<td>0</td>
<td>testRunner.TestRun@3bcd05cb</td></tr>
<tr>
<td title='testRunner.TestRun.runScenario()'><b>runScenario</b><br>Test class: testRunner.TestRun<br>Test method: Runs Cucumber Scenarios<br>Parameters: "Verify the alignment input field for the login", "Login page Validation"</td>
<td></td>
<td>0</td>
<td>testRunner.TestRun@3bcd05cb</td></tr>
<tr>
<td title='testRunner.TestRun.runScenario()'><b>runScenario</b><br>Test class: testRunner.TestRun<br>Test method: Runs Cucumber Scenarios<br>Parameters: "Validate navigation bar order  2nd Batch", "Dashboard"</td>
<td></td>
<td>3</td>
<td>testRunner.TestRun@3bcd05cb</td></tr>
<tr>
<td title='testRunner.TestRun.runScenario()'><b>runScenario</b><br>Test class: testRunner.TestRun<br>Test method: Runs Cucumber Scenarios<br>Parameters: "Validate Delete button in Batch Page", "Batch Page Validation Feature"</td>
<td></td>
<td>1</td>
<td>testRunner.TestRun@3bcd05cb</td></tr>
<tr>
<td title='testRunner.TestRun.runScenario()'><b>runScenario</b><br>Test class: testRunner.TestRun<br>Test method: Runs Cucumber Scenarios<br>Parameters: "Verify admin is able to land on home page with invalid URL", "Login page Validation"</td>
<td></td>
<td>3</td>
<td>testRunner.TestRun@3bcd05cb</td></tr>
<tr>
<td title='testRunner.TestRun.runScenario()'><b>runScenario</b><br>Test class: testRunner.TestRun<br>Test method: Runs Cucumber Scenarios<br>Parameters: "Verify broken link", "Dashboard"</td>
<td></td>
<td>8</td>
<td>testRunner.TestRun@3bcd05cb</td></tr>
<tr>
<td title='testRunner.TestRun.runScenario()'><b>runScenario</b><br>Test class: testRunner.TestRun<br>Test method: Runs Cucumber Scenarios<br>Parameters: "Validate data rows", "Batch Page Validation Feature"</td>
<td></td>
<td>0</td>
<td>testRunner.TestRun@3bcd05cb</td></tr>
<tr>
<td title='testRunner.TestRun.runScenario()'><b>runScenario</b><br>Test class: testRunner.TestRun<br>Test method: Runs Cucumber Scenarios<br>Parameters: "Verify text on the second text field", "Login page Validation"</td>
<td></td>
<td>0</td>
<td>testRunner.TestRun@3bcd05cb</td></tr>
<tr>
<td title='testRunner.TestRun.runScenario()'><b>runScenario</b><br>Test class: testRunner.TestRun<br>Test method: Runs Cucumber Scenarios<br>Parameters: "Validate navigation bar order 4th Logout", "Dashboard"</td>
<td></td>
<td>3</td>
<td>testRunner.TestRun@3bcd05cb</td></tr>
<tr>
<td title='testRunner.TestRun.runScenario()'><b>runScenario</b><br>Test class: testRunner.TestRun<br>Test method: Runs Cucumber Scenarios<br>Parameters: "Validate pop up for adding batch", "Batch Page Validation Feature"</td>
<td></td>
<td>1</td>
<td>testRunner.TestRun@3bcd05cb</td></tr>
</table><p>
</body>
</html>