{"uuid":"8d1f3320-6b09-4bd8-8431-b203c5243a5b","historyId":"435499a9fb37858ff6d963ed6a538cff","testCaseId":"67542f59cacb07fb861d183b693c5402","fullName":"src/test/resources/features/01login.feature:94","labels":[{"name":"tag","value":"HomePage"},{"name":"tag","value":"F"},{"name":"host","value":"ManasPC"},{"name":"thread","value":"52124@ManasPC.main(1)"},{"name":"feature","value":"Login page Validation"},{"name":"story","value":"Validate login credentials with null username"},{"name":"suite","value":"Login page Validation"},{"name":"testClass","value":"Validate login credentials with null username"},{"name":"framework","value":"cucumber4jvm"},{"name":"language","value":"java"},{"name":"gherkin_uri","value":"file:///C:/Numpy_Ninja_2024/Team2_Selenium_Apr2024/src/test/resources/features/01login.feature"},{"name":"package","value":"src.test.resources.features.01login_feature.Login page Validation"}],"links":[],"name":"Validate login credentials with null username","status":"failed","statusDetails":{"known":false,"muted":false,"flaky":false,"message":"expected [false] but found [true]","trace":"java.lang.AssertionError: expected [false] but found [true]\r\n\tat org.testng.Assert.fail(Assert.java:110)\r\n\tat org.testng.Assert.failNotEquals(Assert.java:1577)\r\n\tat org.testng.Assert.assertEqualsImpl(Assert.java:149)\r\n\tat org.testng.Assert.assertEquals(Assert.java:131)\r\n\tat org.testng.Assert.assertEquals(Assert.java:1066)\r\n\tat org.testng.Assert.assertEquals(Assert.java:1106)\r\n\tat pageObjectModel.LoginPage.CheckErrorMessage(LoginPage.java:277)\r\n\tat stepDefinitions.LoginStepDef.error_message_please_check_username_password(LoginStepDef.java:178)\r\n\tat ✽.Error message please check username/password(file:///C:/Numpy_Ninja_2024/Team2_Selenium_Apr2024/src/test/resources/features/01login.feature:97)\r\n"},"stage":"finished","steps":[{"name":"Given Admin launch the browser","status":"passed","statusDetails":{"known":false,"muted":false,"flaky":false},"stage":"finished","steps":[],"attachments":[],"parameters":[],"start":1714534852521,"stop":1714534852525},{"name":"When Admin gives the correct LMS portal URL","status":"passed","statusDetails":{"known":false,"muted":false,"flaky":false},"stage":"finished","steps":[],"attachments":[],"parameters":[],"start":1714534852525,"stop":1714534853128},{"name":"When Admin is in Home Page","status":"passed","statusDetails":{"known":false,"muted":false,"flaky":false},"stage":"finished","steps":[],"attachments":[],"parameters":[],"start":1714534853130,"stop":1714534853152},{"name":"And Admin enter value only in password and clicks login button","status":"passed","statusDetails":{"known":false,"muted":false,"flaky":false},"stage":"finished","steps":[],"attachments":[],"parameters":[],"start":1714534853153,"stop":1714534854175},{"name":"Then Error message please check username/password","status":"failed","statusDetails":{"known":false,"muted":false,"flaky":false,"message":"expected [false] but found [true]","trace":"java.lang.AssertionError: expected [false] but found [true]\r\n\tat org.testng.Assert.fail(Assert.java:110)\r\n\tat org.testng.Assert.failNotEquals(Assert.java:1577)\r\n\tat org.testng.Assert.assertEqualsImpl(Assert.java:149)\r\n\tat org.testng.Assert.assertEquals(Assert.java:131)\r\n\tat org.testng.Assert.assertEquals(Assert.java:1066)\r\n\tat org.testng.Assert.assertEquals(Assert.java:1106)\r\n\tat pageObjectModel.LoginPage.CheckErrorMessage(LoginPage.java:277)\r\n\tat stepDefinitions.LoginStepDef.error_message_please_check_username_password(LoginStepDef.java:178)\r\n\tat ✽.Error message please check username/password(file:///C:/Numpy_Ninja_2024/Team2_Selenium_Apr2024/src/test/resources/features/01login.feature:97)\r\n"},"stage":"finished","steps":[],"attachments":[],"parameters":[],"start":1714534854176,"stop":1714534859218}],"attachments":[],"parameters":[],"start":1714534852520,"stop":1714534859432}