{"uuid":"c30e7e87-560c-4bc4-8662-977ab7875fd0","historyId":"ed498b41af5898e5301e911af64da79","testCaseId":"2428b4130f1b919161601125c66ce4f6","fullName":"src/test/resources/features/01login.feature:100","labels":[{"name":"tag","value":"HomePage"},{"name":"tag","value":"login21"},{"name":"host","value":"ManasPC"},{"name":"thread","value":"6092@ManasPC.main(1)"},{"name":"feature","value":"Login page Validation"},{"name":"story","value":"Validate login credentials with null password"},{"name":"suite","value":"Login page Validation"},{"name":"testClass","value":"Validate login credentials with null password"},{"name":"framework","value":"cucumber4jvm"},{"name":"language","value":"java"},{"name":"gherkin_uri","value":"file:///C:/Numpy_Ninja_2024/Team2_Selenium_Apr2024/src/test/resources/features/01login.feature"},{"name":"package","value":"src.test.resources.features.01login_feature.Login page Validation"}],"links":[],"name":"Validate login credentials with null password","status":"failed","statusDetails":{"known":false,"muted":false,"flaky":false,"message":"expected [false] but found [true]","trace":"java.lang.AssertionError: expected [false] but found [true]\r\n\tat org.testng.Assert.fail(Assert.java:110)\r\n\tat org.testng.Assert.failNotEquals(Assert.java:1577)\r\n\tat org.testng.Assert.assertEqualsImpl(Assert.java:149)\r\n\tat org.testng.Assert.assertEquals(Assert.java:131)\r\n\tat org.testng.Assert.assertEquals(Assert.java:1066)\r\n\tat org.testng.Assert.assertEquals(Assert.java:1106)\r\n\tat pageObjectModel.LoginPage.CheckErrorMessage(LoginPage.java:277)\r\n\tat stepDefinitions.LoginStepDef.error_message_please_check_username_password(LoginStepDef.java:178)\r\n\tat ✽.Error message please check username/password(file:///C:/Numpy_Ninja_2024/Team2_Selenium_Apr2024/src/test/resources/features/01login.feature:103)\r\n"},"stage":"finished","steps":[{"name":"Given Admin launch the browser","status":"passed","statusDetails":{"known":false,"muted":false,"flaky":false},"stage":"finished","steps":[],"attachments":[],"parameters":[],"start":1714613027440,"stop":1714613027442},{"name":"When Admin gives the correct LMS portal URL","status":"passed","statusDetails":{"known":false,"muted":false,"flaky":false},"stage":"finished","steps":[],"attachments":[],"parameters":[],"start":1714613027442,"stop":1714613027942},{"name":"When Admin is in Home Page","status":"passed","statusDetails":{"known":false,"muted":false,"flaky":false},"stage":"finished","steps":[],"attachments":[],"parameters":[],"start":1714613027942,"stop":1714613027946},{"name":"And Admin enter value only in username and clicks login button","status":"passed","statusDetails":{"known":false,"muted":false,"flaky":false},"stage":"finished","steps":[],"attachments":[],"parameters":[],"start":1714613027947,"stop":1714613028240},{"name":"Then Error message please check username/password","status":"failed","statusDetails":{"known":false,"muted":false,"flaky":false,"message":"expected [false] but found [true]","trace":"java.lang.AssertionError: expected [false] but found [true]\r\n\tat org.testng.Assert.fail(Assert.java:110)\r\n\tat org.testng.Assert.failNotEquals(Assert.java:1577)\r\n\tat org.testng.Assert.assertEqualsImpl(Assert.java:149)\r\n\tat org.testng.Assert.assertEquals(Assert.java:131)\r\n\tat org.testng.Assert.assertEquals(Assert.java:1066)\r\n\tat org.testng.Assert.assertEquals(Assert.java:1106)\r\n\tat pageObjectModel.LoginPage.CheckErrorMessage(LoginPage.java:277)\r\n\tat stepDefinitions.LoginStepDef.error_message_please_check_username_password(LoginStepDef.java:178)\r\n\tat ✽.Error message please check username/password(file:///C:/Numpy_Ninja_2024/Team2_Selenium_Apr2024/src/test/resources/features/01login.feature:103)\r\n"},"stage":"finished","steps":[],"attachments":[],"parameters":[],"start":1714613028241,"stop":1714613033258}],"attachments":[],"parameters":[],"start":1714613027440,"stop":1714613033407}