<!DOCTYPE html>

<html>
  <head>
  <meta charset='utf-8'>
  <title>TestNG reports</title>

    <link type="text/css" href="testng-reports1.css" rel="stylesheet" id="ultra" />
    <link type="text/css" href="testng-reports.css" rel="stylesheet" id="retro" disabled="false"/>
    <script type="text/javascript" src="jquery-3.6.0.min.js"></script>
    <script type="text/javascript" src="testng-reports.js"></script>
    <script type="text/javascript" src="https://www.google.com/jsapi"></script>
    <script type='text/javascript'>
      google.load('visualization', '1', {packages:['table']});
      google.setOnLoadCallback(drawTable);
      var suiteTableInitFunctions = new Array();
      var suiteTableData = new Array();
    </script>
    <!--
      <script type="text/javascript" src="jquery-ui/js/jquery-ui-1.8.16.custom.min.js"></script>
     -->
  </head>

  <body>    <div class="top-banner-root">
      <span class="top-banner-title-font">Test results</span>
      <button id="button" class="button">Switch Retro Theme</button> <!-- button -->
      <br/>
      <span class="top-banner-font-1">1 suite, 16 failed tests</span>
    </div> <!-- top-banner-root -->
    <div class="navigator-root">
      <div class="navigator-suite-header">
        <span>All suites</span>
        <a href="#" title="Collapse/expand all the suites" class="collapse-all-link">
          <img src="collapseall.gif" class="collapse-all-icon">
          </img> <!-- collapse-all-icon -->
        </a> <!-- collapse-all-link -->
      </div> <!-- navigator-suite-header -->
      <div class="suite">
        <div class="rounded-window">
          <div class="suite-header light-rounded-window-top">
            <a href="#" panel-name="suite-Default_suite" class="navigator-link">
              <span class="suite-name border-failed">Default suite</span>
            </a> <!-- navigator-link -->
          </div> <!-- suite-header light-rounded-window-top -->
          <div class="navigator-suite-content">
            <div class="suite-section-title">
              <span>Info</span>
            </div> <!-- suite-section-title -->
            <div class="suite-section-content">
              <ul>
                <li>
                  <a href="#" panel-name="test-xml-Default_suite" class="navigator-link ">
                    <span>C:\Users\manas\AppData\Local\Temp\testng-eclipse-1392825826\testng-customsuite.xml</span>
                  </a> <!-- navigator-link  -->
                </li>
                <li>
                  <a href="#" panel-name="testlist-Default_suite" class="navigator-link ">
                    <span class="test-stats">1 test</span>
                  </a> <!-- navigator-link  -->
                </li>
                <li>
                  <a href="#" panel-name="group-Default_suite" class="navigator-link ">
                    <span>1 group</span>
                  </a> <!-- navigator-link  -->
                </li>
                <li>
                  <a href="#" panel-name="times-Default_suite" class="navigator-link ">
                    <span>Times</span>
                  </a> <!-- navigator-link  -->
                </li>
                <li>
                  <a href="#" panel-name="reporter-Default_suite" class="navigator-link ">
                    <span>Reporter output</span>
                  </a> <!-- navigator-link  -->
                </li>
                <li>
                  <a href="#" panel-name="ignored-methods-Default_suite" class="navigator-link ">
                    <span>Ignored methods</span>
                  </a> <!-- navigator-link  -->
                </li>
                <li>
                  <a href="#" panel-name="chronological-Default_suite" class="navigator-link ">
                    <span>Chronological view</span>
                  </a> <!-- navigator-link  -->
                </li>
              </ul>
            </div> <!-- suite-section-content -->
            <div class="result-section">
              <div class="suite-section-title">
                <span>Results</span>
              </div> <!-- suite-section-title -->
              <div class="suite-section-content">
                <ul>
                  <li>
                    <span class="method-stats">43 methods, 16 failed,   27 passed</span>
                  </li>
                  <li>
                    <span class="method-list-title failed">Failed methods</span>
                    <span class="show-or-hide-methods failed">
                      <a href="#" panel-name="suite-Default_suite" class="hide-methods failed suite-Default_suite"> (hide)</a> <!-- hide-methods failed suite-Default_suite -->
                      <a href="#" panel-name="suite-Default_suite" class="show-methods failed suite-Default_suite"> (show)</a> <!-- show-methods failed suite-Default_suite -->
                    </span>
                    <div class="method-list-content failed suite-Default_suite">
                      <span>
                        <img src="failed.png" width="3%"/>
                        <a href="#" panel-name="suite-Default_suite" title="testRunner.TestRun" class="method navigator-link" hash-for-method="runScenario(&quot;Check for error messages for invalid values in fields&quot;, &quot;Add New Batch Feature Validation&quot;)">runScenario("Check for error messages for invalid values in fields", "Add New Batch Feature Validation")</a> <!-- method navigator-link -->
                      </span>
                      <br/>
                      <span>
                        <img src="failed.png" width="3%"/>
                        <a href="#" panel-name="suite-Default_suite" title="testRunner.TestRun" class="method navigator-link" hash-for-method="runScenario(&quot;Check if you get error message when mandatory fields are erased -NoOfClasses&quot;, &quot;Edit Batch features...)">runScenario("Check if you get error message when mandatory fields are erased -NoOfClasses", "Edit Batch features...)</a> <!-- method navigator-link -->
                      </span>
                      <br/>
                      <span>
                        <img src="failed.png" width="3%"/>
                        <a href="#" panel-name="suite-Default_suite" title="testRunner.TestRun" class="method navigator-link" hash-for-method="runScenario(&quot;Check for error messages for invalid values in fields&quot;, &quot;Add New Batch Feature Validation&quot;)">runScenario("Check for error messages for invalid values in fields", "Add New Batch Feature Validation")</a> <!-- method navigator-link -->
                      </span>
                      <br/>
                      <span>
                        <img src="failed.png" width="3%"/>
                        <a href="#" panel-name="suite-Default_suite" title="testRunner.TestRun" class="method navigator-link" hash-for-method="runScenario(&quot;Check if description is optional field while creating new batch&quot;, &quot;Add New Batch Feature Validation...)">runScenario("Check if description is optional field while creating new batch", "Add New Batch Feature Validation...)</a> <!-- method navigator-link -->
                      </span>
                      <br/>
                      <span>
                        <img src="failed.png" width="3%"/>
                        <a href="#" panel-name="suite-Default_suite" title="testRunner.TestRun" class="method navigator-link" hash-for-method="runScenario(&quot;Check if the fields are updated with valid values -Update the Description&quot;, &quot;Edit Batch features&quot;)">runScenario("Check if the fields are updated with valid values -Update the Description", "Edit Batch features")</a> <!-- method navigator-link -->
                      </span>
                      <br/>
                      <span>
                        <img src="failed.png" width="3%"/>
                        <a href="#" panel-name="suite-Default_suite" title="testRunner.TestRun" class="method navigator-link" hash-for-method="runScenario(&quot;Check if the fields are updated -Update the Status&quot;, &quot;Edit Batch features&quot;)">runScenario("Check if the fields are updated -Update the Status", "Edit Batch features")</a> <!-- method navigator-link -->
                      </span>
                      <br/>
                      <span>
                        <img src="failed.png" width="3%"/>
                        <a href="#" panel-name="suite-Default_suite" title="testRunner.TestRun" class="method navigator-link" hash-for-method="runScenario(&quot;Validate accept alert&quot;, &quot;Delete Batch/Batches features&quot;)">runScenario("Validate accept alert", "Delete Batch/Batches features")</a> <!-- method navigator-link -->
                      </span>
                      <br/>
                      <span>
                        <img src="failed.png" width="3%"/>
                        <a href="#" panel-name="suite-Default_suite" title="testRunner.TestRun" class="method navigator-link" hash-for-method="runScenario(&quot;Check for multi row delete&quot;, &quot;Delete Batch/Batches features&quot;)">runScenario("Check for multi row delete", "Delete Batch/Batches features")</a> <!-- method navigator-link -->
                      </span>
                      <br/>
                      <span>
                        <img src="failed.png" width="3%"/>
                        <a href="#" panel-name="suite-Default_suite" title="testRunner.TestRun" class="method navigator-link" hash-for-method="runScenario(&quot;Validate reject alert&quot;, &quot;Delete Batch/Batches features&quot;)">runScenario("Validate reject alert", "Delete Batch/Batches features")</a> <!-- method navigator-link -->
                      </span>
                      <br/>
                      <span>
                        <img src="failed.png" width="3%"/>
                        <a href="#" panel-name="suite-Default_suite" title="testRunner.TestRun" class="method navigator-link" hash-for-method="runScenario(&quot;Check for error messages for invalid values in fields&quot;, &quot;Add New Batch Feature Validation&quot;)">runScenario("Check for error messages for invalid values in fields", "Add New Batch Feature Validation")</a> <!-- method navigator-link -->
                      </span>
                      <br/>
                      <span>
                        <img src="failed.png" width="3%"/>
                        <a href="#" panel-name="suite-Default_suite" title="testRunner.TestRun" class="method navigator-link" hash-for-method="runScenario(&quot;Check for single row delete&quot;, &quot;Delete Batch/Batches features&quot;)">runScenario("Check for single row delete", "Delete Batch/Batches features")</a> <!-- method navigator-link -->
                      </span>
                      <br/>
                      <span>
                        <img src="failed.png" width="3%"/>
                        <a href="#" panel-name="suite-Default_suite" title="testRunner.TestRun" class="method navigator-link" hash-for-method="runScenario(&quot;Check if description field is optional in update&quot;, &quot;Edit Batch features&quot;)">runScenario("Check if description field is optional in update", "Edit Batch features")</a> <!-- method navigator-link -->
                      </span>
                      <br/>
                      <span>
                        <img src="failed.png" width="3%"/>
                        <a href="#" panel-name="suite-Default_suite" title="testRunner.TestRun" class="method navigator-link" hash-for-method="runScenario(&quot;Check for error messages for invalid values in fields&quot;, &quot;Add New Batch Feature Validation&quot;)">runScenario("Check for error messages for invalid values in fields", "Add New Batch Feature Validation")</a> <!-- method navigator-link -->
                      </span>
                      <br/>
                      <span>
                        <img src="failed.png" width="3%"/>
                        <a href="#" panel-name="suite-Default_suite" title="testRunner.TestRun" class="method navigator-link" hash-for-method="runScenario(&quot;Check for error messages for invalid values in fields&quot;, &quot;Add New Batch Feature Validation&quot;)">runScenario("Check for error messages for invalid values in fields", "Add New Batch Feature Validation")</a> <!-- method navigator-link -->
                      </span>
                      <br/>
                      <span>
                        <img src="failed.png" width="3%"/>
                        <a href="#" panel-name="suite-Default_suite" title="testRunner.TestRun" class="method navigator-link" hash-for-method="runScenario(&quot;Validate landing in Batch page&quot;, &quot;Batch Page Validation Feature&quot;)">runScenario("Validate landing in Batch page", "Batch Page Validation Feature")</a> <!-- method navigator-link -->
                      </span>
                      <br/>
                      <span>
                        <img src="failed.png" width="3%"/>
                        <a href="#" panel-name="suite-Default_suite" title="testRunner.TestRun" class="method navigator-link" hash-for-method="runScenario(&quot;Check for error messages for invalid values in fields&quot;, &quot;Add New Batch Feature Validation&quot;)">runScenario("Check for error messages for invalid values in fields", "Add New Batch Feature Validation")</a> <!-- method navigator-link -->
                      </span>
                      <br/>
                    </div> <!-- method-list-content failed suite-Default_suite -->
                  </li>
                  <li>
                    <span class="method-list-title passed">Passed methods</span>
                    <span class="show-or-hide-methods passed">
                      <a href="#" panel-name="suite-Default_suite" class="hide-methods passed suite-Default_suite"> (hide)</a> <!-- hide-methods passed suite-Default_suite -->
                      <a href="#" panel-name="suite-Default_suite" class="show-methods passed suite-Default_suite"> (show)</a> <!-- show-methods passed suite-Default_suite -->
                    </span>
                    <div class="method-list-content passed suite-Default_suite">
                      <span>
                        <img src="passed.png" width="3%"/>
                        <a href="#" panel-name="suite-Default_suite" title="testRunner.TestRun" class="method navigator-link" hash-for-method="runScenario(&quot;Validate pop up for adding batch&quot;, &quot;Batch Page Validation Feature&quot;)">runScenario("Validate pop up for adding batch", "Batch Page Validation Feature")</a> <!-- method navigator-link -->
                      </span>
                      <br/>
                      <span>
                        <img src="passed.png" width="3%"/>
                        <a href="#" panel-name="suite-Default_suite" title="testRunner.TestRun" class="method navigator-link" hash-for-method="runScenario(&quot;Validate header in the Batch Page&quot;, &quot;Batch Page Validation Feature&quot;)">runScenario("Validate header in the Batch Page", "Batch Page Validation Feature")</a> <!-- method navigator-link -->
                      </span>
                      <br/>
                      <span>
                        <img src="passed.png" width="3%"/>
                        <a href="#" panel-name="suite-Default_suite" title="testRunner.TestRun" class="method navigator-link" hash-for-method="runScenario(&quot;Check if the batch details are added in data table when description is blank&quot;, &quot;Add New Batch Featu...)">runScenario("Check if the batch details are added in data table when description is blank", "Add New Batch Featu...)</a> <!-- method navigator-link -->
                      </span>
                      <br/>
                      <span>
                        <img src="passed.png" width="3%"/>
                        <a href="#" panel-name="suite-Default_suite" title="testRunner.TestRun" class="method navigator-link" hash-for-method="runScenario(&quot;Check if pop up include the field- Name as text box&quot;, &quot;Add New Batch Feature Validation&quot;)">runScenario("Check if pop up include the field- Name as text box", "Add New Batch Feature Validation")</a> <!-- method navigator-link -->
                      </span>
                      <br/>
                      <span>
                        <img src="passed.png" width="3%"/>
                        <a href="#" panel-name="suite-Default_suite" title="testRunner.TestRun" class="method navigator-link" hash-for-method="runScenario(&quot;Validate data table headers in the Batch Page&quot;, &quot;Batch Page Validation Feature&quot;)">runScenario("Validate data table headers in the Batch Page", "Batch Page Validation Feature")</a> <!-- method navigator-link -->
                      </span>
                      <br/>
                      <span>
                        <img src="passed.png" width="3%"/>
                        <a href="#" panel-name="suite-Default_suite" title="testRunner.TestRun" class="method navigator-link" hash-for-method="runScenario(&quot;Check if the batch details are added in data table when no of classes is blank&quot;, &quot;Add New Batch Fea...)">runScenario("Check if the batch details are added in data table when no of classes is blank", "Add New Batch Fea...)</a> <!-- method navigator-link -->
                      </span>
                      <br/>
                      <span>
                        <img src="passed.png" width="3%"/>
                        <a href="#" panel-name="suite-Default_suite" title="testRunner.TestRun" class="method navigator-link" hash-for-method="runScenario(&quot;Validate login with valid credentials&quot;, &quot;Login page Validation&quot;)">runScenario("Validate login with valid credentials", "Login page Validation")</a> <!-- method navigator-link -->
                      </span>
                      <br/>
                      <span>
                        <img src="passed.png" width="3%"/>
                        <a href="#" panel-name="suite-Default_suite" title="testRunner.TestRun" class="method navigator-link" hash-for-method="runScenario(&quot;Validate Delete button in Batch Page&quot;, &quot;Batch Page Validation Feature&quot;)">runScenario("Validate Delete button in Batch Page", "Batch Page Validation Feature")</a> <!-- method navigator-link -->
                      </span>
                      <br/>
                      <span>
                        <img src="passed.png" width="3%"/>
                        <a href="#" panel-name="suite-Default_suite" title="testRunner.TestRun" class="method navigator-link" hash-for-method="runScenario(&quot;Validate pagination in the Batch Page&quot;, &quot;Batch Page Validation Feature&quot;)">runScenario("Validate pagination in the Batch Page", "Batch Page Validation Feature")</a> <!-- method navigator-link -->
                      </span>
                      <br/>
                      <span>
                        <img src="passed.png" width="3%"/>
                        <a href="#" panel-name="suite-Default_suite" title="testRunner.TestRun" class="method navigator-link" hash-for-method="runScenario(&quot;Validate row level edit icon&quot;, &quot;Edit Batch features&quot;)">runScenario("Validate row level edit icon", "Edit Batch features")</a> <!-- method navigator-link -->
                      </span>
                      <br/>
                      <span>
                        <img src="passed.png" width="3%"/>
                        <a href="#" panel-name="suite-Default_suite" title="testRunner.TestRun" class="method navigator-link" hash-for-method="runScenario(&quot;Check if the fields are updated with valid values -Update the NoOfClasses&quot;, &quot;Edit Batch features&quot;)">runScenario("Check if the fields are updated with valid values -Update the NoOfClasses", "Edit Batch features")</a> <!-- method navigator-link -->
                      </span>
                      <br/>
                      <span>
                        <img src="passed.png" width="3%"/>
                        <a href="#" panel-name="suite-Default_suite" title="testRunner.TestRun" class="method navigator-link" hash-for-method="runScenario(&quot;Check if pop up include the field- Program Name as drop down&quot;, &quot;Add New Batch Feature Validation&quot;)">runScenario("Check if pop up include the field- Program Name as drop down", "Add New Batch Feature Validation")</a> <!-- method navigator-link -->
                      </span>
                      <br/>
                      <span>
                        <img src="passed.png" width="3%"/>
                        <a href="#" panel-name="suite-Default_suite" title="testRunner.TestRun" class="method navigator-link" hash-for-method="runScenario(&quot;Validate the delete icon below the header&quot;, &quot;Delete Batch/Batches features&quot;)">runScenario("Validate the delete icon below the header", "Delete Batch/Batches features")</a> <!-- method navigator-link -->
                      </span>
                      <br/>
                      <span>
                        <img src="passed.png" width="3%"/>
                        <a href="#" panel-name="suite-Default_suite" title="testRunner.TestRun" class="method navigator-link" hash-for-method="runScenario(&quot;Check if the batch details are added in data table when status is blank&quot;, &quot;Add New Batch Feature Va...)">runScenario("Check if the batch details are added in data table when status is blank", "Add New Batch Feature Va...)</a> <!-- method navigator-link -->
                      </span>
                      <br/>
                      <span>
                        <img src="passed.png" width="3%"/>
                        <a href="#" panel-name="suite-Default_suite" title="testRunner.TestRun" class="method navigator-link" hash-for-method="runScenario(&quot;Check if the batch details are added in data table when program name is blank&quot;, &quot;Add New Batch Feat...)">runScenario("Check if the batch details are added in data table when program name is blank", "Add New Batch Feat...)</a> <!-- method navigator-link -->
                      </span>
                      <br/>
                      <span>
                        <img src="passed.png" width="3%"/>
                        <a href="#" panel-name="suite-Default_suite" title="testRunner.TestRun" class="method navigator-link" hash-for-method="runScenario(&quot;Check if pop up include the field- Status as radio button&quot;, &quot;Add New Batch Feature Validation&quot;)">runScenario("Check if pop up include the field- Status as radio button", "Add New Batch Feature Validation")</a> <!-- method navigator-link -->
                      </span>
                      <br/>
                      <span>
                        <img src="passed.png" width="3%"/>
                        <a href="#" panel-name="suite-Default_suite" title="testRunner.TestRun" class="method navigator-link" hash-for-method="runScenario(&quot;Validate &quot;+ A New batch&quot; in Batch Page&quot;, &quot;Batch Page Validation Feature&quot;)">runScenario("Validate "+ A New batch" in Batch Page", "Batch Page Validation Feature")</a> <!-- method navigator-link -->
                      </span>
                      <br/>
                      <span>
                        <img src="passed.png" width="3%"/>
                        <a href="#" panel-name="suite-Default_suite" title="testRunner.TestRun" class="method navigator-link" hash-for-method="runScenario(&quot;Validate data rows&quot;, &quot;Batch Page Validation Feature&quot;)">runScenario("Validate data rows", "Batch Page Validation Feature")</a> <!-- method navigator-link -->
                      </span>
                      <br/>
                      <span>
                        <img src="passed.png" width="3%"/>
                        <a href="#" panel-name="suite-Default_suite" title="testRunner.TestRun" class="method navigator-link" hash-for-method="runScenario(&quot;Check if the batch details are added in data table while creating new batch with valid values&quot;, &quot;Ad...)">runScenario("Check if the batch details are added in data table while creating new batch with valid values", "Ad...)</a> <!-- method navigator-link -->
                      </span>
                      <br/>
                      <span>
                        <img src="passed.png" width="3%"/>
                        <a href="#" panel-name="suite-Default_suite" title="testRunner.TestRun" class="method navigator-link" hash-for-method="runScenario(&quot;Check if the batch details are added in data table when name is blank click&quot;, &quot;Add New Batch Featur...)">runScenario("Check if the batch details are added in data table when name is blank click", "Add New Batch Featur...)</a> <!-- method navigator-link -->
                      </span>
                      <br/>
                      <span>
                        <img src="passed.png" width="3%"/>
                        <a href="#" panel-name="suite-Default_suite" title="testRunner.TestRun" class="method navigator-link" hash-for-method="runScenario(&quot;Check if the fields are updated with invalid values -Update the Description&quot;, &quot;Edit Batch features&quot;)">runScenario("Check if the fields are updated with invalid values -Update the Description", "Edit Batch features")</a> <!-- method navigator-link -->
                      </span>
                      <br/>
                      <span>
                        <img src="passed.png" width="3%"/>
                        <a href="#" panel-name="suite-Default_suite" title="testRunner.TestRun" class="method navigator-link" hash-for-method="runScenario(&quot;Check if pop up include the field- Number of classes as text box&quot;, &quot;Add New Batch Feature Validatio...)">runScenario("Check if pop up include the field- Number of classes as text box", "Add New Batch Feature Validatio...)</a> <!-- method navigator-link -->
                      </span>
                      <br/>
                      <span>
                        <img src="passed.png" width="3%"/>
                        <a href="#" panel-name="suite-Default_suite" title="testRunner.TestRun" class="method navigator-link" hash-for-method="runScenario(&quot;Check if pop up include the field- Description as text box&quot;, &quot;Add New Batch Feature Validation&quot;)">runScenario("Check if pop up include the field- Description as text box", "Add New Batch Feature Validation")</a> <!-- method navigator-link -->
                      </span>
                      <br/>
                      <span>
                        <img src="passed.png" width="3%"/>
                        <a href="#" panel-name="suite-Default_suite" title="testRunner.TestRun" class="method navigator-link" hash-for-method="runScenario(&quot;Validate row level delete icon&quot;, &quot;Delete Batch/Batches features&quot;)">runScenario("Validate row level delete icon", "Delete Batch/Batches features")</a> <!-- method navigator-link -->
                      </span>
                      <br/>
                      <span>
                        <img src="passed.png" width="3%"/>
                        <a href="#" panel-name="suite-Default_suite" title="testRunner.TestRun" class="method navigator-link" hash-for-method="runScenario(&quot;Validate data rows&quot;, &quot;Batch Page Validation Feature&quot;)">runScenario("Validate data rows", "Batch Page Validation Feature")</a> <!-- method navigator-link -->
                      </span>
                      <br/>
                      <span>
                        <img src="passed.png" width="3%"/>
                        <a href="#" panel-name="suite-Default_suite" title="testRunner.TestRun" class="method navigator-link" hash-for-method="runScenario(&quot;Validate data rows&quot;, &quot;Batch Page Validation Feature&quot;)">runScenario("Validate data rows", "Batch Page Validation Feature")</a> <!-- method navigator-link -->
                      </span>
                      <br/>
                      <span>
                        <img src="passed.png" width="3%"/>
                        <a href="#" panel-name="suite-Default_suite" title="testRunner.TestRun" class="method navigator-link" hash-for-method="runScenario(&quot;Check if the fields are updated with invalid values -Update the NoOfClasses&quot;, &quot;Edit Batch features&quot;)">runScenario("Check if the fields are updated with invalid values -Update the NoOfClasses", "Edit Batch features")</a> <!-- method navigator-link -->
                      </span>
                      <br/>
                    </div> <!-- method-list-content passed suite-Default_suite -->
                  </li>
                </ul>
              </div> <!-- suite-section-content -->
            </div> <!-- result-section -->
          </div> <!-- navigator-suite-content -->
        </div> <!-- rounded-window -->
      </div> <!-- suite -->
    </div> <!-- navigator-root -->
    <div class="wrapper">
      <div class="main-panel-root">
        <div panel-name="suite-Default_suite" class="panel Default_suite">
          <div class="suite-Default_suite-class-failed">
            <div class="main-panel-header rounded-window-top">
              <img src="failed.png"/>
              <span class="class-name">testRunner.TestRun</span>
            </div> <!-- main-panel-header rounded-window-top -->
            <div class="main-panel-content rounded-window-bottom">
              <div class="method">
                <div class="method-content">
                  <a name="runScenario(&quot;Check for error messages for invalid values in fields&quot;, &quot;Add New Batch Feature Validation&quot;)">
                  </a> <!-- runScenario("Check for error messages for invalid values in fields", "Add New Batch Feature Validation") -->
                  <span class="method-name">runScenario</span>
                  <span class="parameters">("Check for error messages for invalid values in fields","Add New Batch Feature Validation")</span>
                  <div class="stack-trace">org.openqa.selenium.NoSuchElementException: Unable to locate element: //small[@id=&apos;text-danger&apos;]
For documentation on this error, please visit: https://selenium.dev/exceptions/#no_such_element
Build info: version: &apos;4.8.1&apos;, revision: &apos;8ebccac989&apos;
System info: os.name: &apos;Windows 11&apos;, os.arch: &apos;amd64&apos;, os.version: &apos;10.0&apos;, java.version: &apos;19.0.2&apos;
Driver info: org.openqa.selenium.firefox.FirefoxDriver
Command: [fefb3e1d-81fe-4f47-9265-1a780fe991c6, findElement {using=xpath, value=//small[@id=&apos;text-danger&apos;]}]
Capabilities {acceptInsecureCerts: true, browserName: firefox, browserVersion: 125.0.2, moz:accessibilityChecks: false, moz:buildID: 20240419144423, moz:debuggerAddress: 127.0.0.1:37644, moz:geckodriverVersion: 0.31.0, moz:headless: false, moz:platformVersion: 10.0, moz:processID: 13132, moz:profile: C:\Users\manas\AppData\Loca..., moz:shutdownTimeout: 60000, moz:webdriverClick: true, moz:windowless: false, pageLoadStrategy: normal, platformName: WINDOWS, proxy: Proxy(), se:cdp: ws://127.0.0.1:37644/devtoo..., se:cdpVersion: 85.0, setWindowRect: true, strictFileInteractability: false, timeouts: {implicit: 0, pageLoad: 300000, script: 30000}, unhandledPromptBehavior: dismiss and notify, userAgent: Mozilla/5.0 (Windows NT 10....}
Session ID: fefb3e1d-81fe-4f47-9265-1a780fe991c6
	at java.base/jdk.internal.reflect.DirectConstructorHandleAccessor.newInstance(DirectConstructorHandleAccessor.java:67)
	at java.base/java.lang.reflect.Constructor.newInstanceWithCaller(Constructor.java:500)
	at java.base/java.lang.reflect.Constructor.newInstance(Constructor.java:484)
	at org.openqa.selenium.remote.codec.w3c.W3CHttpResponseCodec.createException(W3CHttpResponseCodec.java:200)
	at org.openqa.selenium.remote.codec.w3c.W3CHttpResponseCodec.decode(W3CHttpResponseCodec.java:133)
	at org.openqa.selenium.remote.codec.w3c.W3CHttpResponseCodec.decode(W3CHttpResponseCodec.java:53)
	at org.openqa.selenium.remote.HttpCommandExecutor.execute(HttpCommandExecutor.java:184)
	at org.openqa.selenium.remote.service.DriverCommandExecutor.invokeExecute(DriverCommandExecutor.java:167)
	at org.openqa.selenium.remote.service.DriverCommandExecutor.execute(DriverCommandExecutor.java:142)
	at org.openqa.selenium.remote.RemoteWebDriver.execute(RemoteWebDriver.java:543)
	at org.openqa.selenium.remote.ElementLocation$ElementFinder$2.findElement(ElementLocation.java:162)
	at org.openqa.selenium.remote.ElementLocation.findElement(ElementLocation.java:60)
	at org.openqa.selenium.remote.RemoteWebDriver.findElement(RemoteWebDriver.java:352)
	at org.openqa.selenium.remote.RemoteWebDriver.findElement(RemoteWebDriver.java:344)
	at pageObjectModel.Batch_PageObjects.errTextField(Batch_PageObjects.java:421)
	at stepDefinitions.Batch_StepDefinitions.admin_gets_a_error_message_alert_near_the_text_field(Batch_StepDefinitions.java:194)
	at ✽.Admin gets a Error message alert near the text field st(file:///C:/Numpy_Ninja_2024/Team2_Selenium_Apr2024/src/test/resources/features/09batchAdd.feature:50)

</div> <!-- stack-trace -->
                  <em>
(Runs Cucumber Scenarios)                  </em>
                </div> <!-- method-content -->
              </div> <!-- method -->
              <div class="method">
                <div class="method-content">
                  <a name="runScenario(&quot;Check if you get error message when mandatory fields are erased -NoOfClasses&quot;, &quot;Edit Batch features...)">
                  </a> <!-- runScenario("Check if you get error message when mandatory fields are erased -NoOfClasses", "Edit Batch features...) -->
                  <span class="method-name">runScenario</span>
                  <span class="parameters">("Check if you get error message when mandatory fields are erased -NoOfClasses","Edit Batch features")</span>
                  <div class="stack-trace">org.openqa.selenium.NoSuchElementException: Unable to locate element: //small[@id=&apos;text-danger&apos;]
For documentation on this error, please visit: https://selenium.dev/exceptions/#no_such_element
Build info: version: &apos;4.8.1&apos;, revision: &apos;8ebccac989&apos;
System info: os.name: &apos;Windows 11&apos;, os.arch: &apos;amd64&apos;, os.version: &apos;10.0&apos;, java.version: &apos;19.0.2&apos;
Driver info: org.openqa.selenium.firefox.FirefoxDriver
Command: [fefb3e1d-81fe-4f47-9265-1a780fe991c6, findElement {using=xpath, value=//small[@id=&apos;text-danger&apos;]}]
Capabilities {acceptInsecureCerts: true, browserName: firefox, browserVersion: 125.0.2, moz:accessibilityChecks: false, moz:buildID: 20240419144423, moz:debuggerAddress: 127.0.0.1:37644, moz:geckodriverVersion: 0.31.0, moz:headless: false, moz:platformVersion: 10.0, moz:processID: 13132, moz:profile: C:\Users\manas\AppData\Loca..., moz:shutdownTimeout: 60000, moz:webdriverClick: true, moz:windowless: false, pageLoadStrategy: normal, platformName: WINDOWS, proxy: Proxy(), se:cdp: ws://127.0.0.1:37644/devtoo..., se:cdpVersion: 85.0, setWindowRect: true, strictFileInteractability: false, timeouts: {implicit: 0, pageLoad: 300000, script: 30000}, unhandledPromptBehavior: dismiss and notify, userAgent: Mozilla/5.0 (Windows NT 10....}
Session ID: fefb3e1d-81fe-4f47-9265-1a780fe991c6
	at java.base/jdk.internal.reflect.DirectConstructorHandleAccessor.newInstance(DirectConstructorHandleAccessor.java:67)
	at java.base/java.lang.reflect.Constructor.newInstanceWithCaller(Constructor.java:500)
	at java.base/java.lang.reflect.Constructor.newInstance(Constructor.java:484)
	at org.openqa.selenium.remote.codec.w3c.W3CHttpResponseCodec.createException(W3CHttpResponseCodec.java:200)
	at org.openqa.selenium.remote.codec.w3c.W3CHttpResponseCodec.decode(W3CHttpResponseCodec.java:133)
	at org.openqa.selenium.remote.codec.w3c.W3CHttpResponseCodec.decode(W3CHttpResponseCodec.java:53)
	at org.openqa.selenium.remote.HttpCommandExecutor.execute(HttpCommandExecutor.java:184)
	at org.openqa.selenium.remote.service.DriverCommandExecutor.invokeExecute(DriverCommandExecutor.java:167)
	at org.openqa.selenium.remote.service.DriverCommandExecutor.execute(DriverCommandExecutor.java:142)
	at org.openqa.selenium.remote.RemoteWebDriver.execute(RemoteWebDriver.java:543)
	at org.openqa.selenium.remote.ElementLocation$ElementFinder$2.findElement(ElementLocation.java:162)
	at org.openqa.selenium.remote.ElementLocation.findElement(ElementLocation.java:60)
	at org.openqa.selenium.remote.RemoteWebDriver.findElement(RemoteWebDriver.java:352)
	at org.openqa.selenium.remote.RemoteWebDriver.findElement(RemoteWebDriver.java:344)
	at pageObjectModel.Batch_PageObjects.errNoOfClasses(Batch_PageObjects.java:452)
	at stepDefinitions.Batch_StepDefinitions.admin_gets_a_error_message_alert_near_the_no_of_classes_text_field(Batch_StepDefinitions.java:264)
	at ✽.Admin gets a Error message alert near the no of classes text field st(file:///C:/Numpy_Ninja_2024/Team2_Selenium_Apr2024/src/test/resources/features/10batchEdit.feature:49)

</div> <!-- stack-trace -->
                  <em>
(Runs Cucumber Scenarios)                  </em>
                </div> <!-- method-content -->
              </div> <!-- method -->
              <div class="method">
                <div class="method-content">
                  <a name="runScenario(&quot;Check for error messages for invalid values in fields&quot;, &quot;Add New Batch Feature Validation&quot;)">
                  </a> <!-- runScenario("Check for error messages for invalid values in fields", "Add New Batch Feature Validation") -->
                  <span class="method-name">runScenario</span>
                  <span class="parameters">("Check for error messages for invalid values in fields","Add New Batch Feature Validation")</span>
                  <div class="stack-trace">org.openqa.selenium.NoSuchElementException: Unable to locate element: //small[@id=&apos;text-danger&apos;]
For documentation on this error, please visit: https://selenium.dev/exceptions/#no_such_element
Build info: version: &apos;4.8.1&apos;, revision: &apos;8ebccac989&apos;
System info: os.name: &apos;Windows 11&apos;, os.arch: &apos;amd64&apos;, os.version: &apos;10.0&apos;, java.version: &apos;19.0.2&apos;
Driver info: org.openqa.selenium.firefox.FirefoxDriver
Command: [fefb3e1d-81fe-4f47-9265-1a780fe991c6, findElement {using=xpath, value=//small[@id=&apos;text-danger&apos;]}]
Capabilities {acceptInsecureCerts: true, browserName: firefox, browserVersion: 125.0.2, moz:accessibilityChecks: false, moz:buildID: 20240419144423, moz:debuggerAddress: 127.0.0.1:37644, moz:geckodriverVersion: 0.31.0, moz:headless: false, moz:platformVersion: 10.0, moz:processID: 13132, moz:profile: C:\Users\manas\AppData\Loca..., moz:shutdownTimeout: 60000, moz:webdriverClick: true, moz:windowless: false, pageLoadStrategy: normal, platformName: WINDOWS, proxy: Proxy(), se:cdp: ws://127.0.0.1:37644/devtoo..., se:cdpVersion: 85.0, setWindowRect: true, strictFileInteractability: false, timeouts: {implicit: 0, pageLoad: 300000, script: 30000}, unhandledPromptBehavior: dismiss and notify, userAgent: Mozilla/5.0 (Windows NT 10....}
Session ID: fefb3e1d-81fe-4f47-9265-1a780fe991c6
	at java.base/jdk.internal.reflect.DirectConstructorHandleAccessor.newInstance(DirectConstructorHandleAccessor.java:67)
	at java.base/java.lang.reflect.Constructor.newInstanceWithCaller(Constructor.java:500)
	at java.base/java.lang.reflect.Constructor.newInstance(Constructor.java:484)
	at org.openqa.selenium.remote.codec.w3c.W3CHttpResponseCodec.createException(W3CHttpResponseCodec.java:200)
	at org.openqa.selenium.remote.codec.w3c.W3CHttpResponseCodec.decode(W3CHttpResponseCodec.java:133)
	at org.openqa.selenium.remote.codec.w3c.W3CHttpResponseCodec.decode(W3CHttpResponseCodec.java:53)
	at org.openqa.selenium.remote.HttpCommandExecutor.execute(HttpCommandExecutor.java:184)
	at org.openqa.selenium.remote.service.DriverCommandExecutor.invokeExecute(DriverCommandExecutor.java:167)
	at org.openqa.selenium.remote.service.DriverCommandExecutor.execute(DriverCommandExecutor.java:142)
	at org.openqa.selenium.remote.RemoteWebDriver.execute(RemoteWebDriver.java:543)
	at org.openqa.selenium.remote.ElementLocation$ElementFinder$2.findElement(ElementLocation.java:162)
	at org.openqa.selenium.remote.ElementLocation.findElement(ElementLocation.java:60)
	at org.openqa.selenium.remote.RemoteWebDriver.findElement(RemoteWebDriver.java:352)
	at org.openqa.selenium.remote.RemoteWebDriver.findElement(RemoteWebDriver.java:344)
	at pageObjectModel.Batch_PageObjects.errTextField(Batch_PageObjects.java:421)
	at stepDefinitions.Batch_StepDefinitions.admin_gets_a_error_message_alert_near_the_text_field(Batch_StepDefinitions.java:194)
	at ✽.Admin gets a Error message alert near the text field st(file:///C:/Numpy_Ninja_2024/Team2_Selenium_Apr2024/src/test/resources/features/09batchAdd.feature:50)

</div> <!-- stack-trace -->
                  <em>
(Runs Cucumber Scenarios)                  </em>
                </div> <!-- method-content -->
              </div> <!-- method -->
              <div class="method">
                <div class="method-content">
                  <a name="runScenario(&quot;Check if description is optional field while creating new batch&quot;, &quot;Add New Batch Feature Validation...)">
                  </a> <!-- runScenario("Check if description is optional field while creating new batch", "Add New Batch Feature Validation...) -->
                  <span class="method-name">runScenario</span>
                  <span class="parameters">("Check if description is optional field while creating new batch","Add New Batch Feature Validation")</span>
                  <div class="stack-trace">java.lang.AssertionError: expected [qawarriors7] but found [QAWarriors7]
	at org.testng.Assert.fail(Assert.java:110)
	at org.testng.Assert.failNotEquals(Assert.java:1577)
	at org.testng.Assert.assertEqualsImpl(Assert.java:149)
	at org.testng.Assert.assertEquals(Assert.java:131)
	at org.testng.Assert.assertEquals(Assert.java:655)
	at org.testng.Assert.assertEquals(Assert.java:665)
	at pageObjectModel.Batch_PageObjects.isNewBatchAdded(Batch_PageObjects.java:389)
	at stepDefinitions.Batch_StepDefinitions.the_newly_added_batch_should_be_present_in_the_data_table_in_manage_batch_page(Batch_StepDefinitions.java:172)
	at ✽.The newly added batch should be present in the data table in Manage Batch page st(file:///C:/Numpy_Ninja_2024/Team2_Selenium_Apr2024/src/test/resources/features/09batchAdd.feature:39)

</div> <!-- stack-trace -->
                  <em>
(Runs Cucumber Scenarios)                  </em>
                </div> <!-- method-content -->
              </div> <!-- method -->
              <div class="method">
                <div class="method-content">
                  <a name="runScenario(&quot;Check if the fields are updated with valid values -Update the Description&quot;, &quot;Edit Batch features&quot;)">
                  </a> <!-- runScenario("Check if the fields are updated with valid values -Update the Description", "Edit Batch features") -->
                  <span class="method-name">runScenario</span>
                  <span class="parameters">("Check if the fields are updated with valid values -Update the Description","Edit Batch features")</span>
                  <div class="stack-trace">org.openqa.selenium.NoSuchElementException: Unable to locate element: //tbody/tr[1]/td[text()=&apos;level 1&apos;]
For documentation on this error, please visit: https://selenium.dev/exceptions/#no_such_element
Build info: version: &apos;4.8.1&apos;, revision: &apos;8ebccac989&apos;
System info: os.name: &apos;Windows 11&apos;, os.arch: &apos;amd64&apos;, os.version: &apos;10.0&apos;, java.version: &apos;19.0.2&apos;
Driver info: org.openqa.selenium.firefox.FirefoxDriver
Command: [fefb3e1d-81fe-4f47-9265-1a780fe991c6, findElement {using=xpath, value=//tbody/tr[1]/td[text()=&apos;level 1&apos;]}]
Capabilities {acceptInsecureCerts: true, browserName: firefox, browserVersion: 125.0.2, moz:accessibilityChecks: false, moz:buildID: 20240419144423, moz:debuggerAddress: 127.0.0.1:37644, moz:geckodriverVersion: 0.31.0, moz:headless: false, moz:platformVersion: 10.0, moz:processID: 13132, moz:profile: C:\Users\manas\AppData\Loca..., moz:shutdownTimeout: 60000, moz:webdriverClick: true, moz:windowless: false, pageLoadStrategy: normal, platformName: WINDOWS, proxy: Proxy(), se:cdp: ws://127.0.0.1:37644/devtoo..., se:cdpVersion: 85.0, setWindowRect: true, strictFileInteractability: false, timeouts: {implicit: 0, pageLoad: 300000, script: 30000}, unhandledPromptBehavior: dismiss and notify, userAgent: Mozilla/5.0 (Windows NT 10....}
Session ID: fefb3e1d-81fe-4f47-9265-1a780fe991c6
	at java.base/jdk.internal.reflect.DirectConstructorHandleAccessor.newInstance(DirectConstructorHandleAccessor.java:67)
	at java.base/java.lang.reflect.Constructor.newInstanceWithCaller(Constructor.java:500)
	at java.base/java.lang.reflect.Constructor.newInstance(Constructor.java:484)
	at org.openqa.selenium.remote.codec.w3c.W3CHttpResponseCodec.createException(W3CHttpResponseCodec.java:200)
	at org.openqa.selenium.remote.codec.w3c.W3CHttpResponseCodec.decode(W3CHttpResponseCodec.java:133)
	at org.openqa.selenium.remote.codec.w3c.W3CHttpResponseCodec.decode(W3CHttpResponseCodec.java:53)
	at org.openqa.selenium.remote.HttpCommandExecutor.execute(HttpCommandExecutor.java:184)
	at org.openqa.selenium.remote.service.DriverCommandExecutor.invokeExecute(DriverCommandExecutor.java:167)
	at org.openqa.selenium.remote.service.DriverCommandExecutor.execute(DriverCommandExecutor.java:142)
	at org.openqa.selenium.remote.RemoteWebDriver.execute(RemoteWebDriver.java:543)
	at org.openqa.selenium.remote.ElementLocation$ElementFinder$2.findElement(ElementLocation.java:162)
	at org.openqa.selenium.remote.ElementLocation.findElement(ElementLocation.java:60)
	at org.openqa.selenium.remote.RemoteWebDriver.findElement(RemoteWebDriver.java:352)
	at org.openqa.selenium.remote.RemoteWebDriver.findElement(RemoteWebDriver.java:344)
	at pageObjectModel.Batch_PageObjects.updatedDescription(Batch_PageObjects.java:543)
	at stepDefinitions.Batch_StepDefinitions.the_updated_description_should_appear_on_the_data_table(Batch_StepDefinitions.java:299)
	at ✽.The updated Description -&quot;level 1&quot; should appear on the data table st(file:///C:/Numpy_Ninja_2024/Team2_Selenium_Apr2024/src/test/resources/features/10batchEdit.feature:19)

</div> <!-- stack-trace -->
                  <em>
(Runs Cucumber Scenarios)                  </em>
                </div> <!-- method-content -->
              </div> <!-- method -->
              <div class="method">
                <div class="method-content">
                  <a name="runScenario(&quot;Check if the fields are updated -Update the Status&quot;, &quot;Edit Batch features&quot;)">
                  </a> <!-- runScenario("Check if the fields are updated -Update the Status", "Edit Batch features") -->
                  <span class="method-name">runScenario</span>
                  <span class="parameters">("Check if the fields are updated -Update the Status","Edit Batch features")</span>
                  <div class="stack-trace">java.lang.AssertionError: expected [INACTIVE] but found [ACTIVE]
	at org.testng.Assert.fail(Assert.java:110)
	at org.testng.Assert.failNotEquals(Assert.java:1577)
	at org.testng.Assert.assertEqualsImpl(Assert.java:149)
	at org.testng.Assert.assertEquals(Assert.java:131)
	at org.testng.Assert.assertEquals(Assert.java:655)
	at org.testng.Assert.assertEquals(Assert.java:665)
	at pageObjectModel.Batch_PageObjects.updatedStatus(Batch_PageObjects.java:607)
	at stepDefinitions.Batch_StepDefinitions.the_updated_status_should_appear_on_the_data_table(Batch_StepDefinitions.java:327)
	at ✽.The updated Status should appear on the data table st(file:///C:/Numpy_Ninja_2024/Team2_Selenium_Apr2024/src/test/resources/features/10batchEdit.feature:31)

</div> <!-- stack-trace -->
                  <em>
(Runs Cucumber Scenarios)                  </em>
                </div> <!-- method-content -->
              </div> <!-- method -->
              <div class="method">
                <div class="method-content">
                  <a name="runScenario(&quot;Validate accept alert&quot;, &quot;Delete Batch/Batches features&quot;)">
                  </a> <!-- runScenario("Validate accept alert", "Delete Batch/Batches features") -->
                  <span class="method-name">runScenario</span>
                  <span class="parameters">("Validate accept alert","Delete Batch/Batches features")</span>
                  <div class="stack-trace">java.lang.AssertionError: expected [true] but found [false]
	at org.testng.Assert.fail(Assert.java:110)
	at org.testng.Assert.failNotEquals(Assert.java:1577)
	at org.testng.Assert.assertTrue(Assert.java:56)
	at org.testng.Assert.assertTrue(Assert.java:66)
	at pageObjectModel.Batch_PageObjects.isBatchAbsent(Batch_PageObjects.java:693)
	at stepDefinitions.Batch_StepDefinitions.batch_deleted_alert_pops_and_batch_is_no_more_available_in_data_table(Batch_StepDefinitions.java:417)
	at ✽.Batch deleted alert pops and batch is no more available in data table st(file:///C:/Numpy_Ninja_2024/Team2_Selenium_Apr2024/src/test/resources/features/11batchDelete.feature:19)

</div> <!-- stack-trace -->
                  <em>
(Runs Cucumber Scenarios)                  </em>
                </div> <!-- method-content -->
              </div> <!-- method -->
              <div class="method">
                <div class="method-content">
                  <a name="runScenario(&quot;Check for multi row delete&quot;, &quot;Delete Batch/Batches features&quot;)">
                  </a> <!-- runScenario("Check for multi row delete", "Delete Batch/Batches features") -->
                  <span class="method-name">runScenario</span>
                  <span class="parameters">("Check for multi row delete","Delete Batch/Batches features")</span>
                  <div class="stack-trace">org.openqa.selenium.NoSuchElementException: Unable to locate element: //td[text()=&apos;qawarriors&apos;]/../td/p-tablecheckbox/div
For documentation on this error, please visit: https://selenium.dev/exceptions/#no_such_element
Build info: version: &apos;4.8.1&apos;, revision: &apos;8ebccac989&apos;
System info: os.name: &apos;Windows 11&apos;, os.arch: &apos;amd64&apos;, os.version: &apos;10.0&apos;, java.version: &apos;19.0.2&apos;
Driver info: org.openqa.selenium.firefox.FirefoxDriver
Command: [fefb3e1d-81fe-4f47-9265-1a780fe991c6, findElement {using=xpath, value=//td[text()=&apos;qawarriors&apos;]/../td/p-tablecheckbox/div}]
Capabilities {acceptInsecureCerts: true, browserName: firefox, browserVersion: 125.0.2, moz:accessibilityChecks: false, moz:buildID: 20240419144423, moz:debuggerAddress: 127.0.0.1:37644, moz:geckodriverVersion: 0.31.0, moz:headless: false, moz:platformVersion: 10.0, moz:processID: 13132, moz:profile: C:\Users\manas\AppData\Loca..., moz:shutdownTimeout: 60000, moz:webdriverClick: true, moz:windowless: false, pageLoadStrategy: normal, platformName: WINDOWS, proxy: Proxy(), se:cdp: ws://127.0.0.1:37644/devtoo..., se:cdpVersion: 85.0, setWindowRect: true, strictFileInteractability: false, timeouts: {implicit: 0, pageLoad: 300000, script: 30000}, unhandledPromptBehavior: dismiss and notify, userAgent: Mozilla/5.0 (Windows NT 10....}
Session ID: fefb3e1d-81fe-4f47-9265-1a780fe991c6
	at java.base/jdk.internal.reflect.DirectConstructorHandleAccessor.newInstance(DirectConstructorHandleAccessor.java:67)
	at java.base/java.lang.reflect.Constructor.newInstanceWithCaller(Constructor.java:500)
	at java.base/java.lang.reflect.Constructor.newInstance(Constructor.java:484)
	at org.openqa.selenium.remote.codec.w3c.W3CHttpResponseCodec.createException(W3CHttpResponseCodec.java:200)
	at org.openqa.selenium.remote.codec.w3c.W3CHttpResponseCodec.decode(W3CHttpResponseCodec.java:133)
	at org.openqa.selenium.remote.codec.w3c.W3CHttpResponseCodec.decode(W3CHttpResponseCodec.java:53)
	at org.openqa.selenium.remote.HttpCommandExecutor.execute(HttpCommandExecutor.java:184)
	at org.openqa.selenium.remote.service.DriverCommandExecutor.invokeExecute(DriverCommandExecutor.java:167)
	at org.openqa.selenium.remote.service.DriverCommandExecutor.execute(DriverCommandExecutor.java:142)
	at org.openqa.selenium.remote.RemoteWebDriver.execute(RemoteWebDriver.java:543)
	at org.openqa.selenium.remote.ElementLocation$ElementFinder$2.findElement(ElementLocation.java:162)
	at org.openqa.selenium.remote.ElementLocation.findElement(ElementLocation.java:60)
	at org.openqa.selenium.remote.RemoteWebDriver.findElement(RemoteWebDriver.java:352)
	at org.openqa.selenium.remote.RemoteWebDriver.findElement(RemoteWebDriver.java:344)
	at pageObjectModel.Batch_PageObjects.selectMultipleCheckBox(Batch_PageObjects.java:712)
	at stepDefinitions.Batch_StepDefinitions.two_or_more_checkboxes_or_row_is_selected(Batch_StepDefinitions.java:488)
	at ✽.Two or more checkboxes or row is selected st(file:///C:/Numpy_Ninja_2024/Team2_Selenium_Apr2024/src/test/resources/features/11batchDelete.feature:40)

</div> <!-- stack-trace -->
                  <em>
(Runs Cucumber Scenarios)                  </em>
                </div> <!-- method-content -->
              </div> <!-- method -->
              <div class="method">
                <div class="method-content">
                  <a name="runScenario(&quot;Validate reject alert&quot;, &quot;Delete Batch/Batches features&quot;)">
                  </a> <!-- runScenario("Validate reject alert", "Delete Batch/Batches features") -->
                  <span class="method-name">runScenario</span>
                  <span class="parameters">("Validate reject alert","Delete Batch/Batches features")</span>
                  <div class="stack-trace">org.openqa.selenium.NoSuchElementException: Unable to locate element: //td[text()=&apos;qawarriors&apos;]
For documentation on this error, please visit: https://selenium.dev/exceptions/#no_such_element
Build info: version: &apos;4.8.1&apos;, revision: &apos;8ebccac989&apos;
System info: os.name: &apos;Windows 11&apos;, os.arch: &apos;amd64&apos;, os.version: &apos;10.0&apos;, java.version: &apos;19.0.2&apos;
Driver info: org.openqa.selenium.firefox.FirefoxDriver
Command: [fefb3e1d-81fe-4f47-9265-1a780fe991c6, findElement {using=xpath, value=//td[text()=&apos;qawarriors&apos;]}]
Capabilities {acceptInsecureCerts: true, browserName: firefox, browserVersion: 125.0.2, moz:accessibilityChecks: false, moz:buildID: 20240419144423, moz:debuggerAddress: 127.0.0.1:37644, moz:geckodriverVersion: 0.31.0, moz:headless: false, moz:platformVersion: 10.0, moz:processID: 13132, moz:profile: C:\Users\manas\AppData\Loca..., moz:shutdownTimeout: 60000, moz:webdriverClick: true, moz:windowless: false, pageLoadStrategy: normal, platformName: WINDOWS, proxy: Proxy(), se:cdp: ws://127.0.0.1:37644/devtoo..., se:cdpVersion: 85.0, setWindowRect: true, strictFileInteractability: false, timeouts: {implicit: 0, pageLoad: 300000, script: 30000}, unhandledPromptBehavior: dismiss and notify, userAgent: Mozilla/5.0 (Windows NT 10....}
Session ID: fefb3e1d-81fe-4f47-9265-1a780fe991c6
	at java.base/jdk.internal.reflect.DirectConstructorHandleAccessor.newInstance(DirectConstructorHandleAccessor.java:67)
	at java.base/java.lang.reflect.Constructor.newInstanceWithCaller(Constructor.java:500)
	at java.base/java.lang.reflect.Constructor.newInstance(Constructor.java:484)
	at org.openqa.selenium.remote.codec.w3c.W3CHttpResponseCodec.createException(W3CHttpResponseCodec.java:200)
	at org.openqa.selenium.remote.codec.w3c.W3CHttpResponseCodec.decode(W3CHttpResponseCodec.java:133)
	at org.openqa.selenium.remote.codec.w3c.W3CHttpResponseCodec.decode(W3CHttpResponseCodec.java:53)
	at org.openqa.selenium.remote.HttpCommandExecutor.execute(HttpCommandExecutor.java:184)
	at org.openqa.selenium.remote.service.DriverCommandExecutor.invokeExecute(DriverCommandExecutor.java:167)
	at org.openqa.selenium.remote.service.DriverCommandExecutor.execute(DriverCommandExecutor.java:142)
	at org.openqa.selenium.remote.RemoteWebDriver.execute(RemoteWebDriver.java:543)
	at org.openqa.selenium.remote.ElementLocation$ElementFinder$2.findElement(ElementLocation.java:162)
	at org.openqa.selenium.remote.ElementLocation.findElement(ElementLocation.java:60)
	at org.openqa.selenium.remote.RemoteWebDriver.findElement(RemoteWebDriver.java:352)
	at org.openqa.selenium.remote.RemoteWebDriver.findElement(RemoteWebDriver.java:344)
	at pageObjectModel.Batch_PageObjects.isBatchPresent(Batch_PageObjects.java:679)
	at stepDefinitions.Batch_StepDefinitions.batch_is_still_listed_in_data_table(Batch_StepDefinitions.java:441)
	at ✽.Batch is still listed in data table st(file:///C:/Numpy_Ninja_2024/Team2_Selenium_Apr2024/src/test/resources/features/11batchDelete.feature:25)

</div> <!-- stack-trace -->
                  <em>
(Runs Cucumber Scenarios)                  </em>
                </div> <!-- method-content -->
              </div> <!-- method -->
              <div class="method">
                <div class="method-content">
                  <a name="runScenario(&quot;Check for error messages for invalid values in fields&quot;, &quot;Add New Batch Feature Validation&quot;)">
                  </a> <!-- runScenario("Check for error messages for invalid values in fields", "Add New Batch Feature Validation") -->
                  <span class="method-name">runScenario</span>
                  <span class="parameters">("Check for error messages for invalid values in fields","Add New Batch Feature Validation")</span>
                  <div class="stack-trace">org.openqa.selenium.NoSuchElementException: Unable to locate element: //small[@id=&apos;text-danger&apos;]
For documentation on this error, please visit: https://selenium.dev/exceptions/#no_such_element
Build info: version: &apos;4.8.1&apos;, revision: &apos;8ebccac989&apos;
System info: os.name: &apos;Windows 11&apos;, os.arch: &apos;amd64&apos;, os.version: &apos;10.0&apos;, java.version: &apos;19.0.2&apos;
Driver info: org.openqa.selenium.firefox.FirefoxDriver
Command: [fefb3e1d-81fe-4f47-9265-1a780fe991c6, findElement {using=xpath, value=//small[@id=&apos;text-danger&apos;]}]
Capabilities {acceptInsecureCerts: true, browserName: firefox, browserVersion: 125.0.2, moz:accessibilityChecks: false, moz:buildID: 20240419144423, moz:debuggerAddress: 127.0.0.1:37644, moz:geckodriverVersion: 0.31.0, moz:headless: false, moz:platformVersion: 10.0, moz:processID: 13132, moz:profile: C:\Users\manas\AppData\Loca..., moz:shutdownTimeout: 60000, moz:webdriverClick: true, moz:windowless: false, pageLoadStrategy: normal, platformName: WINDOWS, proxy: Proxy(), se:cdp: ws://127.0.0.1:37644/devtoo..., se:cdpVersion: 85.0, setWindowRect: true, strictFileInteractability: false, timeouts: {implicit: 0, pageLoad: 300000, script: 30000}, unhandledPromptBehavior: dismiss and notify, userAgent: Mozilla/5.0 (Windows NT 10....}
Session ID: fefb3e1d-81fe-4f47-9265-1a780fe991c6
	at java.base/jdk.internal.reflect.DirectConstructorHandleAccessor.newInstance(DirectConstructorHandleAccessor.java:67)
	at java.base/java.lang.reflect.Constructor.newInstanceWithCaller(Constructor.java:500)
	at java.base/java.lang.reflect.Constructor.newInstance(Constructor.java:484)
	at org.openqa.selenium.remote.codec.w3c.W3CHttpResponseCodec.createException(W3CHttpResponseCodec.java:200)
	at org.openqa.selenium.remote.codec.w3c.W3CHttpResponseCodec.decode(W3CHttpResponseCodec.java:133)
	at org.openqa.selenium.remote.codec.w3c.W3CHttpResponseCodec.decode(W3CHttpResponseCodec.java:53)
	at org.openqa.selenium.remote.HttpCommandExecutor.execute(HttpCommandExecutor.java:184)
	at org.openqa.selenium.remote.service.DriverCommandExecutor.invokeExecute(DriverCommandExecutor.java:167)
	at org.openqa.selenium.remote.service.DriverCommandExecutor.execute(DriverCommandExecutor.java:142)
	at org.openqa.selenium.remote.RemoteWebDriver.execute(RemoteWebDriver.java:543)
	at org.openqa.selenium.remote.ElementLocation$ElementFinder$2.findElement(ElementLocation.java:162)
	at org.openqa.selenium.remote.ElementLocation.findElement(ElementLocation.java:60)
	at org.openqa.selenium.remote.RemoteWebDriver.findElement(RemoteWebDriver.java:352)
	at org.openqa.selenium.remote.RemoteWebDriver.findElement(RemoteWebDriver.java:344)
	at pageObjectModel.Batch_PageObjects.errTextField(Batch_PageObjects.java:421)
	at stepDefinitions.Batch_StepDefinitions.admin_gets_a_error_message_alert_near_the_text_field(Batch_StepDefinitions.java:194)
	at ✽.Admin gets a Error message alert near the text field st(file:///C:/Numpy_Ninja_2024/Team2_Selenium_Apr2024/src/test/resources/features/09batchAdd.feature:50)

</div> <!-- stack-trace -->
                  <em>
(Runs Cucumber Scenarios)                  </em>
                </div> <!-- method-content -->
              </div> <!-- method -->
              <div class="method">
                <div class="method-content">
                  <a name="runScenario(&quot;Check for single row delete&quot;, &quot;Delete Batch/Batches features&quot;)">
                  </a> <!-- runScenario("Check for single row delete", "Delete Batch/Batches features") -->
                  <span class="method-name">runScenario</span>
                  <span class="parameters">("Check for single row delete","Delete Batch/Batches features")</span>
                  <div class="stack-trace">org.openqa.selenium.NoSuchElementException: Unable to locate element: //td[text()=&apos;qawarriors&apos;]/../td/p-tablecheckbox/div
For documentation on this error, please visit: https://selenium.dev/exceptions/#no_such_element
Build info: version: &apos;4.8.1&apos;, revision: &apos;8ebccac989&apos;
System info: os.name: &apos;Windows 11&apos;, os.arch: &apos;amd64&apos;, os.version: &apos;10.0&apos;, java.version: &apos;19.0.2&apos;
Driver info: org.openqa.selenium.firefox.FirefoxDriver
Command: [fefb3e1d-81fe-4f47-9265-1a780fe991c6, findElement {using=xpath, value=//td[text()=&apos;qawarriors&apos;]/../td/p-tablecheckbox/div}]
Capabilities {acceptInsecureCerts: true, browserName: firefox, browserVersion: 125.0.2, moz:accessibilityChecks: false, moz:buildID: 20240419144423, moz:debuggerAddress: 127.0.0.1:37644, moz:geckodriverVersion: 0.31.0, moz:headless: false, moz:platformVersion: 10.0, moz:processID: 13132, moz:profile: C:\Users\manas\AppData\Loca..., moz:shutdownTimeout: 60000, moz:webdriverClick: true, moz:windowless: false, pageLoadStrategy: normal, platformName: WINDOWS, proxy: Proxy(), se:cdp: ws://127.0.0.1:37644/devtoo..., se:cdpVersion: 85.0, setWindowRect: true, strictFileInteractability: false, timeouts: {implicit: 0, pageLoad: 300000, script: 30000}, unhandledPromptBehavior: dismiss and notify, userAgent: Mozilla/5.0 (Windows NT 10....}
Session ID: fefb3e1d-81fe-4f47-9265-1a780fe991c6
	at java.base/jdk.internal.reflect.DirectConstructorHandleAccessor.newInstance(DirectConstructorHandleAccessor.java:67)
	at java.base/java.lang.reflect.Constructor.newInstanceWithCaller(Constructor.java:500)
	at java.base/java.lang.reflect.Constructor.newInstance(Constructor.java:484)
	at org.openqa.selenium.remote.codec.w3c.W3CHttpResponseCodec.createException(W3CHttpResponseCodec.java:200)
	at org.openqa.selenium.remote.codec.w3c.W3CHttpResponseCodec.decode(W3CHttpResponseCodec.java:133)
	at org.openqa.selenium.remote.codec.w3c.W3CHttpResponseCodec.decode(W3CHttpResponseCodec.java:53)
	at org.openqa.selenium.remote.HttpCommandExecutor.execute(HttpCommandExecutor.java:184)
	at org.openqa.selenium.remote.service.DriverCommandExecutor.invokeExecute(DriverCommandExecutor.java:167)
	at org.openqa.selenium.remote.service.DriverCommandExecutor.execute(DriverCommandExecutor.java:142)
	at org.openqa.selenium.remote.RemoteWebDriver.execute(RemoteWebDriver.java:543)
	at org.openqa.selenium.remote.ElementLocation$ElementFinder$2.findElement(ElementLocation.java:162)
	at org.openqa.selenium.remote.ElementLocation.findElement(ElementLocation.java:60)
	at org.openqa.selenium.remote.RemoteWebDriver.findElement(RemoteWebDriver.java:352)
	at org.openqa.selenium.remote.RemoteWebDriver.findElement(RemoteWebDriver.java:344)
	at pageObjectModel.Batch_PageObjects.selectCheckBox(Batch_PageObjects.java:706)
	at stepDefinitions.Batch_StepDefinitions.one_of_the_checkbox_row_is_selected(Batch_StepDefinitions.java:463)
	at ✽.One of the checkbox or row is selected st(file:///C:/Numpy_Ninja_2024/Team2_Selenium_Apr2024/src/test/resources/features/11batchDelete.feature:34)

</div> <!-- stack-trace -->
                  <em>
(Runs Cucumber Scenarios)                  </em>
                </div> <!-- method-content -->
              </div> <!-- method -->
              <div class="method">
                <div class="method-content">
                  <a name="runScenario(&quot;Check if description field is optional in update&quot;, &quot;Edit Batch features&quot;)">
                  </a> <!-- runScenario("Check if description field is optional in update", "Edit Batch features") -->
                  <span class="method-name">runScenario</span>
                  <span class="parameters">("Check if description field is optional in update","Edit Batch features")</span>
                  <div class="stack-trace">org.openqa.selenium.NoSuchElementException: Unable to locate element: //tbody/tr[1]/td[text()=&apos;level 1&apos;]
For documentation on this error, please visit: https://selenium.dev/exceptions/#no_such_element
Build info: version: &apos;4.8.1&apos;, revision: &apos;8ebccac989&apos;
System info: os.name: &apos;Windows 11&apos;, os.arch: &apos;amd64&apos;, os.version: &apos;10.0&apos;, java.version: &apos;19.0.2&apos;
Driver info: org.openqa.selenium.firefox.FirefoxDriver
Command: [fefb3e1d-81fe-4f47-9265-1a780fe991c6, findElement {using=xpath, value=//tbody/tr[1]/td[text()=&apos;level 1&apos;]}]
Capabilities {acceptInsecureCerts: true, browserName: firefox, browserVersion: 125.0.2, moz:accessibilityChecks: false, moz:buildID: 20240419144423, moz:debuggerAddress: 127.0.0.1:37644, moz:geckodriverVersion: 0.31.0, moz:headless: false, moz:platformVersion: 10.0, moz:processID: 13132, moz:profile: C:\Users\manas\AppData\Loca..., moz:shutdownTimeout: 60000, moz:webdriverClick: true, moz:windowless: false, pageLoadStrategy: normal, platformName: WINDOWS, proxy: Proxy(), se:cdp: ws://127.0.0.1:37644/devtoo..., se:cdpVersion: 85.0, setWindowRect: true, strictFileInteractability: false, timeouts: {implicit: 0, pageLoad: 300000, script: 30000}, unhandledPromptBehavior: dismiss and notify, userAgent: Mozilla/5.0 (Windows NT 10....}
Session ID: fefb3e1d-81fe-4f47-9265-1a780fe991c6
	at java.base/jdk.internal.reflect.DirectConstructorHandleAccessor.newInstance(DirectConstructorHandleAccessor.java:67)
	at java.base/java.lang.reflect.Constructor.newInstanceWithCaller(Constructor.java:500)
	at java.base/java.lang.reflect.Constructor.newInstance(Constructor.java:484)
	at org.openqa.selenium.remote.codec.w3c.W3CHttpResponseCodec.createException(W3CHttpResponseCodec.java:200)
	at org.openqa.selenium.remote.codec.w3c.W3CHttpResponseCodec.decode(W3CHttpResponseCodec.java:133)
	at org.openqa.selenium.remote.codec.w3c.W3CHttpResponseCodec.decode(W3CHttpResponseCodec.java:53)
	at org.openqa.selenium.remote.HttpCommandExecutor.execute(HttpCommandExecutor.java:184)
	at org.openqa.selenium.remote.service.DriverCommandExecutor.invokeExecute(DriverCommandExecutor.java:167)
	at org.openqa.selenium.remote.service.DriverCommandExecutor.execute(DriverCommandExecutor.java:142)
	at org.openqa.selenium.remote.RemoteWebDriver.execute(RemoteWebDriver.java:543)
	at org.openqa.selenium.remote.ElementLocation$ElementFinder$2.findElement(ElementLocation.java:162)
	at org.openqa.selenium.remote.ElementLocation.findElement(ElementLocation.java:60)
	at org.openqa.selenium.remote.RemoteWebDriver.findElement(RemoteWebDriver.java:352)
	at org.openqa.selenium.remote.RemoteWebDriver.findElement(RemoteWebDriver.java:344)
	at pageObjectModel.Batch_PageObjects.updatedDescription1(Batch_PageObjects.java:613)
	at stepDefinitions.Batch_StepDefinitions.the_updated_batch_details_should_appear_on_the_data_table(Batch_StepDefinitions.java:369)
	at ✽.The updated batch details should appear on the data table st(file:///C:/Numpy_Ninja_2024/Team2_Selenium_Apr2024/src/test/resources/features/10batchEdit.feature:55)

</div> <!-- stack-trace -->
                  <em>
(Runs Cucumber Scenarios)                  </em>
                </div> <!-- method-content -->
              </div> <!-- method -->
              <div class="method">
                <div class="method-content">
                  <a name="runScenario(&quot;Check for error messages for invalid values in fields&quot;, &quot;Add New Batch Feature Validation&quot;)">
                  </a> <!-- runScenario("Check for error messages for invalid values in fields", "Add New Batch Feature Validation") -->
                  <span class="method-name">runScenario</span>
                  <span class="parameters">("Check for error messages for invalid values in fields","Add New Batch Feature Validation")</span>
                  <div class="stack-trace">org.openqa.selenium.NoSuchElementException: Unable to locate element: //small[@id=&apos;text-danger&apos;]
For documentation on this error, please visit: https://selenium.dev/exceptions/#no_such_element
Build info: version: &apos;4.8.1&apos;, revision: &apos;8ebccac989&apos;
System info: os.name: &apos;Windows 11&apos;, os.arch: &apos;amd64&apos;, os.version: &apos;10.0&apos;, java.version: &apos;19.0.2&apos;
Driver info: org.openqa.selenium.firefox.FirefoxDriver
Command: [fefb3e1d-81fe-4f47-9265-1a780fe991c6, findElement {using=xpath, value=//small[@id=&apos;text-danger&apos;]}]
Capabilities {acceptInsecureCerts: true, browserName: firefox, browserVersion: 125.0.2, moz:accessibilityChecks: false, moz:buildID: 20240419144423, moz:debuggerAddress: 127.0.0.1:37644, moz:geckodriverVersion: 0.31.0, moz:headless: false, moz:platformVersion: 10.0, moz:processID: 13132, moz:profile: C:\Users\manas\AppData\Loca..., moz:shutdownTimeout: 60000, moz:webdriverClick: true, moz:windowless: false, pageLoadStrategy: normal, platformName: WINDOWS, proxy: Proxy(), se:cdp: ws://127.0.0.1:37644/devtoo..., se:cdpVersion: 85.0, setWindowRect: true, strictFileInteractability: false, timeouts: {implicit: 0, pageLoad: 300000, script: 30000}, unhandledPromptBehavior: dismiss and notify, userAgent: Mozilla/5.0 (Windows NT 10....}
Session ID: fefb3e1d-81fe-4f47-9265-1a780fe991c6
	at java.base/jdk.internal.reflect.DirectConstructorHandleAccessor.newInstance(DirectConstructorHandleAccessor.java:67)
	at java.base/java.lang.reflect.Constructor.newInstanceWithCaller(Constructor.java:500)
	at java.base/java.lang.reflect.Constructor.newInstance(Constructor.java:484)
	at org.openqa.selenium.remote.codec.w3c.W3CHttpResponseCodec.createException(W3CHttpResponseCodec.java:200)
	at org.openqa.selenium.remote.codec.w3c.W3CHttpResponseCodec.decode(W3CHttpResponseCodec.java:133)
	at org.openqa.selenium.remote.codec.w3c.W3CHttpResponseCodec.decode(W3CHttpResponseCodec.java:53)
	at org.openqa.selenium.remote.HttpCommandExecutor.execute(HttpCommandExecutor.java:184)
	at org.openqa.selenium.remote.service.DriverCommandExecutor.invokeExecute(DriverCommandExecutor.java:167)
	at org.openqa.selenium.remote.service.DriverCommandExecutor.execute(DriverCommandExecutor.java:142)
	at org.openqa.selenium.remote.RemoteWebDriver.execute(RemoteWebDriver.java:543)
	at org.openqa.selenium.remote.ElementLocation$ElementFinder$2.findElement(ElementLocation.java:162)
	at org.openqa.selenium.remote.ElementLocation.findElement(ElementLocation.java:60)
	at org.openqa.selenium.remote.RemoteWebDriver.findElement(RemoteWebDriver.java:352)
	at org.openqa.selenium.remote.RemoteWebDriver.findElement(RemoteWebDriver.java:344)
	at pageObjectModel.Batch_PageObjects.errTextField(Batch_PageObjects.java:421)
	at stepDefinitions.Batch_StepDefinitions.admin_gets_a_error_message_alert_near_the_text_field(Batch_StepDefinitions.java:194)
	at ✽.Admin gets a Error message alert near the text field st(file:///C:/Numpy_Ninja_2024/Team2_Selenium_Apr2024/src/test/resources/features/09batchAdd.feature:50)

</div> <!-- stack-trace -->
                  <em>
(Runs Cucumber Scenarios)                  </em>
                </div> <!-- method-content -->
              </div> <!-- method -->
              <div class="method">
                <div class="method-content">
                  <a name="runScenario(&quot;Check for error messages for invalid values in fields&quot;, &quot;Add New Batch Feature Validation&quot;)">
                  </a> <!-- runScenario("Check for error messages for invalid values in fields", "Add New Batch Feature Validation") -->
                  <span class="method-name">runScenario</span>
                  <span class="parameters">("Check for error messages for invalid values in fields","Add New Batch Feature Validation")</span>
                  <div class="stack-trace">org.openqa.selenium.NoSuchElementException: Unable to locate element: //small[@id=&apos;text-danger&apos;]
For documentation on this error, please visit: https://selenium.dev/exceptions/#no_such_element
Build info: version: &apos;4.8.1&apos;, revision: &apos;8ebccac989&apos;
System info: os.name: &apos;Windows 11&apos;, os.arch: &apos;amd64&apos;, os.version: &apos;10.0&apos;, java.version: &apos;19.0.2&apos;
Driver info: org.openqa.selenium.firefox.FirefoxDriver
Command: [fefb3e1d-81fe-4f47-9265-1a780fe991c6, findElement {using=xpath, value=//small[@id=&apos;text-danger&apos;]}]
Capabilities {acceptInsecureCerts: true, browserName: firefox, browserVersion: 125.0.2, moz:accessibilityChecks: false, moz:buildID: 20240419144423, moz:debuggerAddress: 127.0.0.1:37644, moz:geckodriverVersion: 0.31.0, moz:headless: false, moz:platformVersion: 10.0, moz:processID: 13132, moz:profile: C:\Users\manas\AppData\Loca..., moz:shutdownTimeout: 60000, moz:webdriverClick: true, moz:windowless: false, pageLoadStrategy: normal, platformName: WINDOWS, proxy: Proxy(), se:cdp: ws://127.0.0.1:37644/devtoo..., se:cdpVersion: 85.0, setWindowRect: true, strictFileInteractability: false, timeouts: {implicit: 0, pageLoad: 300000, script: 30000}, unhandledPromptBehavior: dismiss and notify, userAgent: Mozilla/5.0 (Windows NT 10....}
Session ID: fefb3e1d-81fe-4f47-9265-1a780fe991c6
	at java.base/jdk.internal.reflect.DirectConstructorHandleAccessor.newInstance(DirectConstructorHandleAccessor.java:67)
	at java.base/java.lang.reflect.Constructor.newInstanceWithCaller(Constructor.java:500)
	at java.base/java.lang.reflect.Constructor.newInstance(Constructor.java:484)
	at org.openqa.selenium.remote.codec.w3c.W3CHttpResponseCodec.createException(W3CHttpResponseCodec.java:200)
	at org.openqa.selenium.remote.codec.w3c.W3CHttpResponseCodec.decode(W3CHttpResponseCodec.java:133)
	at org.openqa.selenium.remote.codec.w3c.W3CHttpResponseCodec.decode(W3CHttpResponseCodec.java:53)
	at org.openqa.selenium.remote.HttpCommandExecutor.execute(HttpCommandExecutor.java:184)
	at org.openqa.selenium.remote.service.DriverCommandExecutor.invokeExecute(DriverCommandExecutor.java:167)
	at org.openqa.selenium.remote.service.DriverCommandExecutor.execute(DriverCommandExecutor.java:142)
	at org.openqa.selenium.remote.RemoteWebDriver.execute(RemoteWebDriver.java:543)
	at org.openqa.selenium.remote.ElementLocation$ElementFinder$2.findElement(ElementLocation.java:162)
	at org.openqa.selenium.remote.ElementLocation.findElement(ElementLocation.java:60)
	at org.openqa.selenium.remote.RemoteWebDriver.findElement(RemoteWebDriver.java:352)
	at org.openqa.selenium.remote.RemoteWebDriver.findElement(RemoteWebDriver.java:344)
	at pageObjectModel.Batch_PageObjects.errTextField(Batch_PageObjects.java:421)
	at stepDefinitions.Batch_StepDefinitions.admin_gets_a_error_message_alert_near_the_text_field(Batch_StepDefinitions.java:194)
	at ✽.Admin gets a Error message alert near the text field st(file:///C:/Numpy_Ninja_2024/Team2_Selenium_Apr2024/src/test/resources/features/09batchAdd.feature:50)

</div> <!-- stack-trace -->
                  <em>
(Runs Cucumber Scenarios)                  </em>
                </div> <!-- method-content -->
              </div> <!-- method -->
              <div class="method">
                <div class="method-content">
                  <a name="runScenario(&quot;Validate landing in Batch page&quot;, &quot;Batch Page Validation Feature&quot;)">
                  </a> <!-- runScenario("Validate landing in Batch page", "Batch Page Validation Feature") -->
                  <span class="method-name">runScenario</span>
                  <span class="parameters">("Validate landing in Batch page","Batch Page Validation Feature")</span>
                  <div class="stack-trace">java.lang.AssertionError: expected [true] but found [false]
	at org.testng.Assert.fail(Assert.java:110)
	at org.testng.Assert.failNotEquals(Assert.java:1577)
	at org.testng.Assert.assertTrue(Assert.java:56)
	at org.testng.Assert.assertTrue(Assert.java:66)
	at pageObjectModel.Batch_PageObjects.batchUrlValidation(Batch_PageObjects.java:130)
	at stepDefinitions.Batch_StepDefinitions.admin_should_see_the_in_the_url(Batch_StepDefinitions.java:44)
	at ✽.Admin should see the &quot;Manage Batch&quot; in the URL st(file:///C:/Numpy_Ninja_2024/Team2_Selenium_Apr2024/src/test/resources/features/08batchValidation.feature:11)

</div> <!-- stack-trace -->
                  <em>
(Runs Cucumber Scenarios)                  </em>
                </div> <!-- method-content -->
              </div> <!-- method -->
              <div class="method">
                <div class="method-content">
                  <a name="runScenario(&quot;Check for error messages for invalid values in fields&quot;, &quot;Add New Batch Feature Validation&quot;)">
                  </a> <!-- runScenario("Check for error messages for invalid values in fields", "Add New Batch Feature Validation") -->
                  <span class="method-name">runScenario</span>
                  <span class="parameters">("Check for error messages for invalid values in fields","Add New Batch Feature Validation")</span>
                  <div class="stack-trace">org.openqa.selenium.NoSuchElementException: Unable to locate element: //small[@id=&apos;text-danger&apos;]
For documentation on this error, please visit: https://selenium.dev/exceptions/#no_such_element
Build info: version: &apos;4.8.1&apos;, revision: &apos;8ebccac989&apos;
System info: os.name: &apos;Windows 11&apos;, os.arch: &apos;amd64&apos;, os.version: &apos;10.0&apos;, java.version: &apos;19.0.2&apos;
Driver info: org.openqa.selenium.firefox.FirefoxDriver
Command: [fefb3e1d-81fe-4f47-9265-1a780fe991c6, findElement {using=xpath, value=//small[@id=&apos;text-danger&apos;]}]
Capabilities {acceptInsecureCerts: true, browserName: firefox, browserVersion: 125.0.2, moz:accessibilityChecks: false, moz:buildID: 20240419144423, moz:debuggerAddress: 127.0.0.1:37644, moz:geckodriverVersion: 0.31.0, moz:headless: false, moz:platformVersion: 10.0, moz:processID: 13132, moz:profile: C:\Users\manas\AppData\Loca..., moz:shutdownTimeout: 60000, moz:webdriverClick: true, moz:windowless: false, pageLoadStrategy: normal, platformName: WINDOWS, proxy: Proxy(), se:cdp: ws://127.0.0.1:37644/devtoo..., se:cdpVersion: 85.0, setWindowRect: true, strictFileInteractability: false, timeouts: {implicit: 0, pageLoad: 300000, script: 30000}, unhandledPromptBehavior: dismiss and notify, userAgent: Mozilla/5.0 (Windows NT 10....}
Session ID: fefb3e1d-81fe-4f47-9265-1a780fe991c6
	at java.base/jdk.internal.reflect.DirectConstructorHandleAccessor.newInstance(DirectConstructorHandleAccessor.java:67)
	at java.base/java.lang.reflect.Constructor.newInstanceWithCaller(Constructor.java:500)
	at java.base/java.lang.reflect.Constructor.newInstance(Constructor.java:484)
	at org.openqa.selenium.remote.codec.w3c.W3CHttpResponseCodec.createException(W3CHttpResponseCodec.java:200)
	at org.openqa.selenium.remote.codec.w3c.W3CHttpResponseCodec.decode(W3CHttpResponseCodec.java:133)
	at org.openqa.selenium.remote.codec.w3c.W3CHttpResponseCodec.decode(W3CHttpResponseCodec.java:53)
	at org.openqa.selenium.remote.HttpCommandExecutor.execute(HttpCommandExecutor.java:184)
	at org.openqa.selenium.remote.service.DriverCommandExecutor.invokeExecute(DriverCommandExecutor.java:167)
	at org.openqa.selenium.remote.service.DriverCommandExecutor.execute(DriverCommandExecutor.java:142)
	at org.openqa.selenium.remote.RemoteWebDriver.execute(RemoteWebDriver.java:543)
	at org.openqa.selenium.remote.ElementLocation$ElementFinder$2.findElement(ElementLocation.java:162)
	at org.openqa.selenium.remote.ElementLocation.findElement(ElementLocation.java:60)
	at org.openqa.selenium.remote.RemoteWebDriver.findElement(RemoteWebDriver.java:352)
	at org.openqa.selenium.remote.RemoteWebDriver.findElement(RemoteWebDriver.java:344)
	at pageObjectModel.Batch_PageObjects.errTextField(Batch_PageObjects.java:421)
	at stepDefinitions.Batch_StepDefinitions.admin_gets_a_error_message_alert_near_the_text_field(Batch_StepDefinitions.java:194)
	at ✽.Admin gets a Error message alert near the text field st(file:///C:/Numpy_Ninja_2024/Team2_Selenium_Apr2024/src/test/resources/features/09batchAdd.feature:50)

</div> <!-- stack-trace -->
                  <em>
(Runs Cucumber Scenarios)                  </em>
                </div> <!-- method-content -->
              </div> <!-- method -->
            </div> <!-- main-panel-content rounded-window-bottom -->
          </div> <!-- suite-Default_suite-class-failed -->
          <div class="suite-Default_suite-class-passed">
            <div class="main-panel-header rounded-window-top">
              <img src="passed.png"/>
              <span class="class-name">testRunner.TestRun</span>
            </div> <!-- main-panel-header rounded-window-top -->
            <div class="main-panel-content rounded-window-bottom">
              <div class="method">
                <div class="method-content">
                  <a name="runScenario(&quot;Validate pop up for adding batch&quot;, &quot;Batch Page Validation Feature&quot;)">
                  </a> <!-- runScenario("Validate pop up for adding batch", "Batch Page Validation Feature") -->
                  <span class="method-name">runScenario</span>
                  <span class="parameters">("Validate pop up for adding batch","Batch Page Validation Feature")</span>
                  <em>
(Runs Cucumber Scenarios)                  </em>
                </div> <!-- method-content -->
              </div> <!-- method -->
              <div class="method">
                <div class="method-content">
                  <a name="runScenario(&quot;Validate header in the Batch Page&quot;, &quot;Batch Page Validation Feature&quot;)">
                  </a> <!-- runScenario("Validate header in the Batch Page", "Batch Page Validation Feature") -->
                  <span class="method-name">runScenario</span>
                  <span class="parameters">("Validate header in the Batch Page","Batch Page Validation Feature")</span>
                  <em>
(Runs Cucumber Scenarios)                  </em>
                </div> <!-- method-content -->
              </div> <!-- method -->
              <div class="method">
                <div class="method-content">
                  <a name="runScenario(&quot;Check if the batch details are added in data table when description is blank&quot;, &quot;Add New Batch Featu...)">
                  </a> <!-- runScenario("Check if the batch details are added in data table when description is blank", "Add New Batch Featu...) -->
                  <span class="method-name">runScenario</span>
                  <span class="parameters">("Check if the batch details are added in data table when description is blank","Add New Batch Feature Validation")</span>
                  <em>
(Runs Cucumber Scenarios)                  </em>
                </div> <!-- method-content -->
              </div> <!-- method -->
              <div class="method">
                <div class="method-content">
                  <a name="runScenario(&quot;Check if pop up include the field- Name as text box&quot;, &quot;Add New Batch Feature Validation&quot;)">
                  </a> <!-- runScenario("Check if pop up include the field- Name as text box", "Add New Batch Feature Validation") -->
                  <span class="method-name">runScenario</span>
                  <span class="parameters">("Check if pop up include the field- Name as text box","Add New Batch Feature Validation")</span>
                  <em>
(Runs Cucumber Scenarios)                  </em>
                </div> <!-- method-content -->
              </div> <!-- method -->
              <div class="method">
                <div class="method-content">
                  <a name="runScenario(&quot;Validate data table headers in the Batch Page&quot;, &quot;Batch Page Validation Feature&quot;)">
                  </a> <!-- runScenario("Validate data table headers in the Batch Page", "Batch Page Validation Feature") -->
                  <span class="method-name">runScenario</span>
                  <span class="parameters">("Validate data table headers in the Batch Page","Batch Page Validation Feature")</span>
                  <em>
(Runs Cucumber Scenarios)                  </em>
                </div> <!-- method-content -->
              </div> <!-- method -->
              <div class="method">
                <div class="method-content">
                  <a name="runScenario(&quot;Check if the batch details are added in data table when no of classes is blank&quot;, &quot;Add New Batch Fea...)">
                  </a> <!-- runScenario("Check if the batch details are added in data table when no of classes is blank", "Add New Batch Fea...) -->
                  <span class="method-name">runScenario</span>
                  <span class="parameters">("Check if the batch details are added in data table when no of classes is blank","Add New Batch Feature Validation")</span>
                  <em>
(Runs Cucumber Scenarios)                  </em>
                </div> <!-- method-content -->
              </div> <!-- method -->
              <div class="method">
                <div class="method-content">
                  <a name="runScenario(&quot;Validate login with valid credentials&quot;, &quot;Login page Validation&quot;)">
                  </a> <!-- runScenario("Validate login with valid credentials", "Login page Validation") -->
                  <span class="method-name">runScenario</span>
                  <span class="parameters">("Validate login with valid credentials","Login page Validation")</span>
                  <em>
(Runs Cucumber Scenarios)                  </em>
                </div> <!-- method-content -->
              </div> <!-- method -->
              <div class="method">
                <div class="method-content">
                  <a name="runScenario(&quot;Validate Delete button in Batch Page&quot;, &quot;Batch Page Validation Feature&quot;)">
                  </a> <!-- runScenario("Validate Delete button in Batch Page", "Batch Page Validation Feature") -->
                  <span class="method-name">runScenario</span>
                  <span class="parameters">("Validate Delete button in Batch Page","Batch Page Validation Feature")</span>
                  <em>
(Runs Cucumber Scenarios)                  </em>
                </div> <!-- method-content -->
              </div> <!-- method -->
              <div class="method">
                <div class="method-content">
                  <a name="runScenario(&quot;Validate pagination in the Batch Page&quot;, &quot;Batch Page Validation Feature&quot;)">
                  </a> <!-- runScenario("Validate pagination in the Batch Page", "Batch Page Validation Feature") -->
                  <span class="method-name">runScenario</span>
                  <span class="parameters">("Validate pagination in the Batch Page","Batch Page Validation Feature")</span>
                  <em>
(Runs Cucumber Scenarios)                  </em>
                </div> <!-- method-content -->
              </div> <!-- method -->
              <div class="method">
                <div class="method-content">
                  <a name="runScenario(&quot;Validate row level edit icon&quot;, &quot;Edit Batch features&quot;)">
                  </a> <!-- runScenario("Validate row level edit icon", "Edit Batch features") -->
                  <span class="method-name">runScenario</span>
                  <span class="parameters">("Validate row level edit icon","Edit Batch features")</span>
                  <em>
(Runs Cucumber Scenarios)                  </em>
                </div> <!-- method-content -->
              </div> <!-- method -->
              <div class="method">
                <div class="method-content">
                  <a name="runScenario(&quot;Check if the fields are updated with valid values -Update the NoOfClasses&quot;, &quot;Edit Batch features&quot;)">
                  </a> <!-- runScenario("Check if the fields are updated with valid values -Update the NoOfClasses", "Edit Batch features") -->
                  <span class="method-name">runScenario</span>
                  <span class="parameters">("Check if the fields are updated with valid values -Update the NoOfClasses","Edit Batch features")</span>
                  <em>
(Runs Cucumber Scenarios)                  </em>
                </div> <!-- method-content -->
              </div> <!-- method -->
              <div class="method">
                <div class="method-content">
                  <a name="runScenario(&quot;Check if pop up include the field- Program Name as drop down&quot;, &quot;Add New Batch Feature Validation&quot;)">
                  </a> <!-- runScenario("Check if pop up include the field- Program Name as drop down", "Add New Batch Feature Validation") -->
                  <span class="method-name">runScenario</span>
                  <span class="parameters">("Check if pop up include the field- Program Name as drop down","Add New Batch Feature Validation")</span>
                  <em>
(Runs Cucumber Scenarios)                  </em>
                </div> <!-- method-content -->
              </div> <!-- method -->
              <div class="method">
                <div class="method-content">
                  <a name="runScenario(&quot;Validate the delete icon below the header&quot;, &quot;Delete Batch/Batches features&quot;)">
                  </a> <!-- runScenario("Validate the delete icon below the header", "Delete Batch/Batches features") -->
                  <span class="method-name">runScenario</span>
                  <span class="parameters">("Validate the delete icon below the header","Delete Batch/Batches features")</span>
                  <em>
(Runs Cucumber Scenarios)                  </em>
                </div> <!-- method-content -->
              </div> <!-- method -->
              <div class="method">
                <div class="method-content">
                  <a name="runScenario(&quot;Check if the batch details are added in data table when status is blank&quot;, &quot;Add New Batch Feature Va...)">
                  </a> <!-- runScenario("Check if the batch details are added in data table when status is blank", "Add New Batch Feature Va...) -->
                  <span class="method-name">runScenario</span>
                  <span class="parameters">("Check if the batch details are added in data table when status is blank","Add New Batch Feature Validation")</span>
                  <em>
(Runs Cucumber Scenarios)                  </em>
                </div> <!-- method-content -->
              </div> <!-- method -->
              <div class="method">
                <div class="method-content">
                  <a name="runScenario(&quot;Check if the batch details are added in data table when program name is blank&quot;, &quot;Add New Batch Feat...)">
                  </a> <!-- runScenario("Check if the batch details are added in data table when program name is blank", "Add New Batch Feat...) -->
                  <span class="method-name">runScenario</span>
                  <span class="parameters">("Check if the batch details are added in data table when program name is blank","Add New Batch Feature Validation")</span>
                  <em>
(Runs Cucumber Scenarios)                  </em>
                </div> <!-- method-content -->
              </div> <!-- method -->
              <div class="method">
                <div class="method-content">
                  <a name="runScenario(&quot;Check if pop up include the field- Status as radio button&quot;, &quot;Add New Batch Feature Validation&quot;)">
                  </a> <!-- runScenario("Check if pop up include the field- Status as radio button", "Add New Batch Feature Validation") -->
                  <span class="method-name">runScenario</span>
                  <span class="parameters">("Check if pop up include the field- Status as radio button","Add New Batch Feature Validation")</span>
                  <em>
(Runs Cucumber Scenarios)                  </em>
                </div> <!-- method-content -->
              </div> <!-- method -->
              <div class="method">
                <div class="method-content">
                  <a name="runScenario(&quot;Validate &quot;+ A New batch&quot; in Batch Page&quot;, &quot;Batch Page Validation Feature&quot;)">
                  </a> <!-- runScenario("Validate "+ A New batch" in Batch Page", "Batch Page Validation Feature") -->
                  <span class="method-name">runScenario</span>
                  <span class="parameters">("Validate "+ A New batch" in Batch Page","Batch Page Validation Feature")</span>
                  <em>
(Runs Cucumber Scenarios)                  </em>
                </div> <!-- method-content -->
              </div> <!-- method -->
              <div class="method">
                <div class="method-content">
                  <a name="runScenario(&quot;Validate data rows&quot;, &quot;Batch Page Validation Feature&quot;)">
                  </a> <!-- runScenario("Validate data rows", "Batch Page Validation Feature") -->
                  <span class="method-name">runScenario</span>
                  <span class="parameters">("Validate data rows","Batch Page Validation Feature")</span>
                  <em>
(Runs Cucumber Scenarios)                  </em>
                </div> <!-- method-content -->
              </div> <!-- method -->
              <div class="method">
                <div class="method-content">
                  <a name="runScenario(&quot;Check if the batch details are added in data table while creating new batch with valid values&quot;, &quot;Ad...)">
                  </a> <!-- runScenario("Check if the batch details are added in data table while creating new batch with valid values", "Ad...) -->
                  <span class="method-name">runScenario</span>
                  <span class="parameters">("Check if the batch details are added in data table while creating new batch with valid values","Add New Batch Feature Validation")</span>
                  <em>
(Runs Cucumber Scenarios)                  </em>
                </div> <!-- method-content -->
              </div> <!-- method -->
              <div class="method">
                <div class="method-content">
                  <a name="runScenario(&quot;Check if the batch details are added in data table when name is blank click&quot;, &quot;Add New Batch Featur...)">
                  </a> <!-- runScenario("Check if the batch details are added in data table when name is blank click", "Add New Batch Featur...) -->
                  <span class="method-name">runScenario</span>
                  <span class="parameters">("Check if the batch details are added in data table when name is blank click","Add New Batch Feature Validation")</span>
                  <em>
(Runs Cucumber Scenarios)                  </em>
                </div> <!-- method-content -->
              </div> <!-- method -->
              <div class="method">
                <div class="method-content">
                  <a name="runScenario(&quot;Check if the fields are updated with invalid values -Update the Description&quot;, &quot;Edit Batch features&quot;)">
                  </a> <!-- runScenario("Check if the fields are updated with invalid values -Update the Description", "Edit Batch features") -->
                  <span class="method-name">runScenario</span>
                  <span class="parameters">("Check if the fields are updated with invalid values -Update the Description","Edit Batch features")</span>
                  <em>
(Runs Cucumber Scenarios)                  </em>
                </div> <!-- method-content -->
              </div> <!-- method -->
              <div class="method">
                <div class="method-content">
                  <a name="runScenario(&quot;Check if pop up include the field- Number of classes as text box&quot;, &quot;Add New Batch Feature Validatio...)">
                  </a> <!-- runScenario("Check if pop up include the field- Number of classes as text box", "Add New Batch Feature Validatio...) -->
                  <span class="method-name">runScenario</span>
                  <span class="parameters">("Check if pop up include the field- Number of classes as text box","Add New Batch Feature Validation")</span>
                  <em>
(Runs Cucumber Scenarios)                  </em>
                </div> <!-- method-content -->
              </div> <!-- method -->
              <div class="method">
                <div class="method-content">
                  <a name="runScenario(&quot;Check if pop up include the field- Description as text box&quot;, &quot;Add New Batch Feature Validation&quot;)">
                  </a> <!-- runScenario("Check if pop up include the field- Description as text box", "Add New Batch Feature Validation") -->
                  <span class="method-name">runScenario</span>
                  <span class="parameters">("Check if pop up include the field- Description as text box","Add New Batch Feature Validation")</span>
                  <em>
(Runs Cucumber Scenarios)                  </em>
                </div> <!-- method-content -->
              </div> <!-- method -->
              <div class="method">
                <div class="method-content">
                  <a name="runScenario(&quot;Validate row level delete icon&quot;, &quot;Delete Batch/Batches features&quot;)">
                  </a> <!-- runScenario("Validate row level delete icon", "Delete Batch/Batches features") -->
                  <span class="method-name">runScenario</span>
                  <span class="parameters">("Validate row level delete icon","Delete Batch/Batches features")</span>
                  <em>
(Runs Cucumber Scenarios)                  </em>
                </div> <!-- method-content -->
              </div> <!-- method -->
              <div class="method">
                <div class="method-content">
                  <a name="runScenario(&quot;Validate data rows&quot;, &quot;Batch Page Validation Feature&quot;)">
                  </a> <!-- runScenario("Validate data rows", "Batch Page Validation Feature") -->
                  <span class="method-name">runScenario</span>
                  <span class="parameters">("Validate data rows","Batch Page Validation Feature")</span>
                  <em>
(Runs Cucumber Scenarios)                  </em>
                </div> <!-- method-content -->
              </div> <!-- method -->
              <div class="method">
                <div class="method-content">
                  <a name="runScenario(&quot;Validate data rows&quot;, &quot;Batch Page Validation Feature&quot;)">
                  </a> <!-- runScenario("Validate data rows", "Batch Page Validation Feature") -->
                  <span class="method-name">runScenario</span>
                  <span class="parameters">("Validate data rows","Batch Page Validation Feature")</span>
                  <em>
(Runs Cucumber Scenarios)                  </em>
                </div> <!-- method-content -->
              </div> <!-- method -->
              <div class="method">
                <div class="method-content">
                  <a name="runScenario(&quot;Check if the fields are updated with invalid values -Update the NoOfClasses&quot;, &quot;Edit Batch features&quot;)">
                  </a> <!-- runScenario("Check if the fields are updated with invalid values -Update the NoOfClasses", "Edit Batch features") -->
                  <span class="method-name">runScenario</span>
                  <span class="parameters">("Check if the fields are updated with invalid values -Update the NoOfClasses","Edit Batch features")</span>
                  <em>
(Runs Cucumber Scenarios)                  </em>
                </div> <!-- method-content -->
              </div> <!-- method -->
            </div> <!-- main-panel-content rounded-window-bottom -->
          </div> <!-- suite-Default_suite-class-passed -->
        </div> <!-- panel Default_suite -->
        <div panel-name="test-xml-Default_suite" class="panel">
          <div class="main-panel-header rounded-window-top">
            <span class="header-content">C:\Users\manas\AppData\Local\Temp\testng-eclipse-1392825826\testng-customsuite.xml</span>
          </div> <!-- main-panel-header rounded-window-top -->
          <div class="main-panel-content rounded-window-bottom">
            <pre>
&lt;?xml version=&quot;1.0&quot; encoding=&quot;UTF-8&quot;?&gt;
&lt;!DOCTYPE suite SYSTEM &quot;https://testng.org/testng-1.0.dtd&quot;&gt;
&lt;suite name=&quot;Default suite&quot; guice-stage=&quot;DEVELOPMENT&quot;&gt;
  &lt;test thread-count=&quot;5&quot; name=&quot;Default test&quot; verbose=&quot;2&quot;&gt;
    &lt;classes&gt;
      &lt;class name=&quot;testRunner.TestRun&quot;/&gt;
    &lt;/classes&gt;
  &lt;/test&gt; &lt;!-- Default test --&gt;
&lt;/suite&gt; &lt;!-- Default suite --&gt;
            </pre>
          </div> <!-- main-panel-content rounded-window-bottom -->
        </div> <!-- panel -->
        <div panel-name="testlist-Default_suite" class="panel">
          <div class="main-panel-header rounded-window-top">
            <span class="header-content">Tests for Default suite</span>
          </div> <!-- main-panel-header rounded-window-top -->
          <div class="main-panel-content rounded-window-bottom">
            <ul>
              <li>
                <span class="test-name">Default test (1 class)</span>
              </li>
            </ul>
          </div> <!-- main-panel-content rounded-window-bottom -->
        </div> <!-- panel -->
        <div panel-name="group-Default_suite" class="panel">
          <div class="main-panel-header rounded-window-top">
            <span class="header-content">Groups for Default suite</span>
          </div> <!-- main-panel-header rounded-window-top -->
          <div class="main-panel-content rounded-window-bottom">
            <div class="test-group">
              <span class="test-group-name">cucumber</span>
              <br/>
              <div class="method-in-group">
                <span class="method-in-group-name">runScenario</span>
                <br/>
              </div> <!-- method-in-group -->
            </div> <!-- test-group -->
          </div> <!-- main-panel-content rounded-window-bottom -->
        </div> <!-- panel -->
        <div panel-name="times-Default_suite" class="panel">
          <div class="main-panel-header rounded-window-top">
            <span class="header-content">Times for Default suite</span>
          </div> <!-- main-panel-header rounded-window-top -->
          <div class="main-panel-content rounded-window-bottom">
            <div class="times-div">
              <script type="text/javascript">
suiteTableInitFunctions.push('tableData_Default_suite');
function tableData_Default_suite() {
var data = new google.visualization.DataTable();
data.addColumn('number', 'Number');
data.addColumn('string', 'Method');
data.addColumn('string', 'Class');
data.addColumn('number', 'Time (ms)');
data.addRows(43);
data.setCell(0, 0, 0)
data.setCell(0, 1, 'runScenario')
data.setCell(0, 2, 'testRunner.TestRun')
data.setCell(0, 3, 16306);
data.setCell(1, 0, 1)
data.setCell(1, 1, 'runScenario')
data.setCell(1, 2, 'testRunner.TestRun')
data.setCell(1, 3, 15562);
data.setCell(2, 0, 2)
data.setCell(2, 1, 'runScenario')
data.setCell(2, 2, 'testRunner.TestRun')
data.setCell(2, 3, 12785);
data.setCell(3, 0, 3)
data.setCell(3, 1, 'runScenario')
data.setCell(3, 2, 'testRunner.TestRun')
data.setCell(3, 3, 10572);
data.setCell(4, 0, 4)
data.setCell(4, 1, 'runScenario')
data.setCell(4, 2, 'testRunner.TestRun')
data.setCell(4, 3, 7709);
data.setCell(5, 0, 5)
data.setCell(5, 1, 'runScenario')
data.setCell(5, 2, 'testRunner.TestRun')
data.setCell(5, 3, 7526);
data.setCell(6, 0, 6)
data.setCell(6, 1, 'runScenario')
data.setCell(6, 2, 'testRunner.TestRun')
data.setCell(6, 3, 7470);
data.setCell(7, 0, 7)
data.setCell(7, 1, 'runScenario')
data.setCell(7, 2, 'testRunner.TestRun')
data.setCell(7, 3, 7275);
data.setCell(8, 0, 8)
data.setCell(8, 1, 'runScenario')
data.setCell(8, 2, 'testRunner.TestRun')
data.setCell(8, 3, 7257);
data.setCell(9, 0, 9)
data.setCell(9, 1, 'runScenario')
data.setCell(9, 2, 'testRunner.TestRun')
data.setCell(9, 3, 7244);
data.setCell(10, 0, 10)
data.setCell(10, 1, 'runScenario')
data.setCell(10, 2, 'testRunner.TestRun')
data.setCell(10, 3, 7206);
data.setCell(11, 0, 11)
data.setCell(11, 1, 'runScenario')
data.setCell(11, 2, 'testRunner.TestRun')
data.setCell(11, 3, 7167);
data.setCell(12, 0, 12)
data.setCell(12, 1, 'runScenario')
data.setCell(12, 2, 'testRunner.TestRun')
data.setCell(12, 3, 7066);
data.setCell(13, 0, 13)
data.setCell(13, 1, 'runScenario')
data.setCell(13, 2, 'testRunner.TestRun')
data.setCell(13, 3, 7042);
data.setCell(14, 0, 14)
data.setCell(14, 1, 'runScenario')
data.setCell(14, 2, 'testRunner.TestRun')
data.setCell(14, 3, 6589);
data.setCell(15, 0, 15)
data.setCell(15, 1, 'runScenario')
data.setCell(15, 2, 'testRunner.TestRun')
data.setCell(15, 3, 6516);
data.setCell(16, 0, 16)
data.setCell(16, 1, 'runScenario')
data.setCell(16, 2, 'testRunner.TestRun')
data.setCell(16, 3, 5015);
data.setCell(17, 0, 17)
data.setCell(17, 1, 'runScenario')
data.setCell(17, 2, 'testRunner.TestRun')
data.setCell(17, 3, 3286);
data.setCell(18, 0, 18)
data.setCell(18, 1, 'runScenario')
data.setCell(18, 2, 'testRunner.TestRun')
data.setCell(18, 3, 2625);
data.setCell(19, 0, 19)
data.setCell(19, 1, 'runScenario')
data.setCell(19, 2, 'testRunner.TestRun')
data.setCell(19, 3, 2189);
data.setCell(20, 0, 20)
data.setCell(20, 1, 'runScenario')
data.setCell(20, 2, 'testRunner.TestRun')
data.setCell(20, 3, 2105);
data.setCell(21, 0, 21)
data.setCell(21, 1, 'runScenario')
data.setCell(21, 2, 'testRunner.TestRun')
data.setCell(21, 3, 2033);
data.setCell(22, 0, 22)
data.setCell(22, 1, 'runScenario')
data.setCell(22, 2, 'testRunner.TestRun')
data.setCell(22, 3, 1892);
data.setCell(23, 0, 23)
data.setCell(23, 1, 'runScenario')
data.setCell(23, 2, 'testRunner.TestRun')
data.setCell(23, 3, 1724);
data.setCell(24, 0, 24)
data.setCell(24, 1, 'runScenario')
data.setCell(24, 2, 'testRunner.TestRun')
data.setCell(24, 3, 1699);
data.setCell(25, 0, 25)
data.setCell(25, 1, 'runScenario')
data.setCell(25, 2, 'testRunner.TestRun')
data.setCell(25, 3, 1636);
data.setCell(26, 0, 26)
data.setCell(26, 1, 'runScenario')
data.setCell(26, 2, 'testRunner.TestRun')
data.setCell(26, 3, 1466);
data.setCell(27, 0, 27)
data.setCell(27, 1, 'runScenario')
data.setCell(27, 2, 'testRunner.TestRun')
data.setCell(27, 3, 1462);
data.setCell(28, 0, 28)
data.setCell(28, 1, 'runScenario')
data.setCell(28, 2, 'testRunner.TestRun')
data.setCell(28, 3, 1443);
data.setCell(29, 0, 29)
data.setCell(29, 1, 'runScenario')
data.setCell(29, 2, 'testRunner.TestRun')
data.setCell(29, 3, 1434);
data.setCell(30, 0, 30)
data.setCell(30, 1, 'runScenario')
data.setCell(30, 2, 'testRunner.TestRun')
data.setCell(30, 3, 1421);
data.setCell(31, 0, 31)
data.setCell(31, 1, 'runScenario')
data.setCell(31, 2, 'testRunner.TestRun')
data.setCell(31, 3, 1380);
data.setCell(32, 0, 32)
data.setCell(32, 1, 'runScenario')
data.setCell(32, 2, 'testRunner.TestRun')
data.setCell(32, 3, 1365);
data.setCell(33, 0, 33)
data.setCell(33, 1, 'runScenario')
data.setCell(33, 2, 'testRunner.TestRun')
data.setCell(33, 3, 1345);
data.setCell(34, 0, 34)
data.setCell(34, 1, 'runScenario')
data.setCell(34, 2, 'testRunner.TestRun')
data.setCell(34, 3, 1342);
data.setCell(35, 0, 35)
data.setCell(35, 1, 'runScenario')
data.setCell(35, 2, 'testRunner.TestRun')
data.setCell(35, 3, 1309);
data.setCell(36, 0, 36)
data.setCell(36, 1, 'runScenario')
data.setCell(36, 2, 'testRunner.TestRun')
data.setCell(36, 3, 1248);
data.setCell(37, 0, 37)
data.setCell(37, 1, 'runScenario')
data.setCell(37, 2, 'testRunner.TestRun')
data.setCell(37, 3, 1247);
data.setCell(38, 0, 38)
data.setCell(38, 1, 'runScenario')
data.setCell(38, 2, 'testRunner.TestRun')
data.setCell(38, 3, 1240);
data.setCell(39, 0, 39)
data.setCell(39, 1, 'runScenario')
data.setCell(39, 2, 'testRunner.TestRun')
data.setCell(39, 3, 1213);
data.setCell(40, 0, 40)
data.setCell(40, 1, 'runScenario')
data.setCell(40, 2, 'testRunner.TestRun')
data.setCell(40, 3, 1153);
data.setCell(41, 0, 41)
data.setCell(41, 1, 'runScenario')
data.setCell(41, 2, 'testRunner.TestRun')
data.setCell(41, 3, 1073);
data.setCell(42, 0, 42)
data.setCell(42, 1, 'runScenario')
data.setCell(42, 2, 'testRunner.TestRun')
data.setCell(42, 3, 885);
window.suiteTableData['Default_suite']= { tableData: data, tableDiv: 'times-div-Default_suite'}
return data;
}
              </script>
              <span class="suite-total-time">Total running time: 3 minutes</span>
              <div id="times-div-Default_suite">
              </div> <!-- times-div-Default_suite -->
            </div> <!-- times-div -->
          </div> <!-- main-panel-content rounded-window-bottom -->
        </div> <!-- panel -->
        <div panel-name="reporter-Default_suite" class="panel">
          <div class="main-panel-header rounded-window-top">
            <span class="header-content">Reporter output for Default suite</span>
          </div> <!-- main-panel-header rounded-window-top -->
          <div class="main-panel-content rounded-window-bottom">
          </div> <!-- main-panel-content rounded-window-bottom -->
        </div> <!-- panel -->
        <div panel-name="ignored-methods-Default_suite" class="panel">
          <div class="main-panel-header rounded-window-top">
            <span class="header-content">0 ignored methods</span>
          </div> <!-- main-panel-header rounded-window-top -->
          <div class="main-panel-content rounded-window-bottom">
          </div> <!-- main-panel-content rounded-window-bottom -->
        </div> <!-- panel -->
        <div panel-name="chronological-Default_suite" class="panel">
          <div class="main-panel-header rounded-window-top">
            <span class="header-content">Methods in chronological order</span>
          </div> <!-- main-panel-header rounded-window-top -->
          <div class="main-panel-content rounded-window-bottom">
            <div class="chronological-class">
              <div class="chronological-class-name">testRunner.TestRun</div> <!-- chronological-class-name -->
              <div class="configuration-class before">
                <span class="method-name">setUpClass(org.testng.TestRunner@4ebd3d4c)</span>
                <span class="method-start">0 ms</span>
              </div> <!-- configuration-class before -->
              <div class="test-method">
                <span class="method-name">runScenario("Validate login with valid credentials", "Login page Validation")</span>
                <span class="method-start">5630 ms</span>
              </div> <!-- test-method -->
              <div class="test-method">
                <img src="failed.png">
                </img>
                <span class="method-name">runScenario("Validate landing in Batch page", "Batch Page Validation Feature")</span>
                <span class="method-start">10654 ms</span>
              </div> <!-- test-method -->
              <div class="test-method">
                <span class="method-name">runScenario("Validate header in the Batch Page", "Batch Page Validation Feature")</span>
                <span class="method-start">12359 ms</span>
              </div> <!-- test-method -->
              <div class="test-method">
                <span class="method-name">runScenario("Validate pagination in the Batch Page", "Batch Page Validation Feature")</span>
                <span class="method-start">14260 ms</span>
              </div> <!-- test-method -->
              <div class="test-method">
                <span class="method-name">runScenario("Validate data table headers in the Batch Page", "Batch Page Validation Feature")</span>
                <span class="method-start">15684 ms</span>
              </div> <!-- test-method -->
              <div class="test-method">
                <span class="method-name">runScenario("Validate Delete button in Batch Page", "Batch Page Validation Feature")</span>
                <span class="method-start">16934 ms</span>
              </div> <!-- test-method -->
              <div class="test-method">
                <span class="method-name">runScenario("Validate "+ A New batch" in Batch Page", "Batch Page Validation Feature")</span>
                <span class="method-start">18013 ms</span>
              </div> <!-- test-method -->
              <div class="test-method">
                <span class="method-name">runScenario("Validate data rows", "Batch Page Validation Feature")</span>
                <span class="method-start">19325 ms</span>
              </div> <!-- test-method -->
              <div class="test-method">
                <span class="method-name">runScenario("Validate data rows", "Batch Page Validation Feature")</span>
                <span class="method-start">20549 ms</span>
              </div> <!-- test-method -->
              <div class="test-method">
                <span class="method-name">runScenario("Validate data rows", "Batch Page Validation Feature")</span>
                <span class="method-start">21705 ms</span>
              </div> <!-- test-method -->
              <div class="test-method">
                <span class="method-name">runScenario("Validate pop up for adding batch", "Batch Page Validation Feature")</span>
                <span class="method-start">23075 ms</span>
              </div> <!-- test-method -->
              <div class="test-method">
                <span class="method-name">runScenario("Check if pop up include the field- Name as text box", "Add New Batch Feature Validation")</span>
                <span class="method-start">24541 ms</span>
              </div> <!-- test-method -->
              <div class="test-method">
                <span class="method-name">runScenario("Check if pop up include the field- Number of classes as text box", "Add New Batch Feature Validatio...)</span>
                <span class="method-start">25988 ms</span>
              </div> <!-- test-method -->
              <div class="test-method">
                <span class="method-name">runScenario("Check if pop up include the field- Description as text box", "Add New Batch Feature Validation")</span>
                <span class="method-start">27336 ms</span>
              </div> <!-- test-method -->
              <div class="test-method">
                <span class="method-name">runScenario("Check if pop up include the field- Program Name as drop down", "Add New Batch Feature Validation")</span>
                <span class="method-start">28981 ms</span>
              </div> <!-- test-method -->
              <div class="test-method">
                <span class="method-name">runScenario("Check if pop up include the field- Status as radio button", "Add New Batch Feature Validation")</span>
                <span class="method-start">30332 ms</span>
              </div> <!-- test-method -->
              <div class="test-method">
                <img src="failed.png">
                </img>
                <span class="method-name">runScenario("Check if description is optional field while creating new batch", "Add New Batch Feature Validation...)</span>
                <span class="method-start">31769 ms</span>
              </div> <!-- test-method -->
              <div class="test-method">
                <span class="method-name">runScenario("Check if the batch details are added in data table while creating new batch with valid values", "Ad...)</span>
                <span class="method-start">42343 ms</span>
              </div> <!-- test-method -->
              <div class="test-method">
                <img src="failed.png">
                </img>
                <span class="method-name">runScenario("Check for error messages for invalid values in fields", "Add New Batch Feature Validation")</span>
                <span class="method-start">58655 ms</span>
              </div> <!-- test-method -->
              <div class="test-method">
                <img src="failed.png">
                </img>
                <span class="method-name">runScenario("Check for error messages for invalid values in fields", "Add New Batch Feature Validation")</span>
                <span class="method-start">66129 ms</span>
              </div> <!-- test-method -->
              <div class="test-method">
                <img src="failed.png">
                </img>
                <span class="method-name">runScenario("Check for error messages for invalid values in fields", "Add New Batch Feature Validation")</span>
                <span class="method-start">73377 ms</span>
              </div> <!-- test-method -->
              <div class="test-method">
                <img src="failed.png">
                </img>
                <span class="method-name">runScenario("Check for error messages for invalid values in fields", "Add New Batch Feature Validation")</span>
                <span class="method-start">80637 ms</span>
              </div> <!-- test-method -->
              <div class="test-method">
                <img src="failed.png">
                </img>
                <span class="method-name">runScenario("Check for error messages for invalid values in fields", "Add New Batch Feature Validation")</span>
                <span class="method-start">87915 ms</span>
              </div> <!-- test-method -->
              <div class="test-method">
                <img src="failed.png">
                </img>
                <span class="method-name">runScenario("Check for error messages for invalid values in fields", "Add New Batch Feature Validation")</span>
                <span class="method-start">95085 ms</span>
              </div> <!-- test-method -->
              <div class="test-method">
                <span class="method-name">runScenario("Check if the batch details are added in data table when name is blank click", "Add New Batch Featur...)</span>
                <span class="method-start">102295 ms</span>
              </div> <!-- test-method -->
              <div class="test-method">
                <span class="method-name">runScenario("Check if the batch details are added in data table when description is blank", "Add New Batch Featu...)</span>
                <span class="method-start">104486 ms</span>
              </div> <!-- test-method -->
              <div class="test-method">
                <span class="method-name">runScenario("Check if the batch details are added in data table when program name is blank", "Add New Batch Feat...)</span>
                <span class="method-start">106595 ms</span>
              </div> <!-- test-method -->
              <div class="test-method">
                <span class="method-name">runScenario("Check if the batch details are added in data table when status is blank", "Add New Batch Feature Va...)</span>
                <span class="method-start">108320 ms</span>
              </div> <!-- test-method -->
              <div class="test-method">
                <span class="method-name">runScenario("Check if the batch details are added in data table when no of classes is blank", "Add New Batch Fea...)</span>
                <span class="method-start">110354 ms</span>
              </div> <!-- test-method -->
              <div class="test-method">
                <span class="method-name">runScenario("Validate row level edit icon", "Edit Batch features")</span>
                <span class="method-start">113642 ms</span>
              </div> <!-- test-method -->
              <div class="test-method">
                <img src="failed.png">
                </img>
                <span class="method-name">runScenario("Check if the fields are updated with valid values -Update the Description", "Edit Batch features")</span>
                <span class="method-start">114891 ms</span>
              </div> <!-- test-method -->
              <div class="test-method">
                <span class="method-name">runScenario("Check if the fields are updated with valid values -Update the NoOfClasses", "Edit Batch features")</span>
                <span class="method-start">130455 ms</span>
              </div> <!-- test-method -->
              <div class="test-method">
                <img src="failed.png">
                </img>
                <span class="method-name">runScenario("Check if the fields are updated -Update the Status", "Edit Batch features")</span>
                <span class="method-start">131925 ms</span>
              </div> <!-- test-method -->
              <div class="test-method">
                <span class="method-name">runScenario("Check if the fields are updated with invalid values -Update the Description", "Edit Batch features")</span>
                <span class="method-start">133308 ms</span>
              </div> <!-- test-method -->
              <div class="test-method">
                <span class="method-name">runScenario("Check if the fields are updated with invalid values -Update the NoOfClasses", "Edit Batch features")</span>
                <span class="method-start">140836 ms</span>
              </div> <!-- test-method -->
              <div class="test-method">
                <img src="failed.png">
                </img>
                <span class="method-name">runScenario("Check if you get error message when mandatory fields are erased -NoOfClasses", "Edit Batch features...)</span>
                <span class="method-start">143463 ms</span>
              </div> <!-- test-method -->
              <div class="test-method">
                <img src="failed.png">
                </img>
                <span class="method-name">runScenario("Check if description field is optional in update", "Edit Batch features")</span>
                <span class="method-start">151173 ms</span>
              </div> <!-- test-method -->
              <div class="test-method">
                <span class="method-name">runScenario("Validate row level delete icon", "Delete Batch/Batches features")</span>
                <span class="method-start">163960 ms</span>
              </div> <!-- test-method -->
              <div class="test-method">
                <img src="failed.png">
                </img>
                <span class="method-name">runScenario("Validate accept alert", "Delete Batch/Batches features")</span>
                <span class="method-start">165201 ms</span>
              </div> <!-- test-method -->
              <div class="test-method">
                <img src="failed.png">
                </img>
                <span class="method-name">runScenario("Validate reject alert", "Delete Batch/Batches features")</span>
                <span class="method-start">171719 ms</span>
              </div> <!-- test-method -->
              <div class="test-method">
                <span class="method-name">runScenario("Validate the delete icon below the header", "Delete Batch/Batches features")</span>
                <span class="method-start">178310 ms</span>
              </div> <!-- test-method -->
              <div class="test-method">
                <img src="failed.png">
                </img>
                <span class="method-name">runScenario("Check for single row delete", "Delete Batch/Batches features")</span>
                <span class="method-start">179198 ms</span>
              </div> <!-- test-method -->
              <div class="test-method">
                <img src="failed.png">
                </img>
                <span class="method-name">runScenario("Check for multi row delete", "Delete Batch/Batches features")</span>
                <span class="method-start">186243 ms</span>
              </div> <!-- test-method -->
              <div class="configuration-class after">
                <img src="failed.png">
                </img>
                <span class="method-name">tearDownClass</span>
                <span class="method-start">193314 ms</span>
              </div> <!-- configuration-class after -->
          </div> <!-- main-panel-content rounded-window-bottom -->
        </div> <!-- panel -->
      </div> <!-- main-panel-root -->
    </div> <!-- wrapper -->
  </body>
<script type="text/javascript" src="testng-reports2.js"></script>
</html>
